[ 2016-06-18T14:34:21+08:00 ] ::1 /bnuzbroadcast/Home/host2
INFO: [ app_init ] --START--
INFO: Run Behavior\BuildLiteBehavior [ RunTime:0.000044s ]
INFO: [ app_init ] --END-- [ RunTime:0.001721s ]
INFO: [ app_begin ] --START--
INFO: Run Behavior\ReadHtmlCacheBehavior [ RunTime:0.001186s ]
INFO: [ app_begin ] --END-- [ RunTime:0.001424s ]
NOTIC: [8] Undefined index: username C:\wamp\www\bnuzbroadcast\Application\Home\Controller\Host2Controller.class.php 第 7 行.
NOTIC: [8] Use of undefined constant 登陆 - assumed '登陆' C:\wamp\www\bnuzbroadcast\Application\Home\Controller\Host2Controller.class.php 第 11 行.
NOTIC: [8] Use of undefined constant 注册 - assumed '注册' C:\wamp\www\bnuzbroadcast\Application\Home\Controller\Host2Controller.class.php 第 11 行.
NOTIC: [2] Missing argument 1 for Think\Controller::show(), called in C:\wamp\www\bnuzbroadcast\Application\Home\Controller\Host2Controller.class.php on line 15 and defined C:\wamp\www\bnuzbroadcast\ThinkPHP\Library\Think\Controller.class.php 第 68 行.
NOTIC: [8] Undefined variable: content C:\wamp\www\bnuzbroadcast\ThinkPHP\Library\Think\Controller.class.php 第 69 行.
INFO: [ view_parse ] --START--
INFO: [ template_filter ] --START--
INFO: Run Behavior\ContentReplaceBehavior [ RunTime:0.002339s ]
INFO: [ template_filter ] --END-- [ RunTime:0.002613s ]
INFO: Run Behavior\ParseTemplateBehavior [ RunTime:0.044134s ]
INFO: [ view_parse ] --END-- [ RunTime:0.044432s ]
INFO: [ view_filter ] --START--
INFO: Run Behavior\WriteHtmlCacheBehavior [ RunTime:0.001435s ]
INFO: [ view_filter ] --END-- [ RunTime:0.001647s ]
INFO: [ app_end ] --START--
INFO: Run Behavior\ShowPageTraceBehavior [ RunTime:0.001207s ]
INFO: [ app_end ] --END-- [ RunTime:0.001406s ]

[ 2016-06-18T14:34:28+08:00 ] ::1 /bnuzbroadcast/index.php/Home/Host2/hcomment.html
INFO: [ app_init ] --START--
INFO: Run Behavior\BuildLiteBehavior [ RunTime:0.000060s ]
INFO: [ app_init ] --END-- [ RunTime:0.000685s ]
INFO: [ app_begin ] --START--
INFO: Run Behavior\ReadHtmlCacheBehavior [ RunTime:0.000806s ]
INFO: [ app_begin ] --END-- [ RunTime:0.000996s ]
SQL: SHOW COLUMNS FROM `t_hcomment` [ RunTime:0.0220s ]
NOTIC: [8] Undefined index: validate C:\wamp\www\bnuzbroadcast\ThinkPHP\Library\Think\Model.class.php 第 1185 行.
NOTIC: [8] Undefined index: auto C:\wamp\www\bnuzbroadcast\ThinkPHP\Library\Think\Model.class.php 第 1128 行.
SQL: INSERT INTO `t_hcomment` (`hostname`) VALUES ('mayuqing') [ RunTime:0.0155s ]
INFO: [ app_end ] --START--
INFO: Run Behavior\ShowPageTraceBehavior [ RunTime:0.000957s ]
INFO: [ app_end ] --END-- [ RunTime:0.001132s ]

[ 2016-06-18T14:34:56+08:00 ] ::1 /bnuzbroadcast/Home/host2
INFO: [ app_init ] --START--
INFO: Run Behavior\BuildLiteBehavior [ RunTime:0.000042s ]
INFO: [ app_init ] --END-- [ RunTime:0.001065s ]
INFO: [ app_begin ] --START--
INFO: Run Behavior\ReadHtmlCacheBehavior [ RunTime:0.002114s ]
INFO: [ app_begin ] --END-- [ RunTime:0.002431s ]
NOTIC: [8] Undefined index: username C:\wamp\www\bnuzbroadcast\Application\Home\Controller\Host2Controller.class.php 第 7 行.
NOTIC: [8] Use of undefined constant 登陆 - assumed '登陆' C:\wamp\www\bnuzbroadcast\Application\Home\Controller\Host2Controller.class.php 第 11 行.
NOTIC: [8] Use of undefined constant 注册 - assumed '注册' C:\wamp\www\bnuzbroadcast\Application\Home\Controller\Host2Controller.class.php 第 11 行.
NOTIC: [2] Missing argument 1 for Think\Controller::show(), called in C:\wamp\www\bnuzbroadcast\Application\Home\Controller\Host2Controller.class.php on line 15 and defined C:\wamp\www\bnuzbroadcast\ThinkPHP\Library\Think\Controller.class.php 第 68 行.
NOTIC: [8] Undefined variable: content C:\wamp\www\bnuzbroadcast\ThinkPHP\Library\Think\Controller.class.php 第 69 行.
INFO: [ view_parse ] --START--
INFO: [ template_filter ] --START--
INFO: Run Behavior\ContentReplaceBehavior [ RunTime:0.000751s ]
INFO: [ template_filter ] --END-- [ RunTime:0.000987s ]
INFO: Run Behavior\ParseTemplateBehavior [ RunTime:0.040960s ]
INFO: [ view_parse ] --END-- [ RunTime:0.041245s ]
INFO: [ view_filter ] --START--
INFO: Run Behavior\WriteHtmlCacheBehavior [ RunTime:0.001878s ]
INFO: [ view_filter ] --END-- [ RunTime:0.002080s ]
INFO: [ app_end ] --START--
INFO: Run Behavior\ShowPageTraceBehavior [ RunTime:0.002151s ]
INFO: [ app_end ] --END-- [ RunTime:0.002503s ]

[ 2016-06-18T14:34:58+08:00 ] ::1 /bnuzbroadcast/index.php/Home/Host2/hcomment.html
INFO: [ app_init ] --START--
INFO: Run Behavior\BuildLiteBehavior [ RunTime:0.000057s ]
INFO: [ app_init ] --END-- [ RunTime:0.000880s ]
INFO: [ app_begin ] --START--
INFO: Run Behavior\ReadHtmlCacheBehavior [ RunTime:0.001636s ]
INFO: [ app_begin ] --END-- [ RunTime:0.001848s ]
SQL: SHOW COLUMNS FROM `t_hcomment` [ RunTime:0.0031s ]
NOTIC: [8] Undefined index: validate C:\wamp\www\bnuzbroadcast\ThinkPHP\Library\Think\Model.class.php 第 1185 行.
NOTIC: [8] Undefined index: auto C:\wamp\www\bnuzbroadcast\ThinkPHP\Library\Think\Model.class.php 第 1128 行.
SQL: INSERT INTO `t_hcomment` (`hostname`) VALUES ('mayuqing') [ RunTime:0.0052s ]
INFO: [ app_end ] --START--
INFO: Run Behavior\ShowPageTraceBehavior [ RunTime:0.002125s ]
INFO: [ app_end ] --END-- [ RunTime:0.002467s ]

[ 2016-06-18T14:36:10+08:00 ] ::1 /bnuzbroadcast/index.php/Home/Host2/hcomment.html
INFO: [ app_init ] --START--
INFO: Run Behavior\BuildLiteBehavior [ RunTime:0.000068s ]
INFO: [ app_init ] --END-- [ RunTime:0.001209s ]
INFO: [ app_begin ] --START--
INFO: Run Behavior\ReadHtmlCacheBehavior [ RunTime:0.001981s ]
INFO: [ app_begin ] --END-- [ RunTime:0.002261s ]
SQL: SHOW COLUMNS FROM `t_hcomment` [ RunTime:0.0033s ]
NOTIC: [8] Undefined index: validate C:\wamp\www\bnuzbroadcast\ThinkPHP\Library\Think\Model.class.php 第 1185 行.
NOTIC: [8] Undefined index: auto C:\wamp\www\bnuzbroadcast\ThinkPHP\Library\Think\Model.class.php 第 1128 行.
SQL: INSERT INTO `t_hcomment` (`hostname`) VALUES ('mayuqing') [ RunTime:0.0019s ]
INFO: [ app_end ] --START--
INFO: Run Behavior\ShowPageTraceBehavior [ RunTime:0.002001s ]
INFO: [ app_end ] --END-- [ RunTime:0.002260s ]

[ 2016-06-18T14:38:21+08:00 ] ::1 /bnuzbroadcast/index.php/Home/Host2/hcomment.html
INFO: [ app_init ] --START--
INFO: Run Behavior\BuildLiteBehavior [ RunTime:0.000065s ]
INFO: [ app_init ] --END-- [ RunTime:0.001143s ]
INFO: [ app_begin ] --START--
INFO: Run Behavior\ReadHtmlCacheBehavior [ RunTime:0.000961s ]
INFO: [ app_begin ] --END-- [ RunTime:0.001226s ]

[ 2016-06-18T14:40:08+08:00 ] ::1 /bnuzbroadcast/index.php/Home/Host2/hcomment.html
INFO: [ app_init ] --START--
INFO: Run Behavior\BuildLiteBehavior [ RunTime:0.000039s ]
INFO: [ app_init ] --END-- [ RunTime:0.000872s ]
INFO: [ app_begin ] --START--
INFO: Run Behavior\ReadHtmlCacheBehavior [ RunTime:0.002624s ]
INFO: [ app_begin ] --END-- [ RunTime:0.002991s ]

[ 2016-06-18T14:40:42+08:00 ] ::1 /bnuzbroadcast/index.php/Home/Host2/hcomment.html
INFO: [ app_init ] --START--
INFO: Run Behavior\BuildLiteBehavior [ RunTime:0.000038s ]
INFO: [ app_init ] --END-- [ RunTime:0.000653s ]
INFO: [ app_begin ] --START--
INFO: Run Behavior\ReadHtmlCacheBehavior [ RunTime:0.001049s ]
INFO: [ app_begin ] --END-- [ RunTime:0.001292s ]
SQL: SHOW COLUMNS FROM `t_hcomment` [ RunTime:0.0034s ]
NOTIC: [8] Use of undefined constant hcommentcontent - assumed 'hcommentcontent' C:\wamp\www\bnuzbroadcast\Application\Home\Controller\Host2Controller.class.php 第 27 行.
NOTIC: [8] Use of undefined constant userid - assumed 'userid' C:\wamp\www\bnuzbroadcast\Application\Home\Controller\Host2Controller.class.php 第 28 行.
NOTIC: [8] Use of undefined constant hcommentdate - assumed 'hcommentdate' C:\wamp\www\bnuzbroadcast\Application\Home\Controller\Host2Controller.class.php 第 29 行.
NOTIC: [8] Use of undefined constant hostname - assumed 'hostname' C:\wamp\www\bnuzbroadcast\Application\Home\Controller\Host2Controller.class.php 第 30 行.
ERR: 1452:Cannot add or update a child row: a foreign key constraint fails (`t_bnuzbroadcast`.`t_hcomment`, CONSTRAINT `FK_Reference_7` FOREIGN KEY (`userId`) REFERENCES `t_user` (`userId`))
 [ SQL语句 ] : INSERT INTO `t_hcomment` (`hcommentcontent`,`userid`,`hcommentdate`,`hostname`) VALUES ('312','1','2016-06-18 14:40:42','mayuqing')
ERR: 1452:Cannot add or update a child row: a foreign key constraint fails (`t_bnuzbroadcast`.`t_hcomment`, CONSTRAINT `FK_Reference_7` FOREIGN KEY (`userId`) REFERENCES `t_user` (`userId`))
 [ SQL语句 ] : INSERT INTO `t_hcomment` (`hcommentcontent`,`userid`,`hcommentdate`,`hostname`) VALUES ('312','1','2016-06-18 14:40:42','mayuqing')

[ 2016-06-18T14:41:10+08:00 ] ::1 /bnuzbroadcast/index.php/Home/login/index.html
INFO: [ app_init ] --START--
INFO: Run Behavior\BuildLiteBehavior [ RunTime:0.000039s ]
INFO: [ app_init ] --END-- [ RunTime:0.000668s ]
INFO: [ app_begin ] --START--
INFO: Run Behavior\ReadHtmlCacheBehavior [ RunTime:0.000945s ]
INFO: [ app_begin ] --END-- [ RunTime:0.001136s ]
NOTIC: [8] Undefined index: username C:\wamp\www\bnuzbroadcast\Application\Home\Controller\LoginController.class.php 第 7 行.
NOTIC: [8] Use of undefined constant 登陆 - assumed '登陆' C:\wamp\www\bnuzbroadcast\Application\Home\Controller\LoginController.class.php 第 11 行.
NOTIC: [8] Use of undefined constant 注册 - assumed '注册' C:\wamp\www\bnuzbroadcast\Application\Home\Controller\LoginController.class.php 第 11 行.
NOTIC: [2] Missing argument 1 for Think\Controller::show(), called in C:\wamp\www\bnuzbroadcast\Application\Home\Controller\LoginController.class.php on line 15 and defined C:\wamp\www\bnuzbroadcast\ThinkPHP\Library\Think\Controller.class.php 第 68 行.
NOTIC: [8] Undefined variable: content C:\wamp\www\bnuzbroadcast\ThinkPHP\Library\Think\Controller.class.php 第 69 行.
INFO: [ view_parse ] --START--
INFO: [ template_filter ] --START--
INFO: Run Behavior\ContentReplaceBehavior [ RunTime:0.000130s ]
INFO: [ template_filter ] --END-- [ RunTime:0.000340s ]
INFO: Run Behavior\ParseTemplateBehavior [ RunTime:0.016386s ]
INFO: [ view_parse ] --END-- [ RunTime:0.016579s ]
INFO: [ view_filter ] --START--
INFO: Run Behavior\WriteHtmlCacheBehavior [ RunTime:0.000807s ]
INFO: [ view_filter ] --END-- [ RunTime:0.001049s ]
INFO: [ view_parse ] --START--
INFO: [ template_filter ] --START--
INFO: Run Behavior\ContentReplaceBehavior [ RunTime:0.000143s ]
INFO: [ template_filter ] --END-- [ RunTime:-0.011113s ]
INFO: Run Behavior\ParseTemplateBehavior [ RunTime:0.010740s ]
INFO: [ view_parse ] --END-- [ RunTime:-0.002051s ]
INFO: [ view_filter ] --START--
INFO: Run Behavior\WriteHtmlCacheBehavior [ RunTime:0.000075s ]
INFO: [ view_filter ] --END-- [ RunTime:-0.012067s ]
NOTIC: [2] Cannot modify header information - headers already sent by (output started at C:\wamp\www\bnuzbroadcast\ThinkPHP\Library\Think\View.class.php:95) C:\wamp\www\bnuzbroadcast\ThinkPHP\Library\Think\View.class.php 第 91 行.
NOTIC: [2] Cannot modify header information - headers already sent by (output started at C:\wamp\www\bnuzbroadcast\ThinkPHP\Library\Think\View.class.php:95) C:\wamp\www\bnuzbroadcast\ThinkPHP\Library\Think\View.class.php 第 92 行.
NOTIC: [2] Cannot modify header information - headers already sent by (output started at C:\wamp\www\bnuzbroadcast\ThinkPHP\Library\Think\View.class.php:95) C:\wamp\www\bnuzbroadcast\ThinkPHP\Library\Think\View.class.php 第 93 行.
INFO: [ app_end ] --START--
INFO: Run Behavior\ShowPageTraceBehavior [ RunTime:0.001730s ]
INFO: [ app_end ] --END-- [ RunTime:0.002052s ]

[ 2016-06-18T14:41:15+08:00 ] ::1 /bnuzbroadcast/index.php/Home/Login/login.html
INFO: [ app_init ] --START--
INFO: Run Behavior\BuildLiteBehavior [ RunTime:0.000057s ]
INFO: [ app_init ] --END-- [ RunTime:0.000804s ]
INFO: [ app_begin ] --START--
INFO: Run Behavior\ReadHtmlCacheBehavior [ RunTime:0.000904s ]
INFO: [ app_begin ] --END-- [ RunTime:0.001127s ]
SQL: SHOW COLUMNS FROM `t_user` [ RunTime:0.0035s ]
SQL: SELECT * FROM `t_user` WHERE ( username ='Wuruiwei' ) LIMIT 1   [ RunTime:0.0009s ]
INFO: [ view_parse ] --START--
INFO: [ template_filter ] --START--
INFO: Run Behavior\ContentReplaceBehavior [ RunTime:0.000179s ]
INFO: [ template_filter ] --END-- [ RunTime:0.000502s ]
INFO: Run Behavior\ParseTemplateBehavior [ RunTime:0.011020s ]
INFO: [ view_parse ] --END-- [ RunTime:0.011212s ]
INFO: [ view_filter ] --START--
INFO: Run Behavior\WriteHtmlCacheBehavior [ RunTime:0.000599s ]
INFO: [ view_filter ] --END-- [ RunTime:0.000765s ]
INFO: [ app_end ] --START--
INFO: Run Behavior\ShowPageTraceBehavior [ RunTime:0.000976s ]
INFO: [ app_end ] --END-- [ RunTime:0.001149s ]

[ 2016-06-18T14:41:16+08:00 ] ::1 /bnuzbroadcast/index.php/Home/index/index.html
INFO: [ app_init ] --START--
INFO: Run Behavior\BuildLiteBehavior [ RunTime:0.000045s ]
INFO: [ app_init ] --END-- [ RunTime:0.000942s ]
INFO: [ app_begin ] --START--
INFO: Run Behavior\ReadHtmlCacheBehavior [ RunTime:0.001401s ]
INFO: [ app_begin ] --END-- [ RunTime:0.001728s ]
NOTIC: [8] Use of undefined constant 退出 - assumed '退出' C:\wamp\www\bnuzbroadcast\Application\Home\Controller\IndexController.class.php 第 16 行.
NOTIC: [2] Missing argument 1 for Think\Controller::show(), called in C:\wamp\www\bnuzbroadcast\Application\Home\Controller\IndexController.class.php on line 23 and defined C:\wamp\www\bnuzbroadcast\ThinkPHP\Library\Think\Controller.class.php 第 68 行.
NOTIC: [8] Undefined variable: content C:\wamp\www\bnuzbroadcast\ThinkPHP\Library\Think\Controller.class.php 第 69 行.
INFO: [ view_parse ] --START--
INFO: [ template_filter ] --START--
INFO: Run Behavior\ContentReplaceBehavior [ RunTime:0.000359s ]
INFO: [ template_filter ] --END-- [ RunTime:0.000692s ]
INFO: Run Behavior\ParseTemplateBehavior [ RunTime:0.025778s ]
INFO: [ view_parse ] --END-- [ RunTime:0.026063s ]
INFO: [ view_filter ] --START--
INFO: Run Behavior\WriteHtmlCacheBehavior [ RunTime:0.000887s ]
INFO: [ view_filter ] --END-- [ RunTime:0.001127s ]
NOTIC: [8] Undefined variable: data C:\wamp\www\bnuzbroadcast\Application\Home\Controller\IndexController.class.php 第 24 行.
INFO: [ app_end ] --START--
INFO: Run Behavior\ShowPageTraceBehavior [ RunTime:0.001121s ]
INFO: [ app_end ] --END-- [ RunTime:0.001371s ]

[ 2016-06-18T14:41:18+08:00 ] ::1 /bnuzbroadcast/index.php/Home/host/index.html
INFO: [ app_init ] --START--
INFO: Run Behavior\BuildLiteBehavior [ RunTime:0.000039s ]
INFO: [ app_init ] --END-- [ RunTime:0.000626s ]
INFO: [ app_begin ] --START--
INFO: Run Behavior\ReadHtmlCacheBehavior [ RunTime:0.000884s ]
INFO: [ app_begin ] --END-- [ RunTime:0.001158s ]
NOTIC: [8] Use of undefined constant 退出 - assumed '退出' C:\wamp\www\bnuzbroadcast\Application\Home\Controller\HostController.class.php 第 8 行.
NOTIC: [2] Missing argument 1 for Think\Controller::show(), called in C:\wamp\www\bnuzbroadcast\Application\Home\Controller\HostController.class.php on line 15 and defined C:\wamp\www\bnuzbroadcast\ThinkPHP\Library\Think\Controller.class.php 第 68 行.
NOTIC: [8] Undefined variable: content C:\wamp\www\bnuzbroadcast\ThinkPHP\Library\Think\Controller.class.php 第 69 行.
INFO: [ view_parse ] --START--
INFO: [ template_filter ] --START--
INFO: Run Behavior\ContentReplaceBehavior [ RunTime:0.000165s ]
INFO: [ template_filter ] --END-- [ RunTime:0.000352s ]
INFO: Run Behavior\ParseTemplateBehavior [ RunTime:0.020096s ]
INFO: [ view_parse ] --END-- [ RunTime:0.020367s ]
INFO: [ view_filter ] --START--
INFO: Run Behavior\WriteHtmlCacheBehavior [ RunTime:0.001005s ]
INFO: [ view_filter ] --END-- [ RunTime:0.001306s ]
INFO: [ app_end ] --START--
INFO: Run Behavior\ShowPageTraceBehavior [ RunTime:0.001362s ]
INFO: [ app_end ] --END-- [ RunTime:0.001608s ]

[ 2016-06-18T14:41:24+08:00 ] ::1 /bnuzbroadcast/index.php/Home/host2/index.html
INFO: [ app_init ] --START--
INFO: Run Behavior\BuildLiteBehavior [ RunTime:0.000070s ]
INFO: [ app_init ] --END-- [ RunTime:0.001210s ]
INFO: [ app_begin ] --START--
INFO: Run Behavior\ReadHtmlCacheBehavior [ RunTime:0.001180s ]
INFO: [ app_begin ] --END-- [ RunTime:0.001460s ]
NOTIC: [8] Use of undefined constant 退出 - assumed '退出' C:\wamp\www\bnuzbroadcast\Application\Home\Controller\Host2Controller.class.php 第 8 行.
NOTIC: [2] Missing argument 1 for Think\Controller::show(), called in C:\wamp\www\bnuzbroadcast\Application\Home\Controller\Host2Controller.class.php on line 15 and defined C:\wamp\www\bnuzbroadcast\ThinkPHP\Library\Think\Controller.class.php 第 68 行.
NOTIC: [8] Undefined variable: content C:\wamp\www\bnuzbroadcast\ThinkPHP\Library\Think\Controller.class.php 第 69 行.
INFO: [ view_parse ] --START--
INFO: [ template_filter ] --START--
INFO: Run Behavior\ContentReplaceBehavior [ RunTime:0.001315s ]
INFO: [ template_filter ] --END-- [ RunTime:0.001567s ]
INFO: Run Behavior\ParseTemplateBehavior [ RunTime:0.042651s ]
INFO: [ view_parse ] --END-- [ RunTime:0.042984s ]
INFO: [ view_filter ] --START--
INFO: Run Behavior\WriteHtmlCacheBehavior [ RunTime:0.001019s ]
INFO: [ view_filter ] --END-- [ RunTime:0.001333s ]
INFO: [ app_end ] --START--
INFO: Run Behavior\ShowPageTraceBehavior [ RunTime:0.001547s ]
INFO: [ app_end ] --END-- [ RunTime:0.001907s ]

[ 2016-06-18T14:41:29+08:00 ] ::1 /bnuzbroadcast/index.php/Home/Host2/hcomment.html
INFO: [ app_init ] --START--
INFO: Run Behavior\BuildLiteBehavior [ RunTime:0.000109s ]
INFO: [ app_init ] --END-- [ RunTime:0.000817s ]
INFO: [ app_begin ] --START--
INFO: Run Behavior\ReadHtmlCacheBehavior [ RunTime:0.000840s ]
INFO: [ app_begin ] --END-- [ RunTime:0.001089s ]
SQL: SHOW COLUMNS FROM `t_hcomment` [ RunTime:0.0045s ]
NOTIC: [8] Use of undefined constant hcommentcontent - assumed 'hcommentcontent' C:\wamp\www\bnuzbroadcast\Application\Home\Controller\Host2Controller.class.php 第 27 行.
NOTIC: [8] Use of undefined constant userid - assumed 'userid' C:\wamp\www\bnuzbroadcast\Application\Home\Controller\Host2Controller.class.php 第 28 行.
NOTIC: [8] Use of undefined constant hcommentdate - assumed 'hcommentdate' C:\wamp\www\bnuzbroadcast\Application\Home\Controller\Host2Controller.class.php 第 29 行.
NOTIC: [8] Use of undefined constant hostname - assumed 'hostname' C:\wamp\www\bnuzbroadcast\Application\Home\Controller\Host2Controller.class.php 第 30 行.
ERR: 1452:Cannot add or update a child row: a foreign key constraint fails (`t_bnuzbroadcast`.`t_hcomment`, CONSTRAINT `FK_Reference_7` FOREIGN KEY (`userId`) REFERENCES `t_user` (`userId`))
 [ SQL语句 ] : INSERT INTO `t_hcomment` (`hcommentcontent`,`userid`,`hcommentdate`,`hostname`) VALUES ('fasd','1','2016-06-18 14:41:29','mayuqing')
ERR: 1452:Cannot add or update a child row: a foreign key constraint fails (`t_bnuzbroadcast`.`t_hcomment`, CONSTRAINT `FK_Reference_7` FOREIGN KEY (`userId`) REFERENCES `t_user` (`userId`))
 [ SQL语句 ] : INSERT INTO `t_hcomment` (`hcommentcontent`,`userid`,`hcommentdate`,`hostname`) VALUES ('fasd','1','2016-06-18 14:41:29','mayuqing')

[ 2016-06-18T14:42:09+08:00 ] ::1 /bnuzbroadcast/index.php/Home/Host2/hcomment.html
INFO: [ app_init ] --START--
INFO: Run Behavior\BuildLiteBehavior [ RunTime:0.000039s ]
INFO: [ app_init ] --END-- [ RunTime:0.000809s ]
INFO: [ app_begin ] --START--
INFO: Run Behavior\ReadHtmlCacheBehavior [ RunTime:0.000810s ]
INFO: [ app_begin ] --END-- [ RunTime:0.001054s ]
SQL: SHOW COLUMNS FROM `t_hcomment` [ RunTime:0.0033s ]
NOTIC: [8] Use of undefined constant hcommentcontent - assumed 'hcommentcontent' C:\wamp\www\bnuzbroadcast\Application\Home\Controller\Host2Controller.class.php 第 27 行.
NOTIC: [8] Use of undefined constant userid - assumed 'userid' C:\wamp\www\bnuzbroadcast\Application\Home\Controller\Host2Controller.class.php 第 28 行.
NOTIC: [8] Use of undefined constant hcommentdate - assumed 'hcommentdate' C:\wamp\www\bnuzbroadcast\Application\Home\Controller\Host2Controller.class.php 第 29 行.
NOTIC: [8] Use of undefined constant hostname - assumed 'hostname' C:\wamp\www\bnuzbroadcast\Application\Home\Controller\Host2Controller.class.php 第 30 行.
INFO: [ app_end ] --START--
INFO: Run Behavior\ShowPageTraceBehavior [ RunTime:0.001336s ]
INFO: [ app_end ] --END-- [ RunTime:0.001669s ]

[ 2016-06-18T14:44:27+08:00 ] ::1 /bnuzbroadcast/index.php/Home/Host2/hcomment.html
INFO: [ app_init ] --START--
INFO: Run Behavior\BuildLiteBehavior [ RunTime:0.000062s ]
INFO: [ app_init ] --END-- [ RunTime:0.001189s ]
INFO: [ app_begin ] --START--
INFO: Run Behavior\ReadHtmlCacheBehavior [ RunTime:0.001489s ]
INFO: [ app_begin ] --END-- [ RunTime:0.001787s ]
SQL: SHOW COLUMNS FROM `t_hcomment` [ RunTime:0.0035s ]
NOTIC: [8] Use of undefined constant hcommentcontent - assumed 'hcommentcontent' C:\wamp\www\bnuzbroadcast\Application\Home\Controller\Host2Controller.class.php 第 27 行.
NOTIC: [8] Use of undefined constant userid - assumed 'userid' C:\wamp\www\bnuzbroadcast\Application\Home\Controller\Host2Controller.class.php 第 28 行.
NOTIC: [8] Use of undefined constant hcommentdate - assumed 'hcommentdate' C:\wamp\www\bnuzbroadcast\Application\Home\Controller\Host2Controller.class.php 第 29 行.
NOTIC: [8] Use of undefined constant hostname - assumed 'hostname' C:\wamp\www\bnuzbroadcast\Application\Home\Controller\Host2Controller.class.php 第 30 行.
ERR: 1452:Cannot add or update a child row: a foreign key constraint fails (`t_bnuzbroadcast`.`t_hcomment`, CONSTRAINT `FK_Reference_7` FOREIGN KEY (`userId`) REFERENCES `t_user` (`userId`))
 [ SQL语句 ] : INSERT INTO `t_hcomment` (`hcommentcontent`,`userid`,`hcommentdate`,`hostname`) VALUES ('fasd','1','2016-06-18 14:44:27','mayuqing')
ERR: 1452:Cannot add or update a child row: a foreign key constraint fails (`t_bnuzbroadcast`.`t_hcomment`, CONSTRAINT `FK_Reference_7` FOREIGN KEY (`userId`) REFERENCES `t_user` (`userId`))
 [ SQL语句 ] : INSERT INTO `t_hcomment` (`hcommentcontent`,`userid`,`hcommentdate`,`hostname`) VALUES ('fasd','1','2016-06-18 14:44:27','mayuqing')

[ 2016-06-18T14:44:50+08:00 ] ::1 /bnuzbroadcast/index.php/Home/Host2/hcomment.html
INFO: [ app_init ] --START--
INFO: Run Behavior\BuildLiteBehavior [ RunTime:0.000040s ]
INFO: [ app_init ] --END-- [ RunTime:0.000698s ]
INFO: [ app_begin ] --START--
INFO: Run Behavior\ReadHtmlCacheBehavior [ RunTime:0.000952s ]
INFO: [ app_begin ] --END-- [ RunTime:0.001137s ]
SQL: SHOW COLUMNS FROM `t_hcomment` [ RunTime:0.0044s ]
NOTIC: [8] Use of undefined constant hcommentcontent - assumed 'hcommentcontent' C:\wamp\www\bnuzbroadcast\Application\Home\Controller\Host2Controller.class.php 第 27 行.
NOTIC: [8] Use of undefined constant hcommentdate - assumed 'hcommentdate' C:\wamp\www\bnuzbroadcast\Application\Home\Controller\Host2Controller.class.php 第 29 行.
NOTIC: [8] Use of undefined constant hostname - assumed 'hostname' C:\wamp\www\bnuzbroadcast\Application\Home\Controller\Host2Controller.class.php 第 30 行.
SQL: INSERT INTO `t_hcomment` (`hcommentcontent`,`hcommentdate`,`hostname`) VALUES ('fasd','2016-06-18 14:44:50','mayuqing') [ RunTime:0.0017s ]
INFO: [ app_end ] --START--
INFO: Run Behavior\ShowPageTraceBehavior [ RunTime:0.001418s ]
INFO: [ app_end ] --END-- [ RunTime:0.001650s ]

[ 2016-06-18T14:47:41+08:00 ] ::1 /bnuzbroadcast/index.php/Home/Host2/hcomment.html
INFO: [ app_init ] --START--
INFO: Run Behavior\BuildLiteBehavior [ RunTime:0.000067s ]
INFO: [ app_init ] --END-- [ RunTime:0.000964s ]
INFO: [ app_begin ] --START--
INFO: Run Behavior\ReadHtmlCacheBehavior [ RunTime:0.001095s ]
INFO: [ app_begin ] --END-- [ RunTime:0.001329s ]
SQL: SHOW COLUMNS FROM `t_hcomment` [ RunTime:0.0033s ]
NOTIC: [8] Undefined index: userid C:\wamp\www\bnuzbroadcast\Application\Home\Controller\Host2Controller.class.php 第 20 行.
NOTIC: [8] Use of undefined constant hcommentcontent - assumed 'hcommentcontent' C:\wamp\www\bnuzbroadcast\Application\Home\Controller\Host2Controller.class.php 第 28 行.
NOTIC: [8] Use of undefined constant hcommentdate - assumed 'hcommentdate' C:\wamp\www\bnuzbroadcast\Application\Home\Controller\Host2Controller.class.php 第 30 行.
NOTIC: [8] Use of undefined constant hostname - assumed 'hostname' C:\wamp\www\bnuzbroadcast\Application\Home\Controller\Host2Controller.class.php 第 31 行.
INFO: [ app_end ] --START--
INFO: Run Behavior\ShowPageTraceBehavior [ RunTime:0.001185s ]
INFO: [ app_end ] --END-- [ RunTime:0.001390s ]

[ 2016-06-18T14:50:20+08:00 ] ::1 /bnuzbroadcast/index.php/Home/Host2/hcomment.html
INFO: [ app_init ] --START--
INFO: Run Behavior\BuildLiteBehavior [ RunTime:0.000040s ]
INFO: [ app_init ] --END-- [ RunTime:0.000654s ]
INFO: [ app_begin ] --START--
INFO: Run Behavior\ReadHtmlCacheBehavior [ RunTime:0.001453s ]
INFO: [ app_begin ] --END-- [ RunTime:0.001780s ]
SQL: SHOW COLUMNS FROM `t_hcomment` [ RunTime:0.0036s ]
NOTIC: [8] Undefined index: userid C:\wamp\www\bnuzbroadcast\Application\Home\Controller\Host2Controller.class.php 第 20 行.
NOTIC: [8] Use of undefined constant hcommentcontent - assumed 'hcommentcontent' C:\wamp\www\bnuzbroadcast\Application\Home\Controller\Host2Controller.class.php 第 28 行.
NOTIC: [8] Use of undefined constant hcommentdate - assumed 'hcommentdate' C:\wamp\www\bnuzbroadcast\Application\Home\Controller\Host2Controller.class.php 第 30 行.
NOTIC: [8] Use of undefined constant hostname - assumed 'hostname' C:\wamp\www\bnuzbroadcast\Application\Home\Controller\Host2Controller.class.php 第 31 行.
INFO: [ app_end ] --START--
INFO: Run Behavior\ShowPageTraceBehavior [ RunTime:0.001247s ]
INFO: [ app_end ] --END-- [ RunTime:0.001500s ]

[ 2016-06-18T14:50:41+08:00 ] ::1 /bnuzbroadcast/index.php/Home/Host2/hcomment.html
INFO: [ app_init ] --START--
INFO: Run Behavior\BuildLiteBehavior [ RunTime:0.000041s ]
INFO: [ app_init ] --END-- [ RunTime:0.000742s ]
INFO: [ app_begin ] --START--
INFO: Run Behavior\ReadHtmlCacheBehavior [ RunTime:0.001604s ]
INFO: [ app_begin ] --END-- [ RunTime:0.001996s ]
SQL: SHOW COLUMNS FROM `t_hcomment` [ RunTime:0.0032s ]
NOTIC: [8] Undefined index: userid C:\wamp\www\bnuzbroadcast\Application\Home\Controller\Host2Controller.class.php 第 20 行.
NOTIC: [8] Use of undefined constant hcommentcontent - assumed 'hcommentcontent' C:\wamp\www\bnuzbroadcast\Application\Home\Controller\Host2Controller.class.php 第 28 行.
NOTIC: [8] Use of undefined constant hcommentdate - assumed 'hcommentdate' C:\wamp\www\bnuzbroadcast\Application\Home\Controller\Host2Controller.class.php 第 30 行.
NOTIC: [8] Use of undefined constant hostname - assumed 'hostname' C:\wamp\www\bnuzbroadcast\Application\Home\Controller\Host2Controller.class.php 第 31 行.
INFO: [ app_end ] --START--
INFO: Run Behavior\ShowPageTraceBehavior [ RunTime:0.001231s ]
INFO: [ app_end ] --END-- [ RunTime:0.001435s ]

[ 2016-06-18T17:12:38+08:00 ] ::1 /bnuzbroadcast/Home/host2
INFO: [ app_init ] --START--
INFO: Run Behavior\BuildLiteBehavior [ RunTime:0.000074s ]
INFO: [ app_init ] --END-- [ RunTime:0.001317s ]
INFO: [ app_begin ] --START--
INFO: Run Behavior\ReadHtmlCacheBehavior [ RunTime:0.001344s ]
INFO: [ app_begin ] --END-- [ RunTime:0.001616s ]
NOTIC: [8] Undefined index: username C:\wamp\www\bnuzbroadcast\Application\Home\Controller\Host2Controller.class.php 第 7 行.
NOTIC: [8] Use of undefined constant 登陆 - assumed '登陆' C:\wamp\www\bnuzbroadcast\Application\Home\Controller\Host2Controller.class.php 第 11 行.
NOTIC: [8] Use of undefined constant 注册 - assumed '注册' C:\wamp\www\bnuzbroadcast\Application\Home\Controller\Host2Controller.class.php 第 11 行.
NOTIC: [2] Missing argument 1 for Think\Controller::show(), called in C:\wamp\www\bnuzbroadcast\Application\Home\Controller\Host2Controller.class.php on line 15 and defined C:\wamp\www\bnuzbroadcast\ThinkPHP\Library\Think\Controller.class.php 第 68 行.
NOTIC: [8] Undefined variable: content C:\wamp\www\bnuzbroadcast\ThinkPHP\Library\Think\Controller.class.php 第 69 行.
INFO: [ view_parse ] --START--
INFO: [ template_filter ] --START--
INFO: Run Behavior\ContentReplaceBehavior [ RunTime:0.001049s ]
INFO: [ template_filter ] --END-- [ RunTime:0.001332s ]
INFO: Run Behavior\ParseTemplateBehavior [ RunTime:0.048663s ]
INFO: [ view_parse ] --END-- [ RunTime:0.048889s ]
INFO: [ view_filter ] --START--
INFO: Run Behavior\WriteHtmlCacheBehavior [ RunTime:0.000751s ]
INFO: [ view_filter ] --END-- [ RunTime:0.000923s ]
INFO: [ app_end ] --START--
INFO: Run Behavior\ShowPageTraceBehavior [ RunTime:0.001312s ]
INFO: [ app_end ] --END-- [ RunTime:0.001679s ]

[ 2016-06-18T17:12:40+08:00 ] ::1 /bnuzbroadcast/index.php/Home/login/index.html
INFO: [ app_init ] --START--
INFO: Run Behavior\BuildLiteBehavior [ RunTime:0.000043s ]
INFO: [ app_init ] --END-- [ RunTime:0.000775s ]
INFO: [ app_begin ] --START--
INFO: Run Behavior\ReadHtmlCacheBehavior [ RunTime:0.001085s ]
INFO: [ app_begin ] --END-- [ RunTime:0.001334s ]
NOTIC: [8] Undefined index: username C:\wamp\www\bnuzbroadcast\Application\Home\Controller\LoginController.class.php 第 7 行.
NOTIC: [8] Use of undefined constant 登陆 - assumed '登陆' C:\wamp\www\bnuzbroadcast\Application\Home\Controller\LoginController.class.php 第 11 行.
NOTIC: [8] Use of undefined constant 注册 - assumed '注册' C:\wamp\www\bnuzbroadcast\Application\Home\Controller\LoginController.class.php 第 11 行.
NOTIC: [2] Missing argument 1 for Think\Controller::show(), called in C:\wamp\www\bnuzbroadcast\Application\Home\Controller\LoginController.class.php on line 15 and defined C:\wamp\www\bnuzbroadcast\ThinkPHP\Library\Think\Controller.class.php 第 68 行.
NOTIC: [8] Undefined variable: content C:\wamp\www\bnuzbroadcast\ThinkPHP\Library\Think\Controller.class.php 第 69 行.
INFO: [ view_parse ] --START--
INFO: [ template_filter ] --START--
INFO: Run Behavior\ContentReplaceBehavior [ RunTime:0.000270s ]
INFO: [ template_filter ] --END-- [ RunTime:0.000616s ]
INFO: Run Behavior\ParseTemplateBehavior [ RunTime:0.017805s ]
INFO: [ view_parse ] --END-- [ RunTime:0.018087s ]
INFO: [ view_filter ] --START--
INFO: Run Behavior\WriteHtmlCacheBehavior [ RunTime:0.001083s ]
INFO: [ view_filter ] --END-- [ RunTime:0.001391s ]
INFO: [ view_parse ] --START--
INFO: [ template_filter ] --START--
INFO: Run Behavior\ContentReplaceBehavior [ RunTime:0.000120s ]
INFO: [ template_filter ] --END-- [ RunTime:-0.014837s ]
INFO: Run Behavior\ParseTemplateBehavior [ RunTime:0.010779s ]
INFO: [ view_parse ] --END-- [ RunTime:-0.002392s ]
INFO: [ view_filter ] --START--
INFO: Run Behavior\WriteHtmlCacheBehavior [ RunTime:0.000044s ]
INFO: [ view_filter ] --END-- [ RunTime:-0.012025s ]
NOTIC: [2] Cannot modify header information - headers already sent by (output started at C:\wamp\www\bnuzbroadcast\ThinkPHP\Library\Think\View.class.php:95) C:\wamp\www\bnuzbroadcast\ThinkPHP\Library\Think\View.class.php 第 91 行.
NOTIC: [2] Cannot modify header information - headers already sent by (output started at C:\wamp\www\bnuzbroadcast\ThinkPHP\Library\Think\View.class.php:95) C:\wamp\www\bnuzbroadcast\ThinkPHP\Library\Think\View.class.php 第 92 行.
NOTIC: [2] Cannot modify header information - headers already sent by (output started at C:\wamp\www\bnuzbroadcast\ThinkPHP\Library\Think\View.class.php:95) C:\wamp\www\bnuzbroadcast\ThinkPHP\Library\Think\View.class.php 第 93 行.
INFO: [ app_end ] --START--
INFO: Run Behavior\ShowPageTraceBehavior [ RunTime:0.001822s ]
INFO: [ app_end ] --END-- [ RunTime:0.002293s ]

[ 2016-06-18T17:12:43+08:00 ] ::1 /bnuzbroadcast/index.php/Home/Login/login.html
INFO: [ app_init ] --START--
INFO: Run Behavior\BuildLiteBehavior [ RunTime:0.000058s ]
INFO: [ app_init ] --END-- [ RunTime:0.000943s ]
INFO: [ app_begin ] --START--
INFO: Run Behavior\ReadHtmlCacheBehavior [ RunTime:0.001063s ]
INFO: [ app_begin ] --END-- [ RunTime:0.001321s ]
SQL: SHOW COLUMNS FROM `t_user` [ RunTime:0.0052s ]
SQL: SELECT * FROM `t_user` WHERE ( username ='Wuruiwei' ) LIMIT 1   [ RunTime:0.0005s ]
INFO: [ view_parse ] --START--
INFO: [ template_filter ] --START--
INFO: Run Behavior\ContentReplaceBehavior [ RunTime:0.000114s ]
INFO: [ template_filter ] --END-- [ RunTime:0.000321s ]
INFO: Run Behavior\ParseTemplateBehavior [ RunTime:0.010887s ]
INFO: [ view_parse ] --END-- [ RunTime:0.011078s ]
INFO: [ view_filter ] --START--
INFO: Run Behavior\WriteHtmlCacheBehavior [ RunTime:0.000881s ]
INFO: [ view_filter ] --END-- [ RunTime:0.001052s ]
INFO: [ app_end ] --START--
INFO: Run Behavior\ShowPageTraceBehavior [ RunTime:0.001016s ]
INFO: [ app_end ] --END-- [ RunTime:0.001237s ]

[ 2016-06-18T17:12:44+08:00 ] ::1 /bnuzbroadcast/index.php/Home/index/index.html
INFO: [ app_init ] --START--
INFO: Run Behavior\BuildLiteBehavior [ RunTime:0.000040s ]
INFO: [ app_init ] --END-- [ RunTime:0.000656s ]
INFO: [ app_begin ] --START--
INFO: Run Behavior\ReadHtmlCacheBehavior [ RunTime:0.001518s ]
INFO: [ app_begin ] --END-- [ RunTime:0.001826s ]
NOTIC: [8] Use of undefined constant 退出 - assumed '退出' C:\wamp\www\bnuzbroadcast\Application\Home\Controller\IndexController.class.php 第 16 行.
NOTIC: [2] Missing argument 1 for Think\Controller::show(), called in C:\wamp\www\bnuzbroadcast\Application\Home\Controller\IndexController.class.php on line 23 and defined C:\wamp\www\bnuzbroadcast\ThinkPHP\Library\Think\Controller.class.php 第 68 行.
NOTIC: [8] Undefined variable: content C:\wamp\www\bnuzbroadcast\ThinkPHP\Library\Think\Controller.class.php 第 69 行.
INFO: [ view_parse ] --START--
INFO: [ template_filter ] --START--
INFO: Run Behavior\ContentReplaceBehavior [ RunTime:0.000227s ]
INFO: [ template_filter ] --END-- [ RunTime:0.000500s ]
INFO: Run Behavior\ParseTemplateBehavior [ RunTime:0.019892s ]
INFO: [ view_parse ] --END-- [ RunTime:0.020107s ]
INFO: [ view_filter ] --START--
INFO: Run Behavior\WriteHtmlCacheBehavior [ RunTime:0.000762s ]
INFO: [ view_filter ] --END-- [ RunTime:0.000932s ]
NOTIC: [8] Undefined variable: data C:\wamp\www\bnuzbroadcast\Application\Home\Controller\IndexController.class.php 第 24 行.
INFO: [ app_end ] --START--
INFO: Run Behavior\ShowPageTraceBehavior [ RunTime:0.001129s ]
INFO: [ app_end ] --END-- [ RunTime:0.001377s ]

[ 2016-06-18T17:12:49+08:00 ] ::1 /bnuzbroadcast/index.php/Home/host/index.html
INFO: [ app_init ] --START--
INFO: Run Behavior\BuildLiteBehavior [ RunTime:0.000039s ]
INFO: [ app_init ] --END-- [ RunTime:0.000719s ]
INFO: [ app_begin ] --START--
INFO: Run Behavior\ReadHtmlCacheBehavior [ RunTime:0.000929s ]
INFO: [ app_begin ] --END-- [ RunTime:0.001116s ]
NOTIC: [8] Use of undefined constant 退出 - assumed '退出' C:\wamp\www\bnuzbroadcast\Application\Home\Controller\HostController.class.php 第 8 行.
NOTIC: [2] Missing argument 1 for Think\Controller::show(), called in C:\wamp\www\bnuzbroadcast\Application\Home\Controller\HostController.class.php on line 15 and defined C:\wamp\www\bnuzbroadcast\ThinkPHP\Library\Think\Controller.class.php 第 68 行.
NOTIC: [8] Undefined variable: content C:\wamp\www\bnuzbroadcast\ThinkPHP\Library\Think\Controller.class.php 第 69 行.
INFO: [ view_parse ] --START--
INFO: [ template_filter ] --START--
INFO: Run Behavior\ContentReplaceBehavior [ RunTime:0.000170s ]
INFO: [ template_filter ] --END-- [ RunTime:0.000359s ]
INFO: Run Behavior\ParseTemplateBehavior [ RunTime:0.017499s ]
INFO: [ view_parse ] --END-- [ RunTime:0.017736s ]
INFO: [ view_filter ] --START--
INFO: Run Behavior\WriteHtmlCacheBehavior [ RunTime:0.001096s ]
INFO: [ view_filter ] --END-- [ RunTime:0.001337s ]
INFO: [ app_end ] --START--
INFO: Run Behavior\ShowPageTraceBehavior [ RunTime:0.001553s ]
INFO: [ app_end ] --END-- [ RunTime:0.001855s ]

[ 2016-06-18T17:12:52+08:00 ] ::1 /bnuzbroadcast/index.php/Home/host2/index.html
INFO: [ app_init ] --START--
INFO: Run Behavior\BuildLiteBehavior [ RunTime:0.000075s ]
INFO: [ app_init ] --END-- [ RunTime:0.001177s ]
INFO: [ app_begin ] --START--
INFO: Run Behavior\ReadHtmlCacheBehavior [ RunTime:0.001500s ]
INFO: [ app_begin ] --END-- [ RunTime:0.001854s ]
NOTIC: [8] Use of undefined constant 退出 - assumed '退出' C:\wamp\www\bnuzbroadcast\Application\Home\Controller\Host2Controller.class.php 第 8 行.
NOTIC: [2] Missing argument 1 for Think\Controller::show(), called in C:\wamp\www\bnuzbroadcast\Application\Home\Controller\Host2Controller.class.php on line 15 and defined C:\wamp\www\bnuzbroadcast\ThinkPHP\Library\Think\Controller.class.php 第 68 行.
NOTIC: [8] Undefined variable: content C:\wamp\www\bnuzbroadcast\ThinkPHP\Library\Think\Controller.class.php 第 69 行.
INFO: [ view_parse ] --START--
INFO: [ template_filter ] --START--
INFO: Run Behavior\ContentReplaceBehavior [ RunTime:0.001039s ]
INFO: [ template_filter ] --END-- [ RunTime:0.001297s ]
INFO: Run Behavior\ParseTemplateBehavior [ RunTime:0.042732s ]
INFO: [ view_parse ] --END-- [ RunTime:0.042951s ]
INFO: [ view_filter ] --START--
INFO: Run Behavior\WriteHtmlCacheBehavior [ RunTime:0.001077s ]
INFO: [ view_filter ] --END-- [ RunTime:0.001272s ]
INFO: [ app_end ] --START--
INFO: Run Behavior\ShowPageTraceBehavior [ RunTime:0.001782s ]
INFO: [ app_end ] --END-- [ RunTime:0.002153s ]

[ 2016-06-18T17:13:01+08:00 ] ::1 /bnuzbroadcast/index.php/Home/Host2/hcomment.html
INFO: [ app_init ] --START--
INFO: Run Behavior\BuildLiteBehavior [ RunTime:0.000040s ]
INFO: [ app_init ] --END-- [ RunTime:0.000671s ]
INFO: [ app_begin ] --START--
INFO: Run Behavior\ReadHtmlCacheBehavior [ RunTime:0.001097s ]
INFO: [ app_begin ] --END-- [ RunTime:0.001311s ]
SQL: SHOW COLUMNS FROM `t_hcomment` [ RunTime:0.0033s ]
NOTIC: [8] Use of undefined constant hcommentcontent - assumed 'hcommentcontent' C:\wamp\www\bnuzbroadcast\Application\Home\Controller\Host2Controller.class.php 第 28 行.
NOTIC: [8] Use of undefined constant hcommentdate - assumed 'hcommentdate' C:\wamp\www\bnuzbroadcast\Application\Home\Controller\Host2Controller.class.php 第 30 行.
NOTIC: [8] Use of undefined constant hostname - assumed 'hostname' C:\wamp\www\bnuzbroadcast\Application\Home\Controller\Host2Controller.class.php 第 31 行.
INFO: [ app_end ] --START--
INFO: Run Behavior\ShowPageTraceBehavior [ RunTime:0.000953s ]
INFO: [ app_end ] --END-- [ RunTime:0.001138s ]

[ 2016-06-18T17:17:35+08:00 ] ::1 /bnuzbroadcast/index.php/Home/Host2/hcomment.html
INFO: [ app_init ] --START--
INFO: Run Behavior\BuildLiteBehavior [ RunTime:0.000043s ]
INFO: [ app_init ] --END-- [ RunTime:0.000743s ]
INFO: [ app_begin ] --START--
INFO: Run Behavior\ReadHtmlCacheBehavior [ RunTime:0.000962s ]
INFO: [ app_begin ] --END-- [ RunTime:0.001205s ]
SQL: SHOW COLUMNS FROM `t_hcomment` [ RunTime:0.0040s ]
NOTIC: [8] Use of undefined constant hcommentcontent - assumed 'hcommentcontent' C:\wamp\www\bnuzbroadcast\Application\Home\Controller\Host2Controller.class.php 第 28 行.
NOTIC: [8] Use of undefined constant hcommentdate - assumed 'hcommentdate' C:\wamp\www\bnuzbroadcast\Application\Home\Controller\Host2Controller.class.php 第 30 行.
NOTIC: [8] Use of undefined constant hostname - assumed 'hostname' C:\wamp\www\bnuzbroadcast\Application\Home\Controller\Host2Controller.class.php 第 31 行.
INFO: [ app_end ] --START--
INFO: Run Behavior\ShowPageTraceBehavior [ RunTime:0.001003s ]
INFO: [ app_end ] --END-- [ RunTime:0.001206s ]

[ 2016-06-18T17:17:38+08:00 ] ::1 /bnuzbroadcast/index.php/Home/Host2/hcomment.html
INFO: [ app_init ] --START--
INFO: Run Behavior\BuildLiteBehavior [ RunTime:0.000039s ]
INFO: [ app_init ] --END-- [ RunTime:0.000584s ]
INFO: [ app_begin ] --START--
INFO: Run Behavior\ReadHtmlCacheBehavior [ RunTime:0.000692s ]
INFO: [ app_begin ] --END-- [ RunTime:0.000879s ]
SQL: SHOW COLUMNS FROM `t_hcomment` [ RunTime:0.0039s ]
NOTIC: [8] Use of undefined constant hcommentcontent - assumed 'hcommentcontent' C:\wamp\www\bnuzbroadcast\Application\Home\Controller\Host2Controller.class.php 第 28 行.
NOTIC: [8] Use of undefined constant hcommentdate - assumed 'hcommentdate' C:\wamp\www\bnuzbroadcast\Application\Home\Controller\Host2Controller.class.php 第 30 行.
NOTIC: [8] Use of undefined constant hostname - assumed 'hostname' C:\wamp\www\bnuzbroadcast\Application\Home\Controller\Host2Controller.class.php 第 31 行.
INFO: [ app_end ] --START--
INFO: Run Behavior\ShowPageTraceBehavior [ RunTime:0.000770s ]
INFO: [ app_end ] --END-- [ RunTime:0.000962s ]

[ 2016-06-18T17:17:41+08:00 ] ::1 /bnuzbroadcast/index.php/Home/host2/index.html
INFO: [ app_init ] --START--
INFO: Run Behavior\BuildLiteBehavior [ RunTime:0.000041s ]
INFO: [ app_init ] --END-- [ RunTime:0.000778s ]
INFO: [ app_begin ] --START--
INFO: Run Behavior\ReadHtmlCacheBehavior [ RunTime:0.000817s ]
INFO: [ app_begin ] --END-- [ RunTime:0.001065s ]
NOTIC: [8] Use of undefined constant 退出 - assumed '退出' C:\wamp\www\bnuzbroadcast\Application\Home\Controller\Host2Controller.class.php 第 8 行.
NOTIC: [2] Missing argument 1 for Think\Controller::show(), called in C:\wamp\www\bnuzbroadcast\Application\Home\Controller\Host2Controller.class.php on line 15 and defined C:\wamp\www\bnuzbroadcast\ThinkPHP\Library\Think\Controller.class.php 第 68 行.
NOTIC: [8] Undefined variable: content C:\wamp\www\bnuzbroadcast\ThinkPHP\Library\Think\Controller.class.php 第 69 行.
INFO: [ view_parse ] --START--
INFO: [ template_filter ] --START--
INFO: Run Behavior\ContentReplaceBehavior [ RunTime:0.000732s ]
INFO: [ template_filter ] --END-- [ RunTime:0.000966s ]
INFO: Run Behavior\ParseTemplateBehavior [ RunTime:0.035341s ]
INFO: [ view_parse ] --END-- [ RunTime:0.035561s ]
INFO: [ view_filter ] --START--
INFO: Run Behavior\WriteHtmlCacheBehavior [ RunTime:0.000618s ]
INFO: [ view_filter ] --END-- [ RunTime:0.000787s ]
INFO: [ app_end ] --START--
INFO: Run Behavior\ShowPageTraceBehavior [ RunTime:0.000779s ]
INFO: [ app_end ] --END-- [ RunTime:0.000977s ]

[ 2016-06-18T17:17:43+08:00 ] ::1 /bnuzbroadcast/index.php/Home/Host2/hcomment.html
INFO: [ app_init ] --START--
INFO: Run Behavior\BuildLiteBehavior [ RunTime:0.000040s ]
INFO: [ app_init ] --END-- [ RunTime:0.000635s ]
INFO: [ app_begin ] --START--
INFO: Run Behavior\ReadHtmlCacheBehavior [ RunTime:0.000830s ]
INFO: [ app_begin ] --END-- [ RunTime:0.001091s ]
SQL: SHOW COLUMNS FROM `t_hcomment` [ RunTime:0.0035s ]
NOTIC: [8] Use of undefined constant hcommentcontent - assumed 'hcommentcontent' C:\wamp\www\bnuzbroadcast\Application\Home\Controller\Host2Controller.class.php 第 28 行.
NOTIC: [8] Use of undefined constant hcommentdate - assumed 'hcommentdate' C:\wamp\www\bnuzbroadcast\Application\Home\Controller\Host2Controller.class.php 第 30 行.
NOTIC: [8] Use of undefined constant hostname - assumed 'hostname' C:\wamp\www\bnuzbroadcast\Application\Home\Controller\Host2Controller.class.php 第 31 行.
INFO: [ app_end ] --START--
INFO: Run Behavior\ShowPageTraceBehavior [ RunTime:0.000847s ]
INFO: [ app_end ] --END-- [ RunTime:0.001021s ]

[ 2016-06-18T17:17:57+08:00 ] ::1 /bnuzbroadcast/index.php/Home/Index/logout.html
INFO: [ app_init ] --START--
INFO: Run Behavior\BuildLiteBehavior [ RunTime:0.000040s ]
INFO: [ app_init ] --END-- [ RunTime:0.000652s ]
INFO: [ app_begin ] --START--
INFO: Run Behavior\ReadHtmlCacheBehavior [ RunTime:0.000723s ]
INFO: [ app_begin ] --END-- [ RunTime:0.000920s ]
INFO: [ view_parse ] --START--
INFO: [ template_filter ] --START--
INFO: Run Behavior\ContentReplaceBehavior [ RunTime:0.000216s ]
INFO: [ template_filter ] --END-- [ RunTime:0.000602s ]
INFO: Run Behavior\ParseTemplateBehavior [ RunTime:0.012251s ]
INFO: [ view_parse ] --END-- [ RunTime:0.012594s ]
INFO: [ view_filter ] --START--
INFO: Run Behavior\WriteHtmlCacheBehavior [ RunTime:0.000851s ]
INFO: [ view_filter ] --END-- [ RunTime:0.001043s ]
INFO: [ app_end ] --START--
INFO: Run Behavior\ShowPageTraceBehavior [ RunTime:0.000725s ]
INFO: [ app_end ] --END-- [ RunTime:0.000920s ]

[ 2016-06-18T17:17:58+08:00 ] ::1 /bnuzbroadcast/index.php/Home/login/index.html
INFO: [ app_init ] --START--
INFO: Run Behavior\BuildLiteBehavior [ RunTime:0.000040s ]
INFO: [ app_init ] --END-- [ RunTime:0.000742s ]
INFO: [ app_begin ] --START--
INFO: Run Behavior\ReadHtmlCacheBehavior [ RunTime:0.000838s ]
INFO: [ app_begin ] --END-- [ RunTime:0.001104s ]
NOTIC: [8] Undefined index: username C:\wamp\www\bnuzbroadcast\Application\Home\Controller\LoginController.class.php 第 7 行.
NOTIC: [8] Use of undefined constant 登陆 - assumed '登陆' C:\wamp\www\bnuzbroadcast\Application\Home\Controller\LoginController.class.php 第 11 行.
NOTIC: [8] Use of undefined constant 注册 - assumed '注册' C:\wamp\www\bnuzbroadcast\Application\Home\Controller\LoginController.class.php 第 11 行.
NOTIC: [2] Missing argument 1 for Think\Controller::show(), called in C:\wamp\www\bnuzbroadcast\Application\Home\Controller\LoginController.class.php on line 15 and defined C:\wamp\www\bnuzbroadcast\ThinkPHP\Library\Think\Controller.class.php 第 68 行.
NOTIC: [8] Undefined variable: content C:\wamp\www\bnuzbroadcast\ThinkPHP\Library\Think\Controller.class.php 第 69 行.
INFO: [ view_parse ] --START--
INFO: [ template_filter ] --START--
INFO: Run Behavior\ContentReplaceBehavior [ RunTime:0.000206s ]
INFO: [ template_filter ] --END-- [ RunTime:0.000468s ]
INFO: Run Behavior\ParseTemplateBehavior [ RunTime:0.015026s ]
INFO: [ view_parse ] --END-- [ RunTime:0.015239s ]
INFO: [ view_filter ] --START--
INFO: Run Behavior\WriteHtmlCacheBehavior [ RunTime:0.000583s ]
INFO: [ view_filter ] --END-- [ RunTime:0.000746s ]
INFO: [ view_parse ] --START--
INFO: [ template_filter ] --START--
INFO: Run Behavior\ContentReplaceBehavior [ RunTime:0.000127s ]
INFO: [ template_filter ] --END-- [ RunTime:-0.008829s ]
INFO: Run Behavior\ParseTemplateBehavior [ RunTime:0.007569s ]
INFO: [ view_parse ] --END-- [ RunTime:-0.001299s ]
INFO: [ view_filter ] --START--
INFO: Run Behavior\WriteHtmlCacheBehavior [ RunTime:0.000043s ]
INFO: [ view_filter ] --END-- [ RunTime:-0.008288s ]
NOTIC: [2] Cannot modify header information - headers already sent by (output started at C:\wamp\www\bnuzbroadcast\ThinkPHP\Library\Think\View.class.php:95) C:\wamp\www\bnuzbroadcast\ThinkPHP\Library\Think\View.class.php 第 91 行.
NOTIC: [2] Cannot modify header information - headers already sent by (output started at C:\wamp\www\bnuzbroadcast\ThinkPHP\Library\Think\View.class.php:95) C:\wamp\www\bnuzbroadcast\ThinkPHP\Library\Think\View.class.php 第 92 行.
NOTIC: [2] Cannot modify header information - headers already sent by (output started at C:\wamp\www\bnuzbroadcast\ThinkPHP\Library\Think\View.class.php:95) C:\wamp\www\bnuzbroadcast\ThinkPHP\Library\Think\View.class.php 第 93 行.
INFO: [ app_end ] --START--
INFO: Run Behavior\ShowPageTraceBehavior [ RunTime:0.000754s ]
INFO: [ app_end ] --END-- [ RunTime:0.000939s ]

[ 2016-06-18T17:17:59+08:00 ] ::1 /bnuzbroadcast/index.php/Home/login/index.html
INFO: [ app_init ] --START--
INFO: Run Behavior\BuildLiteBehavior [ RunTime:0.000039s ]
INFO: [ app_init ] --END-- [ RunTime:0.000598s ]
INFO: [ app_begin ] --START--
INFO: Run Behavior\ReadHtmlCacheBehavior [ RunTime:0.000718s ]
INFO: [ app_begin ] --END-- [ RunTime:0.000929s ]
NOTIC: [8] Undefined index: username C:\wamp\www\bnuzbroadcast\Application\Home\Controller\LoginController.class.php 第 7 行.
NOTIC: [8] Use of undefined constant 登陆 - assumed '登陆' C:\wamp\www\bnuzbroadcast\Application\Home\Controller\LoginController.class.php 第 11 行.
NOTIC: [8] Use of undefined constant 注册 - assumed '注册' C:\wamp\www\bnuzbroadcast\Application\Home\Controller\LoginController.class.php 第 11 行.
NOTIC: [2] Missing argument 1 for Think\Controller::show(), called in C:\wamp\www\bnuzbroadcast\Application\Home\Controller\LoginController.class.php on line 15 and defined C:\wamp\www\bnuzbroadcast\ThinkPHP\Library\Think\Controller.class.php 第 68 行.
NOTIC: [8] Undefined variable: content C:\wamp\www\bnuzbroadcast\ThinkPHP\Library\Think\Controller.class.php 第 69 行.
INFO: [ view_parse ] --START--
INFO: [ template_filter ] --START--
INFO: Run Behavior\ContentReplaceBehavior [ RunTime:0.000148s ]
INFO: [ template_filter ] --END-- [ RunTime:0.000364s ]
INFO: Run Behavior\ParseTemplateBehavior [ RunTime:0.014923s ]
INFO: [ view_parse ] --END-- [ RunTime:0.015208s ]
INFO: [ view_filter ] --START--
INFO: Run Behavior\WriteHtmlCacheBehavior [ RunTime:0.000709s ]
INFO: [ view_filter ] --END-- [ RunTime:0.000962s ]
INFO: [ view_parse ] --START--
INFO: [ template_filter ] --START--
INFO: Run Behavior\ContentReplaceBehavior [ RunTime:0.000172s ]
INFO: [ template_filter ] --END-- [ RunTime:-0.011991s ]
INFO: Run Behavior\ParseTemplateBehavior [ RunTime:0.009037s ]
INFO: [ view_parse ] --END-- [ RunTime:-0.001771s ]
INFO: [ view_filter ] --START--
INFO: Run Behavior\WriteHtmlCacheBehavior [ RunTime:0.000055s ]
INFO: [ view_filter ] --END-- [ RunTime:-0.009979s ]
NOTIC: [2] Cannot modify header information - headers already sent by (output started at C:\wamp\www\bnuzbroadcast\ThinkPHP\Library\Think\View.class.php:95) C:\wamp\www\bnuzbroadcast\ThinkPHP\Library\Think\View.class.php 第 91 行.
NOTIC: [2] Cannot modify header information - headers already sent by (output started at C:\wamp\www\bnuzbroadcast\ThinkPHP\Library\Think\View.class.php:95) C:\wamp\www\bnuzbroadcast\ThinkPHP\Library\Think\View.class.php 第 92 行.
NOTIC: [2] Cannot modify header information - headers already sent by (output started at C:\wamp\www\bnuzbroadcast\ThinkPHP\Library\Think\View.class.php:95) C:\wamp\www\bnuzbroadcast\ThinkPHP\Library\Think\View.class.php 第 93 行.
INFO: [ app_end ] --START--
INFO: Run Behavior\ShowPageTraceBehavior [ RunTime:0.000918s ]
INFO: [ app_end ] --END-- [ RunTime:0.001144s ]

[ 2016-06-18T17:18:02+08:00 ] ::1 /bnuzbroadcast/index.php/Home/Login/login.html
INFO: [ app_init ] --START--
INFO: Run Behavior\BuildLiteBehavior [ RunTime:0.000041s ]
INFO: [ app_init ] --END-- [ RunTime:0.000984s ]
INFO: [ app_begin ] --START--
INFO: Run Behavior\ReadHtmlCacheBehavior [ RunTime:0.000669s ]
INFO: [ app_begin ] --END-- [ RunTime:0.000892s ]
SQL: SHOW COLUMNS FROM `t_user` [ RunTime:0.0033s ]
SQL: SELECT * FROM `t_user` WHERE ( username ='Wuruiwei' ) LIMIT 1   [ RunTime:0.0005s ]
INFO: [ view_parse ] --START--
INFO: [ template_filter ] --START--
INFO: Run Behavior\ContentReplaceBehavior [ RunTime:0.000138s ]
INFO: [ template_filter ] --END-- [ RunTime:0.000409s ]
INFO: Run Behavior\ParseTemplateBehavior [ RunTime:0.009666s ]
INFO: [ view_parse ] --END-- [ RunTime:0.009938s ]
INFO: [ view_filter ] --START--
INFO: Run Behavior\WriteHtmlCacheBehavior [ RunTime:0.000753s ]
INFO: [ view_filter ] --END-- [ RunTime:0.001034s ]
INFO: [ app_end ] --START--
INFO: Run Behavior\ShowPageTraceBehavior [ RunTime:0.001013s ]
INFO: [ app_end ] --END-- [ RunTime:0.001297s ]

[ 2016-06-18T17:18:03+08:00 ] ::1 /bnuzbroadcast/index.php/Home/index/index.html
INFO: [ app_init ] --START--
INFO: Run Behavior\BuildLiteBehavior [ RunTime:0.000039s ]
INFO: [ app_init ] --END-- [ RunTime:0.000624s ]
INFO: [ app_begin ] --START--
INFO: Run Behavior\ReadHtmlCacheBehavior [ RunTime:0.000734s ]
INFO: [ app_begin ] --END-- [ RunTime:0.000935s ]
NOTIC: [8] Use of undefined constant 退出 - assumed '退出' C:\wamp\www\bnuzbroadcast\Application\Home\Controller\IndexController.class.php 第 16 行.
NOTIC: [2] Missing argument 1 for Think\Controller::show(), called in C:\wamp\www\bnuzbroadcast\Application\Home\Controller\IndexController.class.php on line 23 and defined C:\wamp\www\bnuzbroadcast\ThinkPHP\Library\Think\Controller.class.php 第 68 行.
NOTIC: [8] Undefined variable: content C:\wamp\www\bnuzbroadcast\ThinkPHP\Library\Think\Controller.class.php 第 69 行.
INFO: [ view_parse ] --START--
INFO: [ template_filter ] --START--
INFO: Run Behavior\ContentReplaceBehavior [ RunTime:0.000246s ]
INFO: [ template_filter ] --END-- [ RunTime:0.000460s ]
INFO: Run Behavior\ParseTemplateBehavior [ RunTime:0.018501s ]
INFO: [ view_parse ] --END-- [ RunTime:0.018689s ]
INFO: [ view_filter ] --START--
INFO: Run Behavior\WriteHtmlCacheBehavior [ RunTime:0.000589s ]
INFO: [ view_filter ] --END-- [ RunTime:0.000755s ]
NOTIC: [8] Undefined variable: data C:\wamp\www\bnuzbroadcast\Application\Home\Controller\IndexController.class.php 第 24 行.
INFO: [ app_end ] --START--
INFO: Run Behavior\ShowPageTraceBehavior [ RunTime:0.000743s ]
INFO: [ app_end ] --END-- [ RunTime:0.000985s ]

[ 2016-06-18T17:18:05+08:00 ] ::1 /bnuzbroadcast/index.php/Home/host/index.html
INFO: [ app_init ] --START--
INFO: Run Behavior\BuildLiteBehavior [ RunTime:0.000063s ]
INFO: [ app_init ] --END-- [ RunTime:0.000842s ]
INFO: [ app_begin ] --START--
INFO: Run Behavior\ReadHtmlCacheBehavior [ RunTime:0.000779s ]
INFO: [ app_begin ] --END-- [ RunTime:0.000985s ]
NOTIC: [8] Use of undefined constant 退出 - assumed '退出' C:\wamp\www\bnuzbroadcast\Application\Home\Controller\HostController.class.php 第 8 行.
NOTIC: [2] Missing argument 1 for Think\Controller::show(), called in C:\wamp\www\bnuzbroadcast\Application\Home\Controller\HostController.class.php on line 15 and defined C:\wamp\www\bnuzbroadcast\ThinkPHP\Library\Think\Controller.class.php 第 68 行.
NOTIC: [8] Undefined variable: content C:\wamp\www\bnuzbroadcast\ThinkPHP\Library\Think\Controller.class.php 第 69 行.
INFO: [ view_parse ] --START--
INFO: [ template_filter ] --START--
INFO: Run Behavior\ContentReplaceBehavior [ RunTime:0.000167s ]
INFO: [ template_filter ] --END-- [ RunTime:0.000361s ]
INFO: Run Behavior\ParseTemplateBehavior [ RunTime:0.021247s ]
INFO: [ view_parse ] --END-- [ RunTime:0.021571s ]
INFO: [ view_filter ] --START--
INFO: Run Behavior\WriteHtmlCacheBehavior [ RunTime:0.000604s ]
INFO: [ view_filter ] --END-- [ RunTime:0.000881s ]
INFO: [ app_end ] --START--
INFO: Run Behavior\ShowPageTraceBehavior [ RunTime:0.000887s ]
INFO: [ app_end ] --END-- [ RunTime:0.001067s ]

[ 2016-06-18T17:18:08+08:00 ] ::1 /bnuzbroadcast/index.php/Home/host2/index.html
INFO: [ app_init ] --START--
INFO: Run Behavior\BuildLiteBehavior [ RunTime:0.000063s ]
INFO: [ app_init ] --END-- [ RunTime:0.001781s ]
INFO: [ app_begin ] --START--
INFO: Run Behavior\ReadHtmlCacheBehavior [ RunTime:0.000862s ]
INFO: [ app_begin ] --END-- [ RunTime:0.001165s ]
NOTIC: [8] Use of undefined constant 退出 - assumed '退出' C:\wamp\www\bnuzbroadcast\Application\Home\Controller\Host2Controller.class.php 第 8 行.
NOTIC: [2] Missing argument 1 for Think\Controller::show(), called in C:\wamp\www\bnuzbroadcast\Application\Home\Controller\Host2Controller.class.php on line 15 and defined C:\wamp\www\bnuzbroadcast\ThinkPHP\Library\Think\Controller.class.php 第 68 行.
NOTIC: [8] Undefined variable: content C:\wamp\www\bnuzbroadcast\ThinkPHP\Library\Think\Controller.class.php 第 69 行.
INFO: [ view_parse ] --START--
INFO: [ template_filter ] --START--
INFO: Run Behavior\ContentReplaceBehavior [ RunTime:0.000907s ]
INFO: [ template_filter ] --END-- [ RunTime:0.001114s ]
INFO: Run Behavior\ParseTemplateBehavior [ RunTime:0.039909s ]
INFO: [ view_parse ] --END-- [ RunTime:0.040187s ]
INFO: [ view_filter ] --START--
INFO: Run Behavior\WriteHtmlCacheBehavior [ RunTime:0.000852s ]
INFO: [ view_filter ] --END-- [ RunTime:0.001146s ]
INFO: [ app_end ] --START--
INFO: Run Behavior\ShowPageTraceBehavior [ RunTime:0.001208s ]
INFO: [ app_end ] --END-- [ RunTime:0.001496s ]

[ 2016-06-18T17:18:10+08:00 ] ::1 /bnuzbroadcast/index.php/Home/Host2/hcomment.html
INFO: [ app_init ] --START--
INFO: Run Behavior\BuildLiteBehavior [ RunTime:0.000043s ]
INFO: [ app_init ] --END-- [ RunTime:0.000766s ]
INFO: [ app_begin ] --START--
INFO: Run Behavior\ReadHtmlCacheBehavior [ RunTime:0.000766s ]
INFO: [ app_begin ] --END-- [ RunTime:0.000961s ]
SQL: SHOW COLUMNS FROM `t_hcomment` [ RunTime:0.0032s ]
NOTIC: [8] Use of undefined constant hcommentcontent - assumed 'hcommentcontent' C:\wamp\www\bnuzbroadcast\Application\Home\Controller\Host2Controller.class.php 第 28 行.
NOTIC: [8] Use of undefined constant hcommentdate - assumed 'hcommentdate' C:\wamp\www\bnuzbroadcast\Application\Home\Controller\Host2Controller.class.php 第 30 行.
NOTIC: [8] Use of undefined constant hostname - assumed 'hostname' C:\wamp\www\bnuzbroadcast\Application\Home\Controller\Host2Controller.class.php 第 31 行.
INFO: [ app_end ] --START--
INFO: Run Behavior\ShowPageTraceBehavior [ RunTime:0.000826s ]
INFO: [ app_end ] --END-- [ RunTime:0.001026s ]

[ 2016-06-18T17:47:52+08:00 ] ::1 /bnuzbroadcast/index.php/Home/host/index.html
INFO: [ app_init ] --START--
INFO: Run Behavior\BuildLiteBehavior [ RunTime:0.000038s ]
INFO: [ app_init ] --END-- [ RunTime:0.000866s ]
INFO: [ app_begin ] --START--
INFO: Run Behavior\ReadHtmlCacheBehavior [ RunTime:0.001123s ]
INFO: [ app_begin ] --END-- [ RunTime:0.001395s ]
NOTIC: [8] Use of undefined constant 退出 - assumed '退出' C:\wamp\www\bnuzbroadcast\Application\Home\Controller\HostController.class.php 第 8 行.
NOTIC: [2] Missing argument 1 for Think\Controller::show(), called in C:\wamp\www\bnuzbroadcast\Application\Home\Controller\HostController.class.php on line 15 and defined C:\wamp\www\bnuzbroadcast\ThinkPHP\Library\Think\Controller.class.php 第 68 行.
NOTIC: [8] Undefined variable: content C:\wamp\www\bnuzbroadcast\ThinkPHP\Library\Think\Controller.class.php 第 69 行.
INFO: [ view_parse ] --START--
INFO: [ template_filter ] --START--
INFO: Run Behavior\ContentReplaceBehavior [ RunTime:0.000316s ]
INFO: [ template_filter ] --END-- [ RunTime:0.000639s ]
INFO: Run Behavior\ParseTemplateBehavior [ RunTime:0.023121s ]
INFO: [ view_parse ] --END-- [ RunTime:0.023355s ]
INFO: [ view_filter ] --START--
INFO: Run Behavior\WriteHtmlCacheBehavior [ RunTime:0.000653s ]
INFO: [ view_filter ] --END-- [ RunTime:0.000840s ]
INFO: [ app_end ] --START--
INFO: Run Behavior\ShowPageTraceBehavior [ RunTime:0.000877s ]
INFO: [ app_end ] --END-- [ RunTime:0.001091s ]

[ 2016-06-18T17:47:53+08:00 ] ::1 /bnuzbroadcast/index.php/Home/host/index.html
INFO: [ app_init ] --START--
INFO: Run Behavior\BuildLiteBehavior [ RunTime:0.000040s ]
INFO: [ app_init ] --END-- [ RunTime:0.000719s ]
INFO: [ app_begin ] --START--
INFO: Run Behavior\ReadHtmlCacheBehavior [ RunTime:0.000769s ]
INFO: [ app_begin ] --END-- [ RunTime:0.000977s ]
NOTIC: [8] Use of undefined constant 退出 - assumed '退出' C:\wamp\www\bnuzbroadcast\Application\Home\Controller\HostController.class.php 第 8 行.
NOTIC: [2] Missing argument 1 for Think\Controller::show(), called in C:\wamp\www\bnuzbroadcast\Application\Home\Controller\HostController.class.php on line 15 and defined C:\wamp\www\bnuzbroadcast\ThinkPHP\Library\Think\Controller.class.php 第 68 行.
NOTIC: [8] Undefined variable: content C:\wamp\www\bnuzbroadcast\ThinkPHP\Library\Think\Controller.class.php 第 69 行.
INFO: [ view_parse ] --START--
INFO: [ template_filter ] --START--
INFO: Run Behavior\ContentReplaceBehavior [ RunTime:0.000191s ]
INFO: [ template_filter ] --END-- [ RunTime:0.000441s ]
INFO: Run Behavior\ParseTemplateBehavior [ RunTime:0.019109s ]
INFO: [ view_parse ] --END-- [ RunTime:0.019363s ]
INFO: [ view_filter ] --START--
INFO: Run Behavior\WriteHtmlCacheBehavior [ RunTime:0.000688s ]
INFO: [ view_filter ] --END-- [ RunTime:0.000857s ]
INFO: [ app_end ] --START--
INFO: Run Behavior\ShowPageTraceBehavior [ RunTime:0.000984s ]
INFO: [ app_end ] --END-- [ RunTime:0.001275s ]

[ 2016-06-18T17:47:54+08:00 ] ::1 /bnuzbroadcast/index.php/Home/host2/index.html
INFO: [ app_init ] --START--
INFO: Run Behavior\BuildLiteBehavior [ RunTime:0.000039s ]
INFO: [ app_init ] --END-- [ RunTime:0.000710s ]
INFO: [ app_begin ] --START--
INFO: Run Behavior\ReadHtmlCacheBehavior [ RunTime:0.000773s ]
INFO: [ app_begin ] --END-- [ RunTime:0.001024s ]
NOTIC: [8] Use of undefined constant 退出 - assumed '退出' C:\wamp\www\bnuzbroadcast\Application\Home\Controller\Host2Controller.class.php 第 8 行.
NOTIC: [2] Missing argument 1 for Think\Controller::show(), called in C:\wamp\www\bnuzbroadcast\Application\Home\Controller\Host2Controller.class.php on line 15 and defined C:\wamp\www\bnuzbroadcast\ThinkPHP\Library\Think\Controller.class.php 第 68 行.
NOTIC: [8] Undefined variable: content C:\wamp\www\bnuzbroadcast\ThinkPHP\Library\Think\Controller.class.php 第 69 行.
INFO: [ view_parse ] --START--
INFO: [ template_filter ] --START--
INFO: Run Behavior\ContentReplaceBehavior [ RunTime:0.000728s ]
INFO: [ template_filter ] --END-- [ RunTime:0.000922s ]
INFO: Run Behavior\ParseTemplateBehavior [ RunTime:0.030916s ]
INFO: [ view_parse ] --END-- [ RunTime:0.031326s ]
INFO: [ view_filter ] --START--
INFO: Run Behavior\WriteHtmlCacheBehavior [ RunTime:0.000595s ]
INFO: [ view_filter ] --END-- [ RunTime:0.000856s ]
INFO: [ app_end ] --START--
INFO: Run Behavior\ShowPageTraceBehavior [ RunTime:0.001070s ]
INFO: [ app_end ] --END-- [ RunTime:0.001346s ]

[ 2016-06-18T17:47:56+08:00 ] ::1 /bnuzbroadcast/index.php/Home/Host2/hcomment.html
INFO: [ app_init ] --START--
INFO: Run Behavior\BuildLiteBehavior [ RunTime:0.000038s ]
INFO: [ app_init ] --END-- [ RunTime:0.000580s ]
INFO: [ app_begin ] --START--
INFO: Run Behavior\ReadHtmlCacheBehavior [ RunTime:0.000650s ]
INFO: [ app_begin ] --END-- [ RunTime:0.000831s ]
SQL: SHOW COLUMNS FROM `t_hcomment` [ RunTime:0.0034s ]
NOTIC: [8] Use of undefined constant hcommentcontent - assumed 'hcommentcontent' C:\wamp\www\bnuzbroadcast\Application\Home\Controller\Host2Controller.class.php 第 28 行.
NOTIC: [8] Use of undefined constant hcommentdate - assumed 'hcommentdate' C:\wamp\www\bnuzbroadcast\Application\Home\Controller\Host2Controller.class.php 第 29 行.
NOTIC: [8] Use of undefined constant hostname - assumed 'hostname' C:\wamp\www\bnuzbroadcast\Application\Home\Controller\Host2Controller.class.php 第 30 行.
NOTIC: [8] Undefined index: validate C:\wamp\www\bnuzbroadcast\ThinkPHP\Library\Think\Model.class.php 第 1185 行.
NOTIC: [8] Undefined index: auto C:\wamp\www\bnuzbroadcast\ThinkPHP\Library\Think\Model.class.php 第 1128 行.
SQL: INSERT INTO `t_hcomment` (`hcommentcontent`,`hcommentdate`,`hostname`) VALUES ('11','2016-06-18 17:47:56','mayuqing') [ RunTime:0.0054s ]
INFO: [ app_end ] --START--
INFO: Run Behavior\ShowPageTraceBehavior [ RunTime:0.000754s ]
INFO: [ app_end ] --END-- [ RunTime:0.000929s ]

[ 2016-06-18T17:49:32+08:00 ] ::1 /bnuzbroadcast/index.php/Home/Host2/hcomment.html
INFO: [ app_init ] --START--
INFO: Run Behavior\BuildLiteBehavior [ RunTime:0.000042s ]
INFO: [ app_init ] --END-- [ RunTime:0.000956s ]
INFO: [ app_begin ] --START--
INFO: Run Behavior\ReadHtmlCacheBehavior [ RunTime:0.002344s ]
INFO: [ app_begin ] --END-- [ RunTime:0.002636s ]
SQL: SHOW COLUMNS FROM `t_hcomment` [ RunTime:0.0034s ]
NOTIC: [8] Use of undefined constant hcommentcontent - assumed 'hcommentcontent' C:\wamp\www\bnuzbroadcast\Application\Home\Controller\Host2Controller.class.php 第 24 行.
NOTIC: [8] Use of undefined constant hcommentdate - assumed 'hcommentdate' C:\wamp\www\bnuzbroadcast\Application\Home\Controller\Host2Controller.class.php 第 25 行.
NOTIC: [8] Use of undefined constant hostname - assumed 'hostname' C:\wamp\www\bnuzbroadcast\Application\Home\Controller\Host2Controller.class.php 第 26 行.
NOTIC: [8] Use of undefined constant userid - assumed 'userid' C:\wamp\www\bnuzbroadcast\Application\Home\Controller\Host2Controller.class.php 第 27 行.
NOTIC: [8] Undefined index: validate C:\wamp\www\bnuzbroadcast\ThinkPHP\Library\Think\Model.class.php 第 1185 行.
NOTIC: [8] Undefined index: auto C:\wamp\www\bnuzbroadcast\ThinkPHP\Library\Think\Model.class.php 第 1128 行.
SQL: INSERT INTO `t_hcomment` (`hcommentcontent`,`hcommentdate`,`hostname`,`userid`) VALUES ('11','2016-06-18 17:49:32','mayuqing','8') [ RunTime:0.0047s ]
INFO: [ app_end ] --START--
INFO: Run Behavior\ShowPageTraceBehavior [ RunTime:0.002463s ]
INFO: [ app_end ] --END-- [ RunTime:0.002737s ]

[ 2016-06-18T17:51:52+08:00 ] ::1 /bnuzbroadcast/index.php/Home/host2/index.html
INFO: [ app_init ] --START--
INFO: Run Behavior\BuildLiteBehavior [ RunTime:0.000054s ]
INFO: [ app_init ] --END-- [ RunTime:0.000908s ]
INFO: [ app_begin ] --START--
INFO: Run Behavior\ReadHtmlCacheBehavior [ RunTime:0.001323s ]
INFO: [ app_begin ] --END-- [ RunTime:0.001590s ]
NOTIC: [8] Use of undefined constant 退出 - assumed '退出' C:\wamp\www\bnuzbroadcast\Application\Home\Controller\Host2Controller.class.php 第 8 行.
NOTIC: [2] Missing argument 1 for Think\Controller::show(), called in C:\wamp\www\bnuzbroadcast\Application\Home\Controller\Host2Controller.class.php on line 15 and defined C:\wamp\www\bnuzbroadcast\ThinkPHP\Library\Think\Controller.class.php 第 68 行.
NOTIC: [8] Undefined variable: content C:\wamp\www\bnuzbroadcast\ThinkPHP\Library\Think\Controller.class.php 第 69 行.
INFO: [ view_parse ] --START--
INFO: [ template_filter ] --START--
INFO: Run Behavior\ContentReplaceBehavior [ RunTime:0.001097s ]
INFO: [ template_filter ] --END-- [ RunTime:0.001480s ]
INFO: Run Behavior\ParseTemplateBehavior [ RunTime:0.040864s ]
INFO: [ view_parse ] --END-- [ RunTime:0.041153s ]
INFO: [ view_filter ] --START--
INFO: Run Behavior\WriteHtmlCacheBehavior [ RunTime:0.001174s ]
INFO: [ view_filter ] --END-- [ RunTime:0.001431s ]
INFO: [ app_end ] --START--
INFO: Run Behavior\ShowPageTraceBehavior [ RunTime:0.001956s ]
INFO: [ app_end ] --END-- [ RunTime:0.002405s ]

[ 2016-06-18T17:51:52+08:00 ] ::1 /bnuzbroadcast/index.php/Home/host2/index.html
INFO: [ app_init ] --START--
INFO: Run Behavior\BuildLiteBehavior [ RunTime:0.000067s ]
INFO: [ app_init ] --END-- [ RunTime:0.001180s ]
INFO: [ app_begin ] --START--
INFO: Run Behavior\ReadHtmlCacheBehavior [ RunTime:0.001622s ]
INFO: [ app_begin ] --END-- [ RunTime:0.001973s ]
NOTIC: [8] Use of undefined constant 退出 - assumed '退出' C:\wamp\www\bnuzbroadcast\Application\Home\Controller\Host2Controller.class.php 第 8 行.
NOTIC: [2] Missing argument 1 for Think\Controller::show(), called in C:\wamp\www\bnuzbroadcast\Application\Home\Controller\Host2Controller.class.php on line 15 and defined C:\wamp\www\bnuzbroadcast\ThinkPHP\Library\Think\Controller.class.php 第 68 行.
NOTIC: [8] Undefined variable: content C:\wamp\www\bnuzbroadcast\ThinkPHP\Library\Think\Controller.class.php 第 69 行.
INFO: [ view_parse ] --START--
INFO: [ template_filter ] --START--
INFO: Run Behavior\ContentReplaceBehavior [ RunTime:0.000790s ]
INFO: [ template_filter ] --END-- [ RunTime:0.000997s ]
INFO: Run Behavior\ParseTemplateBehavior [ RunTime:0.037125s ]
INFO: [ view_parse ] --END-- [ RunTime:0.037377s ]
INFO: [ view_filter ] --START--
INFO: Run Behavior\WriteHtmlCacheBehavior [ RunTime:0.001591s ]
INFO: [ view_filter ] --END-- [ RunTime:0.001922s ]
INFO: [ app_end ] --START--
INFO: Run Behavior\ShowPageTraceBehavior [ RunTime:0.001872s ]
INFO: [ app_end ] --END-- [ RunTime:0.002160s ]

[ 2016-06-18T17:51:53+08:00 ] ::1 /bnuzbroadcast/index.php/Home/Host2/hcomment.html
INFO: [ app_init ] --START--
INFO: Run Behavior\BuildLiteBehavior [ RunTime:0.000042s ]
INFO: [ app_init ] --END-- [ RunTime:0.000771s ]
INFO: [ app_begin ] --START--
INFO: Run Behavior\ReadHtmlCacheBehavior [ RunTime:0.001075s ]
INFO: [ app_begin ] --END-- [ RunTime:0.001320s ]
SQL: SHOW COLUMNS FROM `t_hcomment` [ RunTime:0.0040s ]
NOTIC: [8] Use of undefined constant hcommentcontent - assumed 'hcommentcontent' C:\wamp\www\bnuzbroadcast\Application\Home\Controller\Host2Controller.class.php 第 24 行.
NOTIC: [8] Use of undefined constant hcommentdate - assumed 'hcommentdate' C:\wamp\www\bnuzbroadcast\Application\Home\Controller\Host2Controller.class.php 第 25 行.
NOTIC: [8] Use of undefined constant hostname - assumed 'hostname' C:\wamp\www\bnuzbroadcast\Application\Home\Controller\Host2Controller.class.php 第 26 行.
NOTIC: [8] Use of undefined constant userid - assumed 'userid' C:\wamp\www\bnuzbroadcast\Application\Home\Controller\Host2Controller.class.php 第 27 行.
NOTIC: [8] Undefined index: validate C:\wamp\www\bnuzbroadcast\ThinkPHP\Library\Think\Model.class.php 第 1185 行.
NOTIC: [8] Undefined index: auto C:\wamp\www\bnuzbroadcast\ThinkPHP\Library\Think\Model.class.php 第 1128 行.
SQL: INSERT INTO `t_hcomment` (`hcommentcontent`,`hcommentdate`,`hostname`,`userid`) VALUES ('11','2016-06-18 17:51:53','mayuqing','8') [ RunTime:0.0030s ]
INFO: [ view_parse ] --START--
INFO: [ template_filter ] --START--
INFO: Run Behavior\ContentReplaceBehavior [ RunTime:0.000107s ]
INFO: [ template_filter ] --END-- [ RunTime:0.000304s ]
INFO: Run Behavior\ParseTemplateBehavior [ RunTime:0.011170s ]
INFO: [ view_parse ] --END-- [ RunTime:0.011394s ]
INFO: [ view_filter ] --START--
INFO: Run Behavior\WriteHtmlCacheBehavior [ RunTime:0.000728s ]
INFO: [ view_filter ] --END-- [ RunTime:0.000897s ]
INFO: [ app_end ] --START--
INFO: Run Behavior\ShowPageTraceBehavior [ RunTime:0.001082s ]
INFO: [ app_end ] --END-- [ RunTime:0.001268s ]

[ 2016-06-18T17:51:54+08:00 ] ::1 /bnuzbroadcast/index.php/Home/host2/index.html
INFO: [ app_init ] --START--
INFO: Run Behavior\BuildLiteBehavior [ RunTime:0.000039s ]
INFO: [ app_init ] --END-- [ RunTime:0.000746s ]
INFO: [ app_begin ] --START--
INFO: Run Behavior\ReadHtmlCacheBehavior [ RunTime:0.001561s ]
INFO: [ app_begin ] --END-- [ RunTime:0.001922s ]
NOTIC: [8] Use of undefined constant 退出 - assumed '退出' C:\wamp\www\bnuzbroadcast\Application\Home\Controller\Host2Controller.class.php 第 8 行.
NOTIC: [2] Missing argument 1 for Think\Controller::show(), called in C:\wamp\www\bnuzbroadcast\Application\Home\Controller\Host2Controller.class.php on line 15 and defined C:\wamp\www\bnuzbroadcast\ThinkPHP\Library\Think\Controller.class.php 第 68 行.
NOTIC: [8] Undefined variable: content C:\wamp\www\bnuzbroadcast\ThinkPHP\Library\Think\Controller.class.php 第 69 行.
INFO: [ view_parse ] --START--
INFO: [ template_filter ] --START--
INFO: Run Behavior\ContentReplaceBehavior [ RunTime:0.001002s ]
INFO: [ template_filter ] --END-- [ RunTime:0.001310s ]
INFO: Run Behavior\ParseTemplateBehavior [ RunTime:0.045855s ]
INFO: [ view_parse ] --END-- [ RunTime:0.046098s ]
INFO: [ view_filter ] --START--
INFO: Run Behavior\WriteHtmlCacheBehavior [ RunTime:0.000767s ]
INFO: [ view_filter ] --END-- [ RunTime:0.000938s ]
INFO: [ app_end ] --START--
INFO: Run Behavior\ShowPageTraceBehavior [ RunTime:0.001134s ]
INFO: [ app_end ] --END-- [ RunTime:0.001398s ]

[ 2016-06-18T17:54:37+08:00 ] ::1 /bnuzbroadcast/index.php/Home/host2/index.html
INFO: [ app_init ] --START--
INFO: Run Behavior\BuildLiteBehavior [ RunTime:0.000041s ]
INFO: [ app_init ] --END-- [ RunTime:0.000761s ]
INFO: [ app_begin ] --START--
INFO: Run Behavior\ReadHtmlCacheBehavior [ RunTime:0.001065s ]
INFO: [ app_begin ] --END-- [ RunTime:0.001265s ]
NOTIC: [8] Use of undefined constant 退出 - assumed '退出' C:\wamp\www\bnuzbroadcast\Application\Home\Controller\Host2Controller.class.php 第 8 行.
NOTIC: [2] Missing argument 1 for Think\Controller::show(), called in C:\wamp\www\bnuzbroadcast\Application\Home\Controller\Host2Controller.class.php on line 15 and defined C:\wamp\www\bnuzbroadcast\ThinkPHP\Library\Think\Controller.class.php 第 68 行.
NOTIC: [8] Undefined variable: content C:\wamp\www\bnuzbroadcast\ThinkPHP\Library\Think\Controller.class.php 第 69 行.
INFO: [ view_parse ] --START--
INFO: [ template_filter ] --START--
INFO: Run Behavior\ContentReplaceBehavior [ RunTime:0.000795s ]
INFO: [ template_filter ] --END-- [ RunTime:0.000987s ]
INFO: Run Behavior\ParseTemplateBehavior [ RunTime:0.033617s ]
INFO: [ view_parse ] --END-- [ RunTime:0.033854s ]
INFO: [ view_filter ] --START--
INFO: Run Behavior\WriteHtmlCacheBehavior [ RunTime:0.001000s ]
INFO: [ view_filter ] --END-- [ RunTime:0.001232s ]
INFO: [ app_end ] --START--
INFO: Run Behavior\ShowPageTraceBehavior [ RunTime:0.001174s ]
INFO: [ app_end ] --END-- [ RunTime:0.001528s ]

[ 2016-06-18T17:54:38+08:00 ] ::1 /bnuzbroadcast/index.php/Home/host2/index.html
INFO: [ app_init ] --START--
INFO: Run Behavior\BuildLiteBehavior [ RunTime:0.000063s ]
INFO: [ app_init ] --END-- [ RunTime:0.000907s ]
INFO: [ app_begin ] --START--
INFO: Run Behavior\ReadHtmlCacheBehavior [ RunTime:0.001546s ]
INFO: [ app_begin ] --END-- [ RunTime:0.001869s ]
NOTIC: [8] Use of undefined constant 退出 - assumed '退出' C:\wamp\www\bnuzbroadcast\Application\Home\Controller\Host2Controller.class.php 第 8 行.
NOTIC: [2] Missing argument 1 for Think\Controller::show(), called in C:\wamp\www\bnuzbroadcast\Application\Home\Controller\Host2Controller.class.php on line 15 and defined C:\wamp\www\bnuzbroadcast\ThinkPHP\Library\Think\Controller.class.php 第 68 行.
NOTIC: [8] Undefined variable: content C:\wamp\www\bnuzbroadcast\ThinkPHP\Library\Think\Controller.class.php 第 69 行.
INFO: [ view_parse ] --START--
INFO: [ template_filter ] --START--
INFO: Run Behavior\ContentReplaceBehavior [ RunTime:0.000827s ]
INFO: [ template_filter ] --END-- [ RunTime:0.001088s ]
INFO: Run Behavior\ParseTemplateBehavior [ RunTime:0.032891s ]
INFO: [ view_parse ] --END-- [ RunTime:0.033136s ]
INFO: [ view_filter ] --START--
INFO: Run Behavior\WriteHtmlCacheBehavior [ RunTime:0.000744s ]
INFO: [ view_filter ] --END-- [ RunTime:0.000913s ]
INFO: [ app_end ] --START--
INFO: Run Behavior\ShowPageTraceBehavior [ RunTime:0.001079s ]
INFO: [ app_end ] --END-- [ RunTime:0.001292s ]

[ 2016-06-18T17:54:39+08:00 ] ::1 /bnuzbroadcast/index.php/Home/host2/index.html
INFO: [ app_init ] --START--
INFO: Run Behavior\BuildLiteBehavior [ RunTime:0.000067s ]
INFO: [ app_init ] --END-- [ RunTime:0.000773s ]
INFO: [ app_begin ] --START--
INFO: Run Behavior\ReadHtmlCacheBehavior [ RunTime:0.001522s ]
INFO: [ app_begin ] --END-- [ RunTime:0.001869s ]
NOTIC: [8] Use of undefined constant 退出 - assumed '退出' C:\wamp\www\bnuzbroadcast\Application\Home\Controller\Host2Controller.class.php 第 8 行.
NOTIC: [2] Missing argument 1 for Think\Controller::show(), called in C:\wamp\www\bnuzbroadcast\Application\Home\Controller\Host2Controller.class.php on line 15 and defined C:\wamp\www\bnuzbroadcast\ThinkPHP\Library\Think\Controller.class.php 第 68 行.
NOTIC: [8] Undefined variable: content C:\wamp\www\bnuzbroadcast\ThinkPHP\Library\Think\Controller.class.php 第 69 行.
INFO: [ view_parse ] --START--
INFO: [ template_filter ] --START--
INFO: Run Behavior\ContentReplaceBehavior [ RunTime:0.000793s ]
INFO: [ template_filter ] --END-- [ RunTime:0.001006s ]
INFO: Run Behavior\ParseTemplateBehavior [ RunTime:0.032315s ]
INFO: [ view_parse ] --END-- [ RunTime:0.032599s ]
INFO: [ view_filter ] --START--
INFO: Run Behavior\WriteHtmlCacheBehavior [ RunTime:0.001012s ]
INFO: [ view_filter ] --END-- [ RunTime:0.001243s ]
INFO: [ app_end ] --START--
INFO: Run Behavior\ShowPageTraceBehavior [ RunTime:0.001355s ]
INFO: [ app_end ] --END-- [ RunTime:0.001651s ]

[ 2016-06-18T17:54:40+08:00 ] ::1 /bnuzbroadcast/index.php/Home/host2/index.html
INFO: [ app_init ] --START--
INFO: Run Behavior\BuildLiteBehavior [ RunTime:0.000040s ]
INFO: [ app_init ] --END-- [ RunTime:0.000651s ]
INFO: [ app_begin ] --START--
INFO: Run Behavior\ReadHtmlCacheBehavior [ RunTime:0.001031s ]
INFO: [ app_begin ] --END-- [ RunTime:0.001242s ]
NOTIC: [8] Use of undefined constant 退出 - assumed '退出' C:\wamp\www\bnuzbroadcast\Application\Home\Controller\Host2Controller.class.php 第 8 行.
NOTIC: [2] Missing argument 1 for Think\Controller::show(), called in C:\wamp\www\bnuzbroadcast\Application\Home\Controller\Host2Controller.class.php on line 15 and defined C:\wamp\www\bnuzbroadcast\ThinkPHP\Library\Think\Controller.class.php 第 68 行.
NOTIC: [8] Undefined variable: content C:\wamp\www\bnuzbroadcast\ThinkPHP\Library\Think\Controller.class.php 第 69 行.
INFO: [ view_parse ] --START--
INFO: [ template_filter ] --START--
INFO: Run Behavior\ContentReplaceBehavior [ RunTime:0.001207s ]
INFO: [ template_filter ] --END-- [ RunTime:0.001475s ]
INFO: Run Behavior\ParseTemplateBehavior [ RunTime:0.035880s ]
INFO: [ view_parse ] --END-- [ RunTime:0.036206s ]
INFO: [ view_filter ] --START--
INFO: Run Behavior\WriteHtmlCacheBehavior [ RunTime:0.000854s ]
INFO: [ view_filter ] --END-- [ RunTime:0.001081s ]
INFO: [ app_end ] --START--
INFO: Run Behavior\ShowPageTraceBehavior [ RunTime:0.001687s ]
INFO: [ app_end ] --END-- [ RunTime:0.002025s ]

[ 2016-06-18T17:54:41+08:00 ] ::1 /bnuzbroadcast/index.php/Home/host2/index.html
INFO: [ app_init ] --START--
INFO: Run Behavior\BuildLiteBehavior [ RunTime:0.000061s ]
INFO: [ app_init ] --END-- [ RunTime:0.000785s ]
INFO: [ app_begin ] --START--
INFO: Run Behavior\ReadHtmlCacheBehavior [ RunTime:0.001610s ]
INFO: [ app_begin ] --END-- [ RunTime:0.001864s ]
NOTIC: [8] Use of undefined constant 退出 - assumed '退出' C:\wamp\www\bnuzbroadcast\Application\Home\Controller\Host2Controller.class.php 第 8 行.
NOTIC: [2] Missing argument 1 for Think\Controller::show(), called in C:\wamp\www\bnuzbroadcast\Application\Home\Controller\Host2Controller.class.php on line 15 and defined C:\wamp\www\bnuzbroadcast\ThinkPHP\Library\Think\Controller.class.php 第 68 行.
NOTIC: [8] Undefined variable: content C:\wamp\www\bnuzbroadcast\ThinkPHP\Library\Think\Controller.class.php 第 69 行.
INFO: [ view_parse ] --START--
INFO: [ template_filter ] --START--
INFO: Run Behavior\ContentReplaceBehavior [ RunTime:0.000789s ]
INFO: [ template_filter ] --END-- [ RunTime:0.000977s ]
INFO: Run Behavior\ParseTemplateBehavior [ RunTime:0.034855s ]
INFO: [ view_parse ] --END-- [ RunTime:0.035044s ]
INFO: [ view_filter ] --START--
INFO: Run Behavior\WriteHtmlCacheBehavior [ RunTime:0.001987s ]
INFO: [ view_filter ] --END-- [ RunTime:0.002605s ]
INFO: [ app_end ] --START--
INFO: Run Behavior\ShowPageTraceBehavior [ RunTime:0.002429s ]
INFO: [ app_end ] --END-- [ RunTime:0.002840s ]

[ 2016-06-18T17:54:47+08:00 ] ::1 /bnuzbroadcast/index.php/Home/host2/index.html
INFO: [ app_init ] --START--
INFO: Run Behavior\BuildLiteBehavior [ RunTime:0.000043s ]
INFO: [ app_init ] --END-- [ RunTime:0.000920s ]
INFO: [ app_begin ] --START--
INFO: Run Behavior\ReadHtmlCacheBehavior [ RunTime:0.001169s ]
INFO: [ app_begin ] --END-- [ RunTime:0.001448s ]
NOTIC: [8] Use of undefined constant 退出 - assumed '退出' C:\wamp\www\bnuzbroadcast\Application\Home\Controller\Host2Controller.class.php 第 8 行.
NOTIC: [2] Missing argument 1 for Think\Controller::show(), called in C:\wamp\www\bnuzbroadcast\Application\Home\Controller\Host2Controller.class.php on line 15 and defined C:\wamp\www\bnuzbroadcast\ThinkPHP\Library\Think\Controller.class.php 第 68 行.
NOTIC: [8] Undefined variable: content C:\wamp\www\bnuzbroadcast\ThinkPHP\Library\Think\Controller.class.php 第 69 行.
INFO: [ view_parse ] --START--
INFO: [ template_filter ] --START--
INFO: Run Behavior\ContentReplaceBehavior [ RunTime:0.000792s ]
INFO: [ template_filter ] --END-- [ RunTime:0.000985s ]
INFO: Run Behavior\ParseTemplateBehavior [ RunTime:0.035972s ]
INFO: [ view_parse ] --END-- [ RunTime:0.036162s ]
INFO: [ view_filter ] --START--
INFO: Run Behavior\WriteHtmlCacheBehavior [ RunTime:0.000764s ]
INFO: [ view_filter ] --END-- [ RunTime:0.000950s ]
INFO: [ app_end ] --START--
INFO: Run Behavior\ShowPageTraceBehavior [ RunTime:0.001351s ]
INFO: [ app_end ] --END-- [ RunTime:0.001876s ]

[ 2016-06-18T17:54:47+08:00 ] ::1 /bnuzbroadcast/index.php/Home/host2/index.html
INFO: [ app_init ] --START--
INFO: Run Behavior\BuildLiteBehavior [ RunTime:0.000068s ]
INFO: [ app_init ] --END-- [ RunTime:0.001045s ]
INFO: [ app_begin ] --START--
INFO: Run Behavior\ReadHtmlCacheBehavior [ RunTime:0.001262s ]
INFO: [ app_begin ] --END-- [ RunTime:0.001535s ]
NOTIC: [8] Use of undefined constant 退出 - assumed '退出' C:\wamp\www\bnuzbroadcast\Application\Home\Controller\Host2Controller.class.php 第 8 行.
NOTIC: [2] Missing argument 1 for Think\Controller::show(), called in C:\wamp\www\bnuzbroadcast\Application\Home\Controller\Host2Controller.class.php on line 15 and defined C:\wamp\www\bnuzbroadcast\ThinkPHP\Library\Think\Controller.class.php 第 68 行.
NOTIC: [8] Undefined variable: content C:\wamp\www\bnuzbroadcast\ThinkPHP\Library\Think\Controller.class.php 第 69 行.
INFO: [ view_parse ] --START--
INFO: [ template_filter ] --START--
INFO: Run Behavior\ContentReplaceBehavior [ RunTime:0.000723s ]
INFO: [ template_filter ] --END-- [ RunTime:0.000926s ]
INFO: Run Behavior\ParseTemplateBehavior [ RunTime:0.038458s ]
INFO: [ view_parse ] --END-- [ RunTime:0.038797s ]
INFO: [ view_filter ] --START--
INFO: Run Behavior\WriteHtmlCacheBehavior [ RunTime:0.000818s ]
INFO: [ view_filter ] --END-- [ RunTime:0.000994s ]
INFO: [ app_end ] --START--
INFO: Run Behavior\ShowPageTraceBehavior [ RunTime:0.001550s ]
INFO: [ app_end ] --END-- [ RunTime:0.001910s ]

[ 2016-06-18T17:54:48+08:00 ] ::1 /bnuzbroadcast/index.php/Home/host2/index.html
INFO: [ app_init ] --START--
INFO: Run Behavior\BuildLiteBehavior [ RunTime:0.000056s ]
INFO: [ app_init ] --END-- [ RunTime:0.000825s ]
INFO: [ app_begin ] --START--
INFO: Run Behavior\ReadHtmlCacheBehavior [ RunTime:0.001339s ]
INFO: [ app_begin ] --END-- [ RunTime:0.001569s ]
NOTIC: [8] Use of undefined constant 退出 - assumed '退出' C:\wamp\www\bnuzbroadcast\Application\Home\Controller\Host2Controller.class.php 第 8 行.
NOTIC: [2] Missing argument 1 for Think\Controller::show(), called in C:\wamp\www\bnuzbroadcast\Application\Home\Controller\Host2Controller.class.php on line 15 and defined C:\wamp\www\bnuzbroadcast\ThinkPHP\Library\Think\Controller.class.php 第 68 行.
NOTIC: [8] Undefined variable: content C:\wamp\www\bnuzbroadcast\ThinkPHP\Library\Think\Controller.class.php 第 69 行.
INFO: [ view_parse ] --START--
INFO: [ template_filter ] --START--
INFO: Run Behavior\ContentReplaceBehavior [ RunTime:0.001193s ]
INFO: [ template_filter ] --END-- [ RunTime:0.001465s ]
INFO: Run Behavior\ParseTemplateBehavior [ RunTime:0.038800s ]
INFO: [ view_parse ] --END-- [ RunTime:0.039079s ]
INFO: [ view_filter ] --START--
INFO: Run Behavior\WriteHtmlCacheBehavior [ RunTime:0.000747s ]
INFO: [ view_filter ] --END-- [ RunTime:0.001015s ]
INFO: [ app_end ] --START--
INFO: Run Behavior\ShowPageTraceBehavior [ RunTime:0.001117s ]
INFO: [ app_end ] --END-- [ RunTime:0.001424s ]

[ 2016-06-18T17:54:48+08:00 ] ::1 /bnuzbroadcast/index.php/Home/host2/index.html
INFO: [ app_init ] --START--
INFO: Run Behavior\BuildLiteBehavior [ RunTime:0.000040s ]
INFO: [ app_init ] --END-- [ RunTime:0.000887s ]
INFO: [ app_begin ] --START--
INFO: Run Behavior\ReadHtmlCacheBehavior [ RunTime:0.001489s ]
INFO: [ app_begin ] --END-- [ RunTime:0.001782s ]
NOTIC: [8] Use of undefined constant 退出 - assumed '退出' C:\wamp\www\bnuzbroadcast\Application\Home\Controller\Host2Controller.class.php 第 8 行.
NOTIC: [2] Missing argument 1 for Think\Controller::show(), called in C:\wamp\www\bnuzbroadcast\Application\Home\Controller\Host2Controller.class.php on line 15 and defined C:\wamp\www\bnuzbroadcast\ThinkPHP\Library\Think\Controller.class.php 第 68 行.
NOTIC: [8] Undefined variable: content C:\wamp\www\bnuzbroadcast\ThinkPHP\Library\Think\Controller.class.php 第 69 行.
INFO: [ view_parse ] --START--
INFO: [ template_filter ] --START--
INFO: Run Behavior\ContentReplaceBehavior [ RunTime:0.001375s ]
INFO: [ template_filter ] --END-- [ RunTime:0.001589s ]
INFO: Run Behavior\ParseTemplateBehavior [ RunTime:0.038421s ]
INFO: [ view_parse ] --END-- [ RunTime:0.038676s ]
INFO: [ view_filter ] --START--
INFO: Run Behavior\WriteHtmlCacheBehavior [ RunTime:0.000792s ]
INFO: [ view_filter ] --END-- [ RunTime:0.000959s ]
INFO: [ app_end ] --START--
INFO: Run Behavior\ShowPageTraceBehavior [ RunTime:0.001329s ]
INFO: [ app_end ] --END-- [ RunTime:0.001701s ]

[ 2016-06-18T17:54:49+08:00 ] ::1 /bnuzbroadcast/index.php/Home/host2/index.html
INFO: [ app_init ] --START--
INFO: Run Behavior\BuildLiteBehavior [ RunTime:0.000064s ]
INFO: [ app_init ] --END-- [ RunTime:0.000998s ]
INFO: [ app_begin ] --START--
INFO: Run Behavior\ReadHtmlCacheBehavior [ RunTime:0.001673s ]
INFO: [ app_begin ] --END-- [ RunTime:0.001986s ]
NOTIC: [8] Use of undefined constant 退出 - assumed '退出' C:\wamp\www\bnuzbroadcast\Application\Home\Controller\Host2Controller.class.php 第 8 行.
NOTIC: [2] Missing argument 1 for Think\Controller::show(), called in C:\wamp\www\bnuzbroadcast\Application\Home\Controller\Host2Controller.class.php on line 15 and defined C:\wamp\www\bnuzbroadcast\ThinkPHP\Library\Think\Controller.class.php 第 68 行.
NOTIC: [8] Undefined variable: content C:\wamp\www\bnuzbroadcast\ThinkPHP\Library\Think\Controller.class.php 第 69 行.
INFO: [ view_parse ] --START--
INFO: [ template_filter ] --START--
INFO: Run Behavior\ContentReplaceBehavior [ RunTime:0.000681s ]
INFO: [ template_filter ] --END-- [ RunTime:0.000946s ]
INFO: Run Behavior\ParseTemplateBehavior [ RunTime:0.037820s ]
INFO: [ view_parse ] --END-- [ RunTime:0.038084s ]
INFO: [ view_filter ] --START--
INFO: Run Behavior\WriteHtmlCacheBehavior [ RunTime:0.000823s ]
INFO: [ view_filter ] --END-- [ RunTime:0.001009s ]
INFO: [ app_end ] --START--
INFO: Run Behavior\ShowPageTraceBehavior [ RunTime:0.001881s ]
INFO: [ app_end ] --END-- [ RunTime:0.002409s ]

[ 2016-06-18T17:54:49+08:00 ] ::1 /bnuzbroadcast/index.php/Home/host2/index.html
INFO: [ app_init ] --START--
INFO: Run Behavior\BuildLiteBehavior [ RunTime:0.000042s ]
INFO: [ app_init ] --END-- [ RunTime:0.001182s ]
INFO: [ app_begin ] --START--
INFO: Run Behavior\ReadHtmlCacheBehavior [ RunTime:0.001303s ]
INFO: [ app_begin ] --END-- [ RunTime:0.001542s ]
NOTIC: [8] Use of undefined constant 退出 - assumed '退出' C:\wamp\www\bnuzbroadcast\Application\Home\Controller\Host2Controller.class.php 第 8 行.
NOTIC: [2] Missing argument 1 for Think\Controller::show(), called in C:\wamp\www\bnuzbroadcast\Application\Home\Controller\Host2Controller.class.php on line 15 and defined C:\wamp\www\bnuzbroadcast\ThinkPHP\Library\Think\Controller.class.php 第 68 行.
NOTIC: [8] Undefined variable: content C:\wamp\www\bnuzbroadcast\ThinkPHP\Library\Think\Controller.class.php 第 69 行.
INFO: [ view_parse ] --START--
INFO: [ template_filter ] --START--
INFO: Run Behavior\ContentReplaceBehavior [ RunTime:0.000720s ]
INFO: [ template_filter ] --END-- [ RunTime:0.000971s ]
INFO: Run Behavior\ParseTemplateBehavior [ RunTime:0.038852s ]
INFO: [ view_parse ] --END-- [ RunTime:0.039184s ]
INFO: [ view_filter ] --START--
INFO: Run Behavior\WriteHtmlCacheBehavior [ RunTime:0.001189s ]
INFO: [ view_filter ] --END-- [ RunTime:0.001598s ]
INFO: [ app_end ] --START--
INFO: Run Behavior\ShowPageTraceBehavior [ RunTime:0.001335s ]
INFO: [ app_end ] --END-- [ RunTime:0.001851s ]

[ 2016-06-18T17:54:55+08:00 ] ::1 /bnuzbroadcast/index.php/Home/host2/index.html
INFO: [ app_init ] --START--
INFO: Run Behavior\BuildLiteBehavior [ RunTime:0.000038s ]
INFO: [ app_init ] --END-- [ RunTime:0.000701s ]
INFO: [ app_begin ] --START--
INFO: Run Behavior\ReadHtmlCacheBehavior [ RunTime:0.001037s ]
INFO: [ app_begin ] --END-- [ RunTime:0.001261s ]
NOTIC: [8] Use of undefined constant 退出 - assumed '退出' C:\wamp\www\bnuzbroadcast\Application\Home\Controller\Host2Controller.class.php 第 8 行.
NOTIC: [2] Missing argument 1 for Think\Controller::show(), called in C:\wamp\www\bnuzbroadcast\Application\Home\Controller\Host2Controller.class.php on line 15 and defined C:\wamp\www\bnuzbroadcast\ThinkPHP\Library\Think\Controller.class.php 第 68 行.
NOTIC: [8] Undefined variable: content C:\wamp\www\bnuzbroadcast\ThinkPHP\Library\Think\Controller.class.php 第 69 行.
INFO: [ view_parse ] --START--
INFO: [ template_filter ] --START--
INFO: Run Behavior\ContentReplaceBehavior [ RunTime:0.000885s ]
INFO: [ template_filter ] --END-- [ RunTime:0.001089s ]
INFO: Run Behavior\ParseTemplateBehavior [ RunTime:0.038325s ]
INFO: [ view_parse ] --END-- [ RunTime:0.038540s ]
INFO: [ view_filter ] --START--
INFO: Run Behavior\WriteHtmlCacheBehavior [ RunTime:0.001226s ]
INFO: [ view_filter ] --END-- [ RunTime:0.001551s ]
INFO: [ app_end ] --START--
INFO: Run Behavior\ShowPageTraceBehavior [ RunTime:0.001914s ]
INFO: [ app_end ] --END-- [ RunTime:0.002775s ]

