[ 2016-07-01T10:09:34+08:00 ] ::1 /bnuzbroadcast/
INFO: [ app_init ] --START--
INFO: Run Behavior\BuildLiteBehavior [ RunTime:0.000029s ]
INFO: [ app_init ] --END-- [ RunTime:0.000678s ]
INFO: [ app_begin ] --START--
INFO: Run Behavior\ReadHtmlCacheBehavior [ RunTime:0.000824s ]
INFO: [ app_begin ] --END-- [ RunTime:0.000908s ]
NOTIC: [8] Undefined index: username E:\php\WWW\bnuzbroadcast\Application\Home\Controller\IndexController.class.php 第 7 行.
NOTIC: [8] Use of undefined constant 登陆 - assumed '登陆' E:\php\WWW\bnuzbroadcast\Application\Home\Controller\IndexController.class.php 第 11 行.
NOTIC: [8] Use of undefined constant 注册 - assumed '注册' E:\php\WWW\bnuzbroadcast\Application\Home\Controller\IndexController.class.php 第 11 行.
NOTIC: [2] Missing argument 1 for Think\Controller::show(), called in E:\php\WWW\bnuzbroadcast\Application\Home\Controller\IndexController.class.php on line 14 and defined E:\php\WWW\bnuzbroadcast\ThinkPHP\Library\Think\Controller.class.php 第 68 行.
NOTIC: [8] Undefined variable: content E:\php\WWW\bnuzbroadcast\ThinkPHP\Library\Think\Controller.class.php 第 69 行.
INFO: [ view_parse ] --START--
INFO: [ template_filter ] --START--
INFO: Run Behavior\ContentReplaceBehavior [ RunTime:0.000119s ]
INFO: [ template_filter ] --END-- [ RunTime:0.000206s ]
INFO: Run Behavior\ParseTemplateBehavior [ RunTime:0.038356s ]
INFO: [ view_parse ] --END-- [ RunTime:0.038452s ]
INFO: [ view_filter ] --START--
INFO: Run Behavior\WriteHtmlCacheBehavior [ RunTime:0.000554s ]
INFO: [ view_filter ] --END-- [ RunTime:0.000616s ]
INFO: [ app_end ] --START--
INFO: Run Behavior\ShowPageTraceBehavior [ RunTime:0.000809s ]
INFO: [ app_end ] --END-- [ RunTime:0.000884s ]

[ 2016-07-01T10:09:34+08:00 ] ::1 /bnuzbroadcast/
INFO: [ app_init ] --START--
INFO: Run Behavior\BuildLiteBehavior [ RunTime:0.000025s ]
INFO: [ app_init ] --END-- [ RunTime:0.000724s ]
INFO: [ app_begin ] --START--
INFO: Run Behavior\ReadHtmlCacheBehavior [ RunTime:0.000897s ]
INFO: [ app_begin ] --END-- [ RunTime:0.000991s ]
NOTIC: [8] Undefined index: username E:\php\WWW\bnuzbroadcast\Application\Home\Controller\IndexController.class.php 第 7 行.
NOTIC: [8] Use of undefined constant 登陆 - assumed '登陆' E:\php\WWW\bnuzbroadcast\Application\Home\Controller\IndexController.class.php 第 11 行.
NOTIC: [8] Use of undefined constant 注册 - assumed '注册' E:\php\WWW\bnuzbroadcast\Application\Home\Controller\IndexController.class.php 第 11 行.
NOTIC: [2] Missing argument 1 for Think\Controller::show(), called in E:\php\WWW\bnuzbroadcast\Application\Home\Controller\IndexController.class.php on line 14 and defined E:\php\WWW\bnuzbroadcast\ThinkPHP\Library\Think\Controller.class.php 第 68 行.
NOTIC: [8] Undefined variable: content E:\php\WWW\bnuzbroadcast\ThinkPHP\Library\Think\Controller.class.php 第 69 行.
INFO: [ view_parse ] --START--
INFO: [ template_filter ] --START--
INFO: Run Behavior\ContentReplaceBehavior [ RunTime:0.000117s ]
INFO: [ template_filter ] --END-- [ RunTime:0.000202s ]
INFO: Run Behavior\ParseTemplateBehavior [ RunTime:0.011675s ]
INFO: [ view_parse ] --END-- [ RunTime:0.011850s ]
INFO: [ view_filter ] --START--
INFO: Run Behavior\WriteHtmlCacheBehavior [ RunTime:0.000844s ]
INFO: [ view_filter ] --END-- [ RunTime:0.000950s ]
INFO: [ app_end ] --START--
INFO: Run Behavior\ShowPageTraceBehavior [ RunTime:0.001106s ]
INFO: [ app_end ] --END-- [ RunTime:0.001218s ]

[ 2016-07-01T10:10:11+08:00 ] ::1 /bnuzbroadcast/
INFO: [ app_init ] --START--
INFO: Run Behavior\BuildLiteBehavior [ RunTime:0.000033s ]
INFO: [ app_init ] --END-- [ RunTime:0.000765s ]
INFO: [ app_begin ] --START--
INFO: Run Behavior\ReadHtmlCacheBehavior [ RunTime:0.001019s ]
INFO: [ app_begin ] --END-- [ RunTime:0.001154s ]
NOTIC: [8] Undefined index: username E:\php\WWW\bnuzbroadcast\Application\Home\Controller\IndexController.class.php 第 7 行.
NOTIC: [8] Use of undefined constant 登陆 - assumed '登陆' E:\php\WWW\bnuzbroadcast\Application\Home\Controller\IndexController.class.php 第 11 行.
NOTIC: [8] Use of undefined constant 注册 - assumed '注册' E:\php\WWW\bnuzbroadcast\Application\Home\Controller\IndexController.class.php 第 11 行.
NOTIC: [2] Missing argument 1 for Think\Controller::show(), called in E:\php\WWW\bnuzbroadcast\Application\Home\Controller\IndexController.class.php on line 14 and defined E:\php\WWW\bnuzbroadcast\ThinkPHP\Library\Think\Controller.class.php 第 68 行.
NOTIC: [8] Undefined variable: content E:\php\WWW\bnuzbroadcast\ThinkPHP\Library\Think\Controller.class.php 第 69 行.
INFO: [ view_parse ] --START--
INFO: [ template_filter ] --START--
INFO: Run Behavior\ContentReplaceBehavior [ RunTime:0.000129s ]
INFO: [ template_filter ] --END-- [ RunTime:0.000228s ]
INFO: Run Behavior\ParseTemplateBehavior [ RunTime:0.014208s ]
INFO: [ view_parse ] --END-- [ RunTime:0.014308s ]
INFO: [ view_filter ] --START--
INFO: Run Behavior\WriteHtmlCacheBehavior [ RunTime:0.000542s ]
INFO: [ view_filter ] --END-- [ RunTime:0.000628s ]
INFO: [ app_end ] --START--
INFO: Run Behavior\ShowPageTraceBehavior [ RunTime:0.000913s ]
INFO: [ app_end ] --END-- [ RunTime:0.001026s ]

[ 2016-07-01T10:10:11+08:00 ] ::1 /bnuzbroadcast/
INFO: [ app_init ] --START--
INFO: Run Behavior\BuildLiteBehavior [ RunTime:0.000038s ]
INFO: [ app_init ] --END-- [ RunTime:0.000872s ]
INFO: [ app_begin ] --START--
INFO: Run Behavior\ReadHtmlCacheBehavior [ RunTime:0.001111s ]
INFO: [ app_begin ] --END-- [ RunTime:0.001241s ]
NOTIC: [8] Undefined index: username E:\php\WWW\bnuzbroadcast\Application\Home\Controller\IndexController.class.php 第 7 行.
NOTIC: [8] Use of undefined constant 登陆 - assumed '登陆' E:\php\WWW\bnuzbroadcast\Application\Home\Controller\IndexController.class.php 第 11 行.
NOTIC: [8] Use of undefined constant 注册 - assumed '注册' E:\php\WWW\bnuzbroadcast\Application\Home\Controller\IndexController.class.php 第 11 行.
NOTIC: [2] Missing argument 1 for Think\Controller::show(), called in E:\php\WWW\bnuzbroadcast\Application\Home\Controller\IndexController.class.php on line 14 and defined E:\php\WWW\bnuzbroadcast\ThinkPHP\Library\Think\Controller.class.php 第 68 行.
NOTIC: [8] Undefined variable: content E:\php\WWW\bnuzbroadcast\ThinkPHP\Library\Think\Controller.class.php 第 69 行.
INFO: [ view_parse ] --START--
INFO: [ template_filter ] --START--
INFO: Run Behavior\ContentReplaceBehavior [ RunTime:0.000117s ]
INFO: [ template_filter ] --END-- [ RunTime:0.000200s ]
INFO: Run Behavior\ParseTemplateBehavior [ RunTime:0.011715s ]
INFO: [ view_parse ] --END-- [ RunTime:0.011813s ]
INFO: [ view_filter ] --START--
INFO: Run Behavior\WriteHtmlCacheBehavior [ RunTime:0.000553s ]
INFO: [ view_filter ] --END-- [ RunTime:0.000619s ]
INFO: [ app_end ] --START--
INFO: Run Behavior\ShowPageTraceBehavior [ RunTime:0.000940s ]
INFO: [ app_end ] --END-- [ RunTime:0.001027s ]

[ 2016-07-01T10:10:31+08:00 ] ::1 /bnuzbroadcast/
INFO: [ app_init ] --START--
INFO: Run Behavior\BuildLiteBehavior [ RunTime:0.000041s ]
INFO: [ app_init ] --END-- [ RunTime:0.000828s ]
INFO: [ app_begin ] --START--
INFO: Run Behavior\ReadHtmlCacheBehavior [ RunTime:0.001005s ]
INFO: [ app_begin ] --END-- [ RunTime:0.001140s ]
NOTIC: [8] Undefined index: username E:\php\WWW\bnuzbroadcast\Application\Home\Controller\IndexController.class.php 第 7 行.
NOTIC: [8] Use of undefined constant 登陆 - assumed '登陆' E:\php\WWW\bnuzbroadcast\Application\Home\Controller\IndexController.class.php 第 11 行.
NOTIC: [8] Use of undefined constant 注册 - assumed '注册' E:\php\WWW\bnuzbroadcast\Application\Home\Controller\IndexController.class.php 第 11 行.
NOTIC: [2] Missing argument 1 for Think\Controller::show(), called in E:\php\WWW\bnuzbroadcast\Application\Home\Controller\IndexController.class.php on line 14 and defined E:\php\WWW\bnuzbroadcast\ThinkPHP\Library\Think\Controller.class.php 第 68 行.
NOTIC: [8] Undefined variable: content E:\php\WWW\bnuzbroadcast\ThinkPHP\Library\Think\Controller.class.php 第 69 行.
INFO: [ view_parse ] --START--
INFO: [ template_filter ] --START--
INFO: Run Behavior\ContentReplaceBehavior [ RunTime:0.000211s ]
INFO: [ template_filter ] --END-- [ RunTime:0.000362s ]
INFO: Run Behavior\ParseTemplateBehavior [ RunTime:0.015194s ]
INFO: [ view_parse ] --END-- [ RunTime:0.015349s ]
INFO: [ view_filter ] --START--
INFO: Run Behavior\WriteHtmlCacheBehavior [ RunTime:0.000750s ]
INFO: [ view_filter ] --END-- [ RunTime:0.000904s ]
INFO: [ app_end ] --START--
INFO: Run Behavior\ShowPageTraceBehavior [ RunTime:0.001125s ]
INFO: [ app_end ] --END-- [ RunTime:0.001276s ]

[ 2016-07-01T10:10:31+08:00 ] ::1 /bnuzbroadcast/
INFO: [ app_init ] --START--
INFO: Run Behavior\BuildLiteBehavior [ RunTime:0.000036s ]
INFO: [ app_init ] --END-- [ RunTime:0.000749s ]
INFO: [ app_begin ] --START--
INFO: Run Behavior\ReadHtmlCacheBehavior [ RunTime:0.001015s ]
INFO: [ app_begin ] --END-- [ RunTime:0.001163s ]
NOTIC: [8] Undefined index: username E:\php\WWW\bnuzbroadcast\Application\Home\Controller\IndexController.class.php 第 7 行.
NOTIC: [8] Use of undefined constant 登陆 - assumed '登陆' E:\php\WWW\bnuzbroadcast\Application\Home\Controller\IndexController.class.php 第 11 行.
NOTIC: [8] Use of undefined constant 注册 - assumed '注册' E:\php\WWW\bnuzbroadcast\Application\Home\Controller\IndexController.class.php 第 11 行.
NOTIC: [2] Missing argument 1 for Think\Controller::show(), called in E:\php\WWW\bnuzbroadcast\Application\Home\Controller\IndexController.class.php on line 14 and defined E:\php\WWW\bnuzbroadcast\ThinkPHP\Library\Think\Controller.class.php 第 68 行.
NOTIC: [8] Undefined variable: content E:\php\WWW\bnuzbroadcast\ThinkPHP\Library\Think\Controller.class.php 第 69 行.
INFO: [ view_parse ] --START--
INFO: [ template_filter ] --START--
INFO: Run Behavior\ContentReplaceBehavior [ RunTime:0.000206s ]
INFO: [ template_filter ] --END-- [ RunTime:0.000350s ]
INFO: Run Behavior\ParseTemplateBehavior [ RunTime:0.014245s ]
INFO: [ view_parse ] --END-- [ RunTime:0.014412s ]
INFO: [ view_filter ] --START--
INFO: Run Behavior\WriteHtmlCacheBehavior [ RunTime:0.000460s ]
INFO: [ view_filter ] --END-- [ RunTime:0.000543s ]
INFO: [ app_end ] --START--
INFO: Run Behavior\ShowPageTraceBehavior [ RunTime:0.001078s ]
INFO: [ app_end ] --END-- [ RunTime:0.001219s ]

[ 2016-07-01T10:10:43+08:00 ] ::1 /bnuzbroadcast/
INFO: [ app_init ] --START--
INFO: Run Behavior\BuildLiteBehavior [ RunTime:0.000037s ]
INFO: [ app_init ] --END-- [ RunTime:0.000842s ]
INFO: [ app_begin ] --START--
INFO: Run Behavior\ReadHtmlCacheBehavior [ RunTime:0.000678s ]
INFO: [ app_begin ] --END-- [ RunTime:0.000774s ]
NOTIC: [8] Undefined index: username E:\php\WWW\bnuzbroadcast\Application\Home\Controller\IndexController.class.php 第 7 行.
NOTIC: [8] Use of undefined constant 登陆 - assumed '登陆' E:\php\WWW\bnuzbroadcast\Application\Home\Controller\IndexController.class.php 第 11 行.
NOTIC: [8] Use of undefined constant 注册 - assumed '注册' E:\php\WWW\bnuzbroadcast\Application\Home\Controller\IndexController.class.php 第 11 行.
NOTIC: [2] Missing argument 1 for Think\Controller::show(), called in E:\php\WWW\bnuzbroadcast\Application\Home\Controller\IndexController.class.php on line 14 and defined E:\php\WWW\bnuzbroadcast\ThinkPHP\Library\Think\Controller.class.php 第 68 行.
NOTIC: [8] Undefined variable: content E:\php\WWW\bnuzbroadcast\ThinkPHP\Library\Think\Controller.class.php 第 69 行.
INFO: [ view_parse ] --START--
INFO: [ template_filter ] --START--
INFO: Run Behavior\ContentReplaceBehavior [ RunTime:0.000197s ]
INFO: [ template_filter ] --END-- [ RunTime:0.000345s ]
INFO: Run Behavior\ParseTemplateBehavior [ RunTime:0.014865s ]
INFO: [ view_parse ] --END-- [ RunTime:0.015009s ]
INFO: [ view_filter ] --START--
INFO: Run Behavior\WriteHtmlCacheBehavior [ RunTime:0.000544s ]
INFO: [ view_filter ] --END-- [ RunTime:0.000639s ]
INFO: [ app_end ] --START--
INFO: Run Behavior\ShowPageTraceBehavior [ RunTime:0.001007s ]
INFO: [ app_end ] --END-- [ RunTime:0.001117s ]

[ 2016-07-01T10:10:43+08:00 ] ::1 /bnuzbroadcast/
INFO: [ app_init ] --START--
INFO: Run Behavior\BuildLiteBehavior [ RunTime:0.000037s ]
INFO: [ app_init ] --END-- [ RunTime:0.000905s ]
INFO: [ app_begin ] --START--
INFO: Run Behavior\ReadHtmlCacheBehavior [ RunTime:0.001326s ]
INFO: [ app_begin ] --END-- [ RunTime:0.001491s ]
NOTIC: [8] Undefined index: username E:\php\WWW\bnuzbroadcast\Application\Home\Controller\IndexController.class.php 第 7 行.
NOTIC: [8] Use of undefined constant 登陆 - assumed '登陆' E:\php\WWW\bnuzbroadcast\Application\Home\Controller\IndexController.class.php 第 11 行.
NOTIC: [8] Use of undefined constant 注册 - assumed '注册' E:\php\WWW\bnuzbroadcast\Application\Home\Controller\IndexController.class.php 第 11 行.
NOTIC: [2] Missing argument 1 for Think\Controller::show(), called in E:\php\WWW\bnuzbroadcast\Application\Home\Controller\IndexController.class.php on line 14 and defined E:\php\WWW\bnuzbroadcast\ThinkPHP\Library\Think\Controller.class.php 第 68 行.
NOTIC: [8] Undefined variable: content E:\php\WWW\bnuzbroadcast\ThinkPHP\Library\Think\Controller.class.php 第 69 行.
INFO: [ view_parse ] --START--
INFO: [ template_filter ] --START--
INFO: Run Behavior\ContentReplaceBehavior [ RunTime:0.000124s ]
INFO: [ template_filter ] --END-- [ RunTime:0.000222s ]
INFO: Run Behavior\ParseTemplateBehavior [ RunTime:0.013775s ]
INFO: [ view_parse ] --END-- [ RunTime:0.013931s ]
INFO: [ view_filter ] --START--
INFO: Run Behavior\WriteHtmlCacheBehavior [ RunTime:0.000511s ]
INFO: [ view_filter ] --END-- [ RunTime:0.000580s ]
INFO: [ app_end ] --START--
INFO: Run Behavior\ShowPageTraceBehavior [ RunTime:0.000985s ]
INFO: [ app_end ] --END-- [ RunTime:0.001078s ]

[ 2016-07-01T10:18:29+08:00 ] ::1 /bnuzbroadcast/
INFO: [ app_init ] --START--
INFO: Run Behavior\BuildLiteBehavior [ RunTime:0.000024s ]
INFO: [ app_init ] --END-- [ RunTime:0.000675s ]
INFO: [ app_begin ] --START--
INFO: Run Behavior\ReadHtmlCacheBehavior [ RunTime:0.000817s ]
INFO: [ app_begin ] --END-- [ RunTime:0.000901s ]
NOTIC: [8] Undefined index: username E:\php\WWW\bnuzbroadcast\Application\Home\Controller\IndexController.class.php 第 7 行.
NOTIC: [8] Use of undefined constant 登陆 - assumed '登陆' E:\php\WWW\bnuzbroadcast\Application\Home\Controller\IndexController.class.php 第 11 行.
NOTIC: [8] Use of undefined constant 注册 - assumed '注册' E:\php\WWW\bnuzbroadcast\Application\Home\Controller\IndexController.class.php 第 11 行.
NOTIC: [2] Missing argument 1 for Think\Controller::show(), called in E:\php\WWW\bnuzbroadcast\Application\Home\Controller\IndexController.class.php on line 14 and defined E:\php\WWW\bnuzbroadcast\ThinkPHP\Library\Think\Controller.class.php 第 68 行.
NOTIC: [8] Undefined variable: content E:\php\WWW\bnuzbroadcast\ThinkPHP\Library\Think\Controller.class.php 第 69 行.
INFO: [ view_parse ] --START--
INFO: [ template_filter ] --START--
INFO: Run Behavior\ContentReplaceBehavior [ RunTime:0.000118s ]
INFO: [ template_filter ] --END-- [ RunTime:0.000205s ]
INFO: Run Behavior\ParseTemplateBehavior [ RunTime:0.011733s ]
INFO: [ view_parse ] --END-- [ RunTime:0.011850s ]
INFO: [ view_filter ] --START--
INFO: Run Behavior\WriteHtmlCacheBehavior [ RunTime:0.000671s ]
INFO: [ view_filter ] --END-- [ RunTime:0.000741s ]
INFO: [ app_end ] --START--
INFO: Run Behavior\ShowPageTraceBehavior [ RunTime:0.000984s ]
INFO: [ app_end ] --END-- [ RunTime:0.001096s ]

[ 2016-07-01T10:18:32+08:00 ] ::1 /bnuzbroadcast/index.php/Home/lanmu/index.html
INFO: [ app_init ] --START--
INFO: Run Behavior\BuildLiteBehavior [ RunTime:0.000035s ]
INFO: [ app_init ] --END-- [ RunTime:0.000763s ]
INFO: [ app_begin ] --START--
INFO: Run Behavior\ReadHtmlCacheBehavior [ RunTime:0.001284s ]
INFO: [ app_begin ] --END-- [ RunTime:0.001418s ]
NOTIC: [8] Undefined index: username E:\php\WWW\bnuzbroadcast\Application\Home\Controller\LanmuController.class.php 第 7 行.
NOTIC: [8] Use of undefined constant 登陆 - assumed '登陆' E:\php\WWW\bnuzbroadcast\Application\Home\Controller\LanmuController.class.php 第 11 行.
NOTIC: [8] Use of undefined constant 注册 - assumed '注册' E:\php\WWW\bnuzbroadcast\Application\Home\Controller\LanmuController.class.php 第 11 行.
SQL: SHOW COLUMNS FROM `t_program` [ RunTime:0.0042s ]
SQL: SELECT * FROM `t_program`  [ RunTime:0.0006s ]
NOTIC: [2] Missing argument 1 for Think\Controller::show(), called in E:\php\WWW\bnuzbroadcast\Application\Home\Controller\LanmuController.class.php on line 18 and defined E:\php\WWW\bnuzbroadcast\ThinkPHP\Library\Think\Controller.class.php 第 68 行.
NOTIC: [8] Undefined variable: content E:\php\WWW\bnuzbroadcast\ThinkPHP\Library\Think\Controller.class.php 第 69 行.
INFO: [ view_parse ] --START--
INFO: [ template_filter ] --START--
INFO: Run Behavior\ContentReplaceBehavior [ RunTime:0.000147s ]
INFO: [ template_filter ] --END-- [ RunTime:0.000263s ]
INFO: Run Behavior\ParseTemplateBehavior [ RunTime:0.017626s ]
INFO: [ view_parse ] --END-- [ RunTime:0.017732s ]
INFO: [ view_filter ] --START--
INFO: Run Behavior\WriteHtmlCacheBehavior [ RunTime:0.000591s ]
INFO: [ view_filter ] --END-- [ RunTime:0.000677s ]
INFO: [ app_end ] --START--
INFO: Run Behavior\ShowPageTraceBehavior [ RunTime:0.000793s ]
INFO: [ app_end ] --END-- [ RunTime:0.000862s ]

[ 2016-07-01T10:18:36+08:00 ] ::1 /bnuzbroadcast/index.php/Home/Play/index/id/2
INFO: [ app_init ] --START--
INFO: Run Behavior\BuildLiteBehavior [ RunTime:0.000024s ]
INFO: [ app_init ] --END-- [ RunTime:0.000577s ]
INFO: [ app_begin ] --START--
INFO: Run Behavior\ReadHtmlCacheBehavior [ RunTime:0.000785s ]
INFO: [ app_begin ] --END-- [ RunTime:0.000884s ]
NOTIC: [8] Undefined index: username E:\php\WWW\bnuzbroadcast\Application\Home\Controller\PlayController.class.php 第 7 行.
NOTIC: [8] Use of undefined constant 登陆 - assumed '登陆' E:\php\WWW\bnuzbroadcast\Application\Home\Controller\PlayController.class.php 第 11 行.
NOTIC: [8] Use of undefined constant 注册 - assumed '注册' E:\php\WWW\bnuzbroadcast\Application\Home\Controller\PlayController.class.php 第 11 行.
NOTIC: [8] Use of undefined constant programid - assumed 'programid' E:\php\WWW\bnuzbroadcast\Application\Home\Controller\PlayController.class.php 第 15 行.
SQL: SHOW COLUMNS FROM `t_program` [ RunTime:0.0043s ]
SQL: SELECT * FROM `t_program` WHERE `programid` = 2  [ RunTime:0.0004s ]
SQL: SHOW COLUMNS FROM `t_pcomment` [ RunTime:0.0042s ]
NOTIC: [8] Use of undefined constant programid - assumed 'programid' E:\php\WWW\bnuzbroadcast\Application\Home\Controller\PlayController.class.php 第 21 行.
SQL: SELECT * FROM `t_pcomment` INNER JOIN t_user ON t_pcomment.userid = t_user.userid  WHERE `programid` = '2'  [ RunTime:0.0005s ]
NOTIC: [2] Missing argument 1 for Think\Controller::show(), called in E:\php\WWW\bnuzbroadcast\Application\Home\Controller\PlayController.class.php on line 24 and defined E:\php\WWW\bnuzbroadcast\ThinkPHP\Library\Think\Controller.class.php 第 68 行.
NOTIC: [8] Undefined variable: content E:\php\WWW\bnuzbroadcast\ThinkPHP\Library\Think\Controller.class.php 第 69 行.
INFO: [ view_parse ] --START--
INFO: [ template_filter ] --START--
INFO: Run Behavior\ContentReplaceBehavior [ RunTime:0.000085s ]
INFO: [ template_filter ] --END-- [ RunTime:0.000169s ]
INFO: Run Behavior\ParseTemplateBehavior [ RunTime:0.060337s ]
INFO: [ view_parse ] --END-- [ RunTime:0.060439s ]
INFO: [ view_filter ] --START--
INFO: Run Behavior\WriteHtmlCacheBehavior [ RunTime:0.000440s ]
INFO: [ view_filter ] --END-- [ RunTime:0.000503s ]
INFO: [ app_end ] --START--
INFO: Run Behavior\ShowPageTraceBehavior [ RunTime:0.000697s ]
INFO: [ app_end ] --END-- [ RunTime:0.000767s ]

[ 2016-07-01T10:52:21+08:00 ] ::1 /bnuzbroadcast/
INFO: [ app_init ] --START--
INFO: Run Behavior\BuildLiteBehavior [ RunTime:0.000040s ]
INFO: [ app_init ] --END-- [ RunTime:0.000843s ]
INFO: [ app_begin ] --START--
INFO: Run Behavior\ReadHtmlCacheBehavior [ RunTime:0.000843s ]
INFO: [ app_begin ] --END-- [ RunTime:0.000934s ]
NOTIC: [8] Undefined index: username E:\php\WWW\bnuzbroadcast\Application\Home\Controller\IndexController.class.php 第 7 行.
NOTIC: [8] Use of undefined constant 登陆 - assumed '登陆' E:\php\WWW\bnuzbroadcast\Application\Home\Controller\IndexController.class.php 第 11 行.
NOTIC: [8] Use of undefined constant 注册 - assumed '注册' E:\php\WWW\bnuzbroadcast\Application\Home\Controller\IndexController.class.php 第 11 行.
NOTIC: [2] Missing argument 1 for Think\Controller::show(), called in E:\php\WWW\bnuzbroadcast\Application\Home\Controller\IndexController.class.php on line 14 and defined E:\php\WWW\bnuzbroadcast\ThinkPHP\Library\Think\Controller.class.php 第 68 行.
NOTIC: [8] Undefined variable: content E:\php\WWW\bnuzbroadcast\ThinkPHP\Library\Think\Controller.class.php 第 69 行.
INFO: [ view_parse ] --START--
INFO: [ template_filter ] --START--
INFO: Run Behavior\ContentReplaceBehavior [ RunTime:0.000366s ]
INFO: [ template_filter ] --END-- [ RunTime:0.000529s ]
INFO: Run Behavior\ParseTemplateBehavior [ RunTime:0.016207s ]
INFO: [ view_parse ] --END-- [ RunTime:0.016393s ]
INFO: [ view_filter ] --START--
INFO: Run Behavior\WriteHtmlCacheBehavior [ RunTime:0.001330s ]
INFO: [ view_filter ] --END-- [ RunTime:0.001455s ]
INFO: [ app_end ] --START--
INFO: Run Behavior\ShowPageTraceBehavior [ RunTime:0.001498s ]
INFO: [ app_end ] --END-- [ RunTime:0.001640s ]

[ 2016-07-01T10:53:11+08:00 ] ::1 /bnuzbroadcast/
INFO: [ app_init ] --START--
INFO: Run Behavior\BuildLiteBehavior [ RunTime:0.000024s ]
INFO: [ app_init ] --END-- [ RunTime:0.000623s ]
INFO: [ app_begin ] --START--
INFO: Run Behavior\ReadHtmlCacheBehavior [ RunTime:0.000834s ]
INFO: [ app_begin ] --END-- [ RunTime:0.000929s ]
NOTIC: [8] Undefined index: username E:\php\WWW\bnuzbroadcast\Application\Home\Controller\IndexController.class.php 第 7 行.
NOTIC: [8] Use of undefined constant 登陆 - assumed '登陆' E:\php\WWW\bnuzbroadcast\Application\Home\Controller\IndexController.class.php 第 11 行.
NOTIC: [8] Use of undefined constant 注册 - assumed '注册' E:\php\WWW\bnuzbroadcast\Application\Home\Controller\IndexController.class.php 第 11 行.
NOTIC: [2] Missing argument 1 for Think\Controller::show(), called in E:\php\WWW\bnuzbroadcast\Application\Home\Controller\IndexController.class.php on line 14 and defined E:\php\WWW\bnuzbroadcast\ThinkPHP\Library\Think\Controller.class.php 第 68 行.
NOTIC: [8] Undefined variable: content E:\php\WWW\bnuzbroadcast\ThinkPHP\Library\Think\Controller.class.php 第 69 行.
INFO: [ view_parse ] --START--
INFO: [ template_filter ] --START--
INFO: Run Behavior\ContentReplaceBehavior [ RunTime:0.000203s ]
INFO: [ template_filter ] --END-- [ RunTime:0.000338s ]
INFO: Run Behavior\ParseTemplateBehavior [ RunTime:0.017340s ]
INFO: [ view_parse ] --END-- [ RunTime:0.017483s ]
INFO: [ view_filter ] --START--
INFO: Run Behavior\WriteHtmlCacheBehavior [ RunTime:0.000836s ]
INFO: [ view_filter ] --END-- [ RunTime:0.000929s ]
INFO: [ app_end ] --START--
INFO: Run Behavior\ShowPageTraceBehavior [ RunTime:0.001263s ]
INFO: [ app_end ] --END-- [ RunTime:0.001392s ]

[ 2016-07-01T11:04:39+08:00 ] ::1 /bnuzbroadcast/
INFO: [ app_init ] --START--
INFO: Run Behavior\BuildLiteBehavior [ RunTime:0.000043s ]
INFO: [ app_init ] --END-- [ RunTime:0.000955s ]
INFO: [ app_begin ] --START--
INFO: Run Behavior\ReadHtmlCacheBehavior [ RunTime:0.001286s ]
INFO: [ app_begin ] --END-- [ RunTime:0.001436s ]
NOTIC: [8] Undefined index: username E:\php\WWW\bnuzbroadcast\Application\Home\Controller\IndexController.class.php 第 7 行.
NOTIC: [8] Use of undefined constant 登陆 - assumed '登陆' E:\php\WWW\bnuzbroadcast\Application\Home\Controller\IndexController.class.php 第 11 行.
NOTIC: [8] Use of undefined constant 注册 - assumed '注册' E:\php\WWW\bnuzbroadcast\Application\Home\Controller\IndexController.class.php 第 11 行.
NOTIC: [2] Missing argument 1 for Think\Controller::show(), called in E:\php\WWW\bnuzbroadcast\Application\Home\Controller\IndexController.class.php on line 14 and defined E:\php\WWW\bnuzbroadcast\ThinkPHP\Library\Think\Controller.class.php 第 68 行.
NOTIC: [8] Undefined variable: content E:\php\WWW\bnuzbroadcast\ThinkPHP\Library\Think\Controller.class.php 第 69 行.
INFO: [ view_parse ] --START--
INFO: [ template_filter ] --START--
INFO: Run Behavior\ContentReplaceBehavior [ RunTime:0.000211s ]
INFO: [ template_filter ] --END-- [ RunTime:0.000372s ]
INFO: Run Behavior\ParseTemplateBehavior [ RunTime:0.019808s ]
INFO: [ view_parse ] --END-- [ RunTime:0.019972s ]
INFO: [ view_filter ] --START--
INFO: Run Behavior\WriteHtmlCacheBehavior [ RunTime:0.000845s ]
INFO: [ view_filter ] --END-- [ RunTime:0.000963s ]
INFO: [ app_end ] --START--
INFO: Run Behavior\ShowPageTraceBehavior [ RunTime:0.001366s ]
INFO: [ app_end ] --END-- [ RunTime:0.001528s ]

[ 2016-07-01T11:12:10+08:00 ] ::1 /bnuzbroadcast/
INFO: [ app_init ] --START--
INFO: Run Behavior\BuildLiteBehavior [ RunTime:0.000035s ]
INFO: [ app_init ] --END-- [ RunTime:0.000638s ]
INFO: [ app_begin ] --START--
INFO: Run Behavior\ReadHtmlCacheBehavior [ RunTime:0.000734s ]
INFO: [ app_begin ] --END-- [ RunTime:0.000832s ]
NOTIC: [8] Undefined index: username E:\php\WWW\bnuzbroadcast\Application\Home\Controller\IndexController.class.php 第 7 行.
NOTIC: [8] Use of undefined constant 登陆 - assumed '登陆' E:\php\WWW\bnuzbroadcast\Application\Home\Controller\IndexController.class.php 第 11 行.
NOTIC: [8] Use of undefined constant 注册 - assumed '注册' E:\php\WWW\bnuzbroadcast\Application\Home\Controller\IndexController.class.php 第 11 行.
NOTIC: [2] Missing argument 1 for Think\Controller::show(), called in E:\php\WWW\bnuzbroadcast\Application\Home\Controller\IndexController.class.php on line 14 and defined E:\php\WWW\bnuzbroadcast\ThinkPHP\Library\Think\Controller.class.php 第 68 行.
NOTIC: [8] Undefined variable: content E:\php\WWW\bnuzbroadcast\ThinkPHP\Library\Think\Controller.class.php 第 69 行.
INFO: [ view_parse ] --START--
INFO: [ template_filter ] --START--
INFO: Run Behavior\ContentReplaceBehavior [ RunTime:0.000226s ]
INFO: [ template_filter ] --END-- [ RunTime:0.000462s ]
INFO: Run Behavior\ParseTemplateBehavior [ RunTime:0.020828s ]
INFO: [ view_parse ] --END-- [ RunTime:0.020928s ]
INFO: [ view_filter ] --START--
INFO: Run Behavior\WriteHtmlCacheBehavior [ RunTime:0.000482s ]
INFO: [ view_filter ] --END-- [ RunTime:0.000579s ]
INFO: [ app_end ] --START--
INFO: Run Behavior\ShowPageTraceBehavior [ RunTime:0.001590s ]
INFO: [ app_end ] --END-- [ RunTime:0.001744s ]

[ 2016-07-01T11:13:09+08:00 ] ::1 /bnuzbroadcast/
INFO: [ app_init ] --START--
INFO: Run Behavior\BuildLiteBehavior [ RunTime:0.000023s ]
INFO: [ app_init ] --END-- [ RunTime:0.000597s ]
INFO: [ app_begin ] --START--
INFO: Run Behavior\ReadHtmlCacheBehavior [ RunTime:0.001076s ]
INFO: [ app_begin ] --END-- [ RunTime:0.001175s ]
NOTIC: [8] Undefined index: username E:\php\WWW\bnuzbroadcast\Application\Home\Controller\IndexController.class.php 第 7 行.
NOTIC: [8] Use of undefined constant 登陆 - assumed '登陆' E:\php\WWW\bnuzbroadcast\Application\Home\Controller\IndexController.class.php 第 11 行.
NOTIC: [8] Use of undefined constant 注册 - assumed '注册' E:\php\WWW\bnuzbroadcast\Application\Home\Controller\IndexController.class.php 第 11 行.
NOTIC: [2] Missing argument 1 for Think\Controller::show(), called in E:\php\WWW\bnuzbroadcast\Application\Home\Controller\IndexController.class.php on line 14 and defined E:\php\WWW\bnuzbroadcast\ThinkPHP\Library\Think\Controller.class.php 第 68 行.
NOTIC: [8] Undefined variable: content E:\php\WWW\bnuzbroadcast\ThinkPHP\Library\Think\Controller.class.php 第 69 行.
INFO: [ view_parse ] --START--
INFO: [ template_filter ] --START--
INFO: Run Behavior\ContentReplaceBehavior [ RunTime:0.000353s ]
INFO: [ template_filter ] --END-- [ RunTime:0.000658s ]
INFO: Run Behavior\ParseTemplateBehavior [ RunTime:0.015957s ]
INFO: [ view_parse ] --END-- [ RunTime:0.016092s ]
INFO: [ view_filter ] --START--
INFO: Run Behavior\WriteHtmlCacheBehavior [ RunTime:0.000661s ]
INFO: [ view_filter ] --END-- [ RunTime:0.000731s ]
INFO: [ app_end ] --START--
INFO: Run Behavior\ShowPageTraceBehavior [ RunTime:0.002224s ]
INFO: [ app_end ] --END-- [ RunTime:0.002341s ]

[ 2016-07-01T11:15:41+08:00 ] ::1 /bnuzbroadcast/
INFO: [ app_init ] --START--
INFO: Run Behavior\BuildLiteBehavior [ RunTime:0.000024s ]
INFO: [ app_init ] --END-- [ RunTime:0.000572s ]
INFO: [ app_begin ] --START--
INFO: Run Behavior\ReadHtmlCacheBehavior [ RunTime:0.000721s ]
INFO: [ app_begin ] --END-- [ RunTime:0.000810s ]
NOTIC: [8] Undefined index: username E:\php\WWW\bnuzbroadcast\Application\Home\Controller\IndexController.class.php 第 7 行.
NOTIC: [8] Use of undefined constant 登陆 - assumed '登陆' E:\php\WWW\bnuzbroadcast\Application\Home\Controller\IndexController.class.php 第 11 行.
NOTIC: [8] Use of undefined constant 注册 - assumed '注册' E:\php\WWW\bnuzbroadcast\Application\Home\Controller\IndexController.class.php 第 11 行.
NOTIC: [2] Missing argument 1 for Think\Controller::show(), called in E:\php\WWW\bnuzbroadcast\Application\Home\Controller\IndexController.class.php on line 14 and defined E:\php\WWW\bnuzbroadcast\ThinkPHP\Library\Think\Controller.class.php 第 68 行.
NOTIC: [8] Undefined variable: content E:\php\WWW\bnuzbroadcast\ThinkPHP\Library\Think\Controller.class.php 第 69 行.
INFO: [ view_parse ] --START--
INFO: [ template_filter ] --START--
INFO: Run Behavior\ContentReplaceBehavior [ RunTime:0.000218s ]
INFO: [ template_filter ] --END-- [ RunTime:0.000376s ]
INFO: Run Behavior\ParseTemplateBehavior [ RunTime:0.012488s ]
INFO: [ view_parse ] --END-- [ RunTime:0.012585s ]
INFO: [ view_filter ] --START--
INFO: Run Behavior\WriteHtmlCacheBehavior [ RunTime:0.000608s ]
INFO: [ view_filter ] --END-- [ RunTime:0.000686s ]
INFO: [ app_end ] --START--
INFO: Run Behavior\ShowPageTraceBehavior [ RunTime:0.001892s ]
INFO: [ app_end ] --END-- [ RunTime:0.002044s ]

[ 2016-07-01T11:16:49+08:00 ] ::1 /bnuzbroadcast/
INFO: [ app_init ] --START--
INFO: Run Behavior\BuildLiteBehavior [ RunTime:0.000023s ]
INFO: [ app_init ] --END-- [ RunTime:0.000592s ]
INFO: [ app_begin ] --START--
INFO: Run Behavior\ReadHtmlCacheBehavior [ RunTime:0.001908s ]
INFO: [ app_begin ] --END-- [ RunTime:0.002119s ]
NOTIC: [8] Undefined index: username E:\php\WWW\bnuzbroadcast\Application\Home\Controller\IndexController.class.php 第 7 行.
NOTIC: [8] Use of undefined constant 登陆 - assumed '登陆' E:\php\WWW\bnuzbroadcast\Application\Home\Controller\IndexController.class.php 第 11 行.
NOTIC: [8] Use of undefined constant 注册 - assumed '注册' E:\php\WWW\bnuzbroadcast\Application\Home\Controller\IndexController.class.php 第 11 行.
NOTIC: [2] Missing argument 1 for Think\Controller::show(), called in E:\php\WWW\bnuzbroadcast\Application\Home\Controller\IndexController.class.php on line 14 and defined E:\php\WWW\bnuzbroadcast\ThinkPHP\Library\Think\Controller.class.php 第 68 行.
NOTIC: [8] Undefined variable: content E:\php\WWW\bnuzbroadcast\ThinkPHP\Library\Think\Controller.class.php 第 69 行.
INFO: [ view_parse ] --START--
INFO: [ template_filter ] --START--
INFO: Run Behavior\ContentReplaceBehavior [ RunTime:0.000126s ]
INFO: [ template_filter ] --END-- [ RunTime:0.000220s ]
INFO: Run Behavior\ParseTemplateBehavior [ RunTime:0.014267s ]
INFO: [ view_parse ] --END-- [ RunTime:0.014387s ]
INFO: [ view_filter ] --START--
INFO: Run Behavior\WriteHtmlCacheBehavior [ RunTime:0.000561s ]
INFO: [ view_filter ] --END-- [ RunTime:0.000636s ]
INFO: [ app_end ] --START--
INFO: Run Behavior\ShowPageTraceBehavior [ RunTime:0.001151s ]
INFO: [ app_end ] --END-- [ RunTime:0.001270s ]

[ 2016-07-01T11:25:20+08:00 ] ::1 /bnuzbroadcast/
INFO: [ app_init ] --START--
INFO: Run Behavior\BuildLiteBehavior [ RunTime:0.000022s ]
INFO: [ app_init ] --END-- [ RunTime:0.000603s ]
INFO: [ app_begin ] --START--
INFO: Run Behavior\ReadHtmlCacheBehavior [ RunTime:0.001056s ]
INFO: [ app_begin ] --END-- [ RunTime:0.001147s ]
NOTIC: [8] Undefined index: username E:\php\WWW\bnuzbroadcast\Application\Home\Controller\IndexController.class.php 第 7 行.
NOTIC: [8] Use of undefined constant 登陆 - assumed '登陆' E:\php\WWW\bnuzbroadcast\Application\Home\Controller\IndexController.class.php 第 11 行.
NOTIC: [8] Use of undefined constant 注册 - assumed '注册' E:\php\WWW\bnuzbroadcast\Application\Home\Controller\IndexController.class.php 第 11 行.
NOTIC: [2] Missing argument 1 for Think\Controller::show(), called in E:\php\WWW\bnuzbroadcast\Application\Home\Controller\IndexController.class.php on line 14 and defined E:\php\WWW\bnuzbroadcast\ThinkPHP\Library\Think\Controller.class.php 第 68 行.
NOTIC: [8] Undefined variable: content E:\php\WWW\bnuzbroadcast\ThinkPHP\Library\Think\Controller.class.php 第 69 行.
INFO: [ view_parse ] --START--
INFO: [ template_filter ] --START--
INFO: Run Behavior\ContentReplaceBehavior [ RunTime:0.000211s ]
INFO: [ template_filter ] --END-- [ RunTime:0.000367s ]
INFO: Run Behavior\ParseTemplateBehavior [ RunTime:0.021616s ]
INFO: [ view_parse ] --END-- [ RunTime:0.021751s ]
INFO: [ view_filter ] --START--
INFO: Run Behavior\WriteHtmlCacheBehavior [ RunTime:0.001300s ]
INFO: [ view_filter ] --END-- [ RunTime:0.001389s ]
INFO: [ app_end ] --START--
INFO: Run Behavior\ShowPageTraceBehavior [ RunTime:0.002726s ]
INFO: [ app_end ] --END-- [ RunTime:0.002889s ]

[ 2016-07-01T11:27:31+08:00 ] ::1 /bnuzbroadcast/
INFO: [ app_init ] --START--
INFO: Run Behavior\BuildLiteBehavior [ RunTime:0.000071s ]
INFO: [ app_init ] --END-- [ RunTime:0.003298s ]
INFO: [ app_begin ] --START--
INFO: Run Behavior\ReadHtmlCacheBehavior [ RunTime:0.001916s ]
INFO: [ app_begin ] --END-- [ RunTime:0.002083s ]
NOTIC: [8] Undefined index: username E:\php\WWW\bnuzbroadcast\Application\Home\Controller\IndexController.class.php 第 7 行.
NOTIC: [8] Use of undefined constant 登陆 - assumed '登陆' E:\php\WWW\bnuzbroadcast\Application\Home\Controller\IndexController.class.php 第 11 行.
NOTIC: [8] Use of undefined constant 注册 - assumed '注册' E:\php\WWW\bnuzbroadcast\Application\Home\Controller\IndexController.class.php 第 11 行.
NOTIC: [2] Missing argument 1 for Think\Controller::show(), called in E:\php\WWW\bnuzbroadcast\Application\Home\Controller\IndexController.class.php on line 14 and defined E:\php\WWW\bnuzbroadcast\ThinkPHP\Library\Think\Controller.class.php 第 68 行.
NOTIC: [8] Undefined variable: content E:\php\WWW\bnuzbroadcast\ThinkPHP\Library\Think\Controller.class.php 第 69 行.
INFO: [ view_parse ] --START--
INFO: [ template_filter ] --START--
INFO: Run Behavior\ContentReplaceBehavior [ RunTime:0.000125s ]
INFO: [ template_filter ] --END-- [ RunTime:0.000217s ]
INFO: Run Behavior\ParseTemplateBehavior [ RunTime:0.019351s ]
INFO: [ view_parse ] --END-- [ RunTime:0.019461s ]
INFO: [ view_filter ] --START--
INFO: Run Behavior\WriteHtmlCacheBehavior [ RunTime:0.000828s ]
INFO: [ view_filter ] --END-- [ RunTime:0.000893s ]
INFO: [ app_end ] --START--
INFO: Run Behavior\ShowPageTraceBehavior [ RunTime:0.001449s ]
INFO: [ app_end ] --END-- [ RunTime:0.001547s ]

[ 2016-07-01T11:30:44+08:00 ] ::1 /bnuzbroadcast/
INFO: [ app_init ] --START--
INFO: Run Behavior\BuildLiteBehavior [ RunTime:0.000077s ]
INFO: [ app_init ] --END-- [ RunTime:0.000741s ]
INFO: [ app_begin ] --START--
INFO: Run Behavior\ReadHtmlCacheBehavior [ RunTime:0.001710s ]
INFO: [ app_begin ] --END-- [ RunTime:0.001885s ]
NOTIC: [8] Undefined index: username E:\php\WWW\bnuzbroadcast\Application\Home\Controller\IndexController.class.php 第 7 行.
NOTIC: [8] Use of undefined constant 登陆 - assumed '登陆' E:\php\WWW\bnuzbroadcast\Application\Home\Controller\IndexController.class.php 第 11 行.
NOTIC: [8] Use of undefined constant 注册 - assumed '注册' E:\php\WWW\bnuzbroadcast\Application\Home\Controller\IndexController.class.php 第 11 行.
NOTIC: [2] Missing argument 1 for Think\Controller::show(), called in E:\php\WWW\bnuzbroadcast\Application\Home\Controller\IndexController.class.php on line 14 and defined E:\php\WWW\bnuzbroadcast\ThinkPHP\Library\Think\Controller.class.php 第 68 行.
NOTIC: [8] Undefined variable: content E:\php\WWW\bnuzbroadcast\ThinkPHP\Library\Think\Controller.class.php 第 69 行.
INFO: [ view_parse ] --START--
INFO: [ template_filter ] --START--
INFO: Run Behavior\ContentReplaceBehavior [ RunTime:0.000151s ]
INFO: [ template_filter ] --END-- [ RunTime:0.000261s ]
INFO: Run Behavior\ParseTemplateBehavior [ RunTime:0.018799s ]
INFO: [ view_parse ] --END-- [ RunTime:0.018923s ]
INFO: [ view_filter ] --START--
INFO: Run Behavior\WriteHtmlCacheBehavior [ RunTime:0.001447s ]
INFO: [ view_filter ] --END-- [ RunTime:0.001555s ]
INFO: [ app_end ] --START--
INFO: Run Behavior\ShowPageTraceBehavior [ RunTime:0.001877s ]
INFO: [ app_end ] --END-- [ RunTime:0.002083s ]

[ 2016-07-01T11:31:24+08:00 ] ::1 /bnuzbroadcast/
INFO: [ app_init ] --START--
INFO: Run Behavior\BuildLiteBehavior [ RunTime:0.000023s ]
INFO: [ app_init ] --END-- [ RunTime:0.000618s ]
INFO: [ app_begin ] --START--
INFO: Run Behavior\ReadHtmlCacheBehavior [ RunTime:0.001099s ]
INFO: [ app_begin ] --END-- [ RunTime:0.001209s ]
NOTIC: [8] Undefined index: username E:\php\WWW\bnuzbroadcast\Application\Home\Controller\IndexController.class.php 第 7 行.
NOTIC: [8] Use of undefined constant 登陆 - assumed '登陆' E:\php\WWW\bnuzbroadcast\Application\Home\Controller\IndexController.class.php 第 11 行.
NOTIC: [8] Use of undefined constant 注册 - assumed '注册' E:\php\WWW\bnuzbroadcast\Application\Home\Controller\IndexController.class.php 第 11 行.
NOTIC: [2] Missing argument 1 for Think\Controller::show(), called in E:\php\WWW\bnuzbroadcast\Application\Home\Controller\IndexController.class.php on line 14 and defined E:\php\WWW\bnuzbroadcast\ThinkPHP\Library\Think\Controller.class.php 第 68 行.
NOTIC: [8] Undefined variable: content E:\php\WWW\bnuzbroadcast\ThinkPHP\Library\Think\Controller.class.php 第 69 行.
INFO: [ view_parse ] --START--
INFO: [ template_filter ] --START--
INFO: Run Behavior\ContentReplaceBehavior [ RunTime:0.000213s ]
INFO: [ template_filter ] --END-- [ RunTime:0.000698s ]
INFO: Run Behavior\ParseTemplateBehavior [ RunTime:0.016816s ]
INFO: [ view_parse ] --END-- [ RunTime:0.016914s ]
INFO: [ view_filter ] --START--
INFO: Run Behavior\WriteHtmlCacheBehavior [ RunTime:0.001018s ]
INFO: [ view_filter ] --END-- [ RunTime:0.001172s ]
INFO: [ app_end ] --START--
INFO: Run Behavior\ShowPageTraceBehavior [ RunTime:0.001976s ]
INFO: [ app_end ] --END-- [ RunTime:0.002105s ]

[ 2016-07-01T11:33:25+08:00 ] ::1 /bnuzbroadcast/
INFO: [ app_init ] --START--
INFO: Run Behavior\BuildLiteBehavior [ RunTime:0.000023s ]
INFO: [ app_init ] --END-- [ RunTime:0.000620s ]
INFO: [ app_begin ] --START--
INFO: Run Behavior\ReadHtmlCacheBehavior [ RunTime:0.001452s ]
INFO: [ app_begin ] --END-- [ RunTime:0.001581s ]
NOTIC: [8] Undefined index: username E:\php\WWW\bnuzbroadcast\Application\Home\Controller\IndexController.class.php 第 7 行.
NOTIC: [8] Use of undefined constant 登陆 - assumed '登陆' E:\php\WWW\bnuzbroadcast\Application\Home\Controller\IndexController.class.php 第 11 行.
NOTIC: [8] Use of undefined constant 注册 - assumed '注册' E:\php\WWW\bnuzbroadcast\Application\Home\Controller\IndexController.class.php 第 11 行.
NOTIC: [2] Missing argument 1 for Think\Controller::show(), called in E:\php\WWW\bnuzbroadcast\Application\Home\Controller\IndexController.class.php on line 14 and defined E:\php\WWW\bnuzbroadcast\ThinkPHP\Library\Think\Controller.class.php 第 68 行.
NOTIC: [8] Undefined variable: content E:\php\WWW\bnuzbroadcast\ThinkPHP\Library\Think\Controller.class.php 第 69 行.
INFO: [ view_parse ] --START--
INFO: [ template_filter ] --START--
INFO: Run Behavior\ContentReplaceBehavior [ RunTime:0.000137s ]
INFO: [ template_filter ] --END-- [ RunTime:0.000236s ]
INFO: Run Behavior\ParseTemplateBehavior [ RunTime:0.034031s ]
INFO: [ view_parse ] --END-- [ RunTime:0.034152s ]
INFO: [ view_filter ] --START--
INFO: Run Behavior\WriteHtmlCacheBehavior [ RunTime:0.000922s ]
INFO: [ view_filter ] --END-- [ RunTime:0.001004s ]
INFO: [ app_end ] --START--
INFO: Run Behavior\ShowPageTraceBehavior [ RunTime:0.001876s ]
INFO: [ app_end ] --END-- [ RunTime:0.002044s ]

[ 2016-07-01T11:34:05+08:00 ] ::1 /bnuzbroadcast/
INFO: [ app_init ] --START--
INFO: Run Behavior\BuildLiteBehavior [ RunTime:0.000023s ]
INFO: [ app_init ] --END-- [ RunTime:0.000642s ]
INFO: [ app_begin ] --START--
INFO: Run Behavior\ReadHtmlCacheBehavior [ RunTime:0.001049s ]
INFO: [ app_begin ] --END-- [ RunTime:0.001168s ]
NOTIC: [8] Undefined index: username E:\php\WWW\bnuzbroadcast\Application\Home\Controller\IndexController.class.php 第 7 行.
NOTIC: [8] Use of undefined constant 登陆 - assumed '登陆' E:\php\WWW\bnuzbroadcast\Application\Home\Controller\IndexController.class.php 第 11 行.
NOTIC: [8] Use of undefined constant 注册 - assumed '注册' E:\php\WWW\bnuzbroadcast\Application\Home\Controller\IndexController.class.php 第 11 行.
NOTIC: [2] Missing argument 1 for Think\Controller::show(), called in E:\php\WWW\bnuzbroadcast\Application\Home\Controller\IndexController.class.php on line 14 and defined E:\php\WWW\bnuzbroadcast\ThinkPHP\Library\Think\Controller.class.php 第 68 行.
NOTIC: [8] Undefined variable: content E:\php\WWW\bnuzbroadcast\ThinkPHP\Library\Think\Controller.class.php 第 69 行.
INFO: [ view_parse ] --START--
INFO: [ template_filter ] --START--
INFO: Run Behavior\ContentReplaceBehavior [ RunTime:0.000266s ]
INFO: [ template_filter ] --END-- [ RunTime:0.000446s ]
INFO: Run Behavior\ParseTemplateBehavior [ RunTime:0.017281s ]
INFO: [ view_parse ] --END-- [ RunTime:0.017452s ]
INFO: [ view_filter ] --START--
INFO: Run Behavior\WriteHtmlCacheBehavior [ RunTime:0.002048s ]
INFO: [ view_filter ] --END-- [ RunTime:0.002164s ]
INFO: [ app_end ] --START--
INFO: Run Behavior\ShowPageTraceBehavior [ RunTime:0.001326s ]
INFO: [ app_end ] --END-- [ RunTime:0.001453s ]

[ 2016-07-01T11:43:37+08:00 ] ::1 /bnuzbroadcast/
INFO: [ app_init ] --START--
INFO: Run Behavior\BuildLiteBehavior [ RunTime:0.000037s ]
INFO: [ app_init ] --END-- [ RunTime:0.000986s ]
INFO: [ app_begin ] --START--
INFO: Run Behavior\ReadHtmlCacheBehavior [ RunTime:0.001769s ]
INFO: [ app_begin ] --END-- [ RunTime:0.001941s ]
NOTIC: [8] Undefined index: username E:\php\WWW\bnuzbroadcast\Application\Home\Controller\IndexController.class.php 第 7 行.
NOTIC: [8] Use of undefined constant 登陆 - assumed '登陆' E:\php\WWW\bnuzbroadcast\Application\Home\Controller\IndexController.class.php 第 11 行.
NOTIC: [8] Use of undefined constant 注册 - assumed '注册' E:\php\WWW\bnuzbroadcast\Application\Home\Controller\IndexController.class.php 第 11 行.
NOTIC: [2] Missing argument 1 for Think\Controller::show(), called in E:\php\WWW\bnuzbroadcast\Application\Home\Controller\IndexController.class.php on line 14 and defined E:\php\WWW\bnuzbroadcast\ThinkPHP\Library\Think\Controller.class.php 第 68 行.
NOTIC: [8] Undefined variable: content E:\php\WWW\bnuzbroadcast\ThinkPHP\Library\Think\Controller.class.php 第 69 行.
INFO: [ view_parse ] --START--
INFO: [ template_filter ] --START--
INFO: Run Behavior\ContentReplaceBehavior [ RunTime:0.000209s ]
INFO: [ template_filter ] --END-- [ RunTime:0.000361s ]
INFO: Run Behavior\ParseTemplateBehavior [ RunTime:0.028648s ]
INFO: [ view_parse ] --END-- [ RunTime:0.028813s ]
INFO: [ view_filter ] --START--
INFO: Run Behavior\WriteHtmlCacheBehavior [ RunTime:0.001365s ]
INFO: [ view_filter ] --END-- [ RunTime:0.001507s ]
INFO: [ app_end ] --START--
INFO: Run Behavior\ShowPageTraceBehavior [ RunTime:0.002086s ]
INFO: [ app_end ] --END-- [ RunTime:0.002262s ]

[ 2016-07-01T11:45:48+08:00 ] ::1 /bnuzbroadcast/
INFO: [ app_init ] --START--
INFO: Run Behavior\BuildLiteBehavior [ RunTime:0.000033s ]
INFO: [ app_init ] --END-- [ RunTime:0.000919s ]
INFO: [ app_begin ] --START--
INFO: Run Behavior\ReadHtmlCacheBehavior [ RunTime:0.002038s ]
INFO: [ app_begin ] --END-- [ RunTime:0.002229s ]
NOTIC: [8] Undefined index: username E:\php\WWW\bnuzbroadcast\Application\Home\Controller\IndexController.class.php 第 7 行.
NOTIC: [8] Use of undefined constant 登陆 - assumed '登陆' E:\php\WWW\bnuzbroadcast\Application\Home\Controller\IndexController.class.php 第 11 行.
NOTIC: [8] Use of undefined constant 注册 - assumed '注册' E:\php\WWW\bnuzbroadcast\Application\Home\Controller\IndexController.class.php 第 11 行.
NOTIC: [2] Missing argument 1 for Think\Controller::show(), called in E:\php\WWW\bnuzbroadcast\Application\Home\Controller\IndexController.class.php on line 14 and defined E:\php\WWW\bnuzbroadcast\ThinkPHP\Library\Think\Controller.class.php 第 68 行.
NOTIC: [8] Undefined variable: content E:\php\WWW\bnuzbroadcast\ThinkPHP\Library\Think\Controller.class.php 第 69 行.
INFO: [ view_parse ] --START--
INFO: [ template_filter ] --START--
INFO: Run Behavior\ContentReplaceBehavior [ RunTime:0.000128s ]
INFO: [ template_filter ] --END-- [ RunTime:0.000232s ]
INFO: Run Behavior\ParseTemplateBehavior [ RunTime:0.015697s ]
INFO: [ view_parse ] --END-- [ RunTime:0.015847s ]
INFO: [ view_filter ] --START--
INFO: Run Behavior\WriteHtmlCacheBehavior [ RunTime:0.001136s ]
INFO: [ view_filter ] --END-- [ RunTime:0.001242s ]
INFO: [ app_end ] --START--
INFO: Run Behavior\ShowPageTraceBehavior [ RunTime:0.001583s ]
INFO: [ app_end ] --END-- [ RunTime:0.001747s ]

[ 2016-07-01T11:45:56+08:00 ] ::1 /bnuzbroadcast/
INFO: [ app_init ] --START--
INFO: Run Behavior\BuildLiteBehavior [ RunTime:0.000047s ]
INFO: [ app_init ] --END-- [ RunTime:0.001491s ]
INFO: [ app_begin ] --START--
INFO: Run Behavior\ReadHtmlCacheBehavior [ RunTime:0.001808s ]
INFO: [ app_begin ] --END-- [ RunTime:0.001971s ]
NOTIC: [8] Undefined index: username E:\php\WWW\bnuzbroadcast\Application\Home\Controller\IndexController.class.php 第 7 行.
NOTIC: [8] Use of undefined constant 登陆 - assumed '登陆' E:\php\WWW\bnuzbroadcast\Application\Home\Controller\IndexController.class.php 第 11 行.
NOTIC: [8] Use of undefined constant 注册 - assumed '注册' E:\php\WWW\bnuzbroadcast\Application\Home\Controller\IndexController.class.php 第 11 行.
NOTIC: [2] Missing argument 1 for Think\Controller::show(), called in E:\php\WWW\bnuzbroadcast\Application\Home\Controller\IndexController.class.php on line 14 and defined E:\php\WWW\bnuzbroadcast\ThinkPHP\Library\Think\Controller.class.php 第 68 行.
NOTIC: [8] Undefined variable: content E:\php\WWW\bnuzbroadcast\ThinkPHP\Library\Think\Controller.class.php 第 69 行.
INFO: [ view_parse ] --START--
INFO: [ template_filter ] --START--
INFO: Run Behavior\ContentReplaceBehavior [ RunTime:0.000125s ]
INFO: [ template_filter ] --END-- [ RunTime:0.000219s ]
INFO: Run Behavior\ParseTemplateBehavior [ RunTime:0.014700s ]
INFO: [ view_parse ] --END-- [ RunTime:0.014799s ]
INFO: [ view_filter ] --START--
INFO: Run Behavior\WriteHtmlCacheBehavior [ RunTime:0.000942s ]
INFO: [ view_filter ] --END-- [ RunTime:0.001020s ]
INFO: [ app_end ] --START--
INFO: Run Behavior\ShowPageTraceBehavior [ RunTime:0.004693s ]
INFO: [ app_end ] --END-- [ RunTime:0.004865s ]

[ 2016-07-01T11:46:00+08:00 ] ::1 /bnuzbroadcast/
INFO: [ app_init ] --START--
INFO: Run Behavior\BuildLiteBehavior [ RunTime:0.000024s ]
INFO: [ app_init ] --END-- [ RunTime:0.000607s ]
INFO: [ app_begin ] --START--
INFO: Run Behavior\ReadHtmlCacheBehavior [ RunTime:0.001021s ]
INFO: [ app_begin ] --END-- [ RunTime:0.001109s ]
NOTIC: [8] Undefined index: username E:\php\WWW\bnuzbroadcast\Application\Home\Controller\IndexController.class.php 第 7 行.
NOTIC: [8] Use of undefined constant 登陆 - assumed '登陆' E:\php\WWW\bnuzbroadcast\Application\Home\Controller\IndexController.class.php 第 11 行.
NOTIC: [8] Use of undefined constant 注册 - assumed '注册' E:\php\WWW\bnuzbroadcast\Application\Home\Controller\IndexController.class.php 第 11 行.
NOTIC: [2] Missing argument 1 for Think\Controller::show(), called in E:\php\WWW\bnuzbroadcast\Application\Home\Controller\IndexController.class.php on line 14 and defined E:\php\WWW\bnuzbroadcast\ThinkPHP\Library\Think\Controller.class.php 第 68 行.
NOTIC: [8] Undefined variable: content E:\php\WWW\bnuzbroadcast\ThinkPHP\Library\Think\Controller.class.php 第 69 行.
INFO: [ view_parse ] --START--
INFO: [ template_filter ] --START--
INFO: Run Behavior\ContentReplaceBehavior [ RunTime:0.000126s ]
INFO: [ template_filter ] --END-- [ RunTime:0.000220s ]
INFO: Run Behavior\ParseTemplateBehavior [ RunTime:0.018237s ]
INFO: [ view_parse ] --END-- [ RunTime:0.018354s ]
INFO: [ view_filter ] --START--
INFO: Run Behavior\WriteHtmlCacheBehavior [ RunTime:0.001109s ]
INFO: [ view_filter ] --END-- [ RunTime:0.001231s ]
INFO: [ app_end ] --START--
INFO: Run Behavior\ShowPageTraceBehavior [ RunTime:0.002658s ]
INFO: [ app_end ] --END-- [ RunTime:0.002827s ]

[ 2016-07-01T22:56:00+08:00 ] ::1 /bnuzbroadcast/
INFO: [ app_init ] --START--
INFO: Run Behavior\BuildLiteBehavior [ RunTime:0.000037s ]
INFO: [ app_init ] --END-- [ RunTime:0.000918s ]
INFO: [ app_begin ] --START--
INFO: Run Behavior\ReadHtmlCacheBehavior [ RunTime:0.001136s ]
INFO: [ app_begin ] --END-- [ RunTime:0.001313s ]
NOTIC: [8] Undefined index: username E:\php\WWW\bnuzbroadcast\Application\Home\Controller\IndexController.class.php 第 7 行.
NOTIC: [8] Use of undefined constant 登陆 - assumed '登陆' E:\php\WWW\bnuzbroadcast\Application\Home\Controller\IndexController.class.php 第 11 行.
NOTIC: [8] Use of undefined constant 注册 - assumed '注册' E:\php\WWW\bnuzbroadcast\Application\Home\Controller\IndexController.class.php 第 11 行.
NOTIC: [2] Missing argument 1 for Think\Controller::show(), called in E:\php\WWW\bnuzbroadcast\Application\Home\Controller\IndexController.class.php on line 14 and defined E:\php\WWW\bnuzbroadcast\ThinkPHP\Library\Think\Controller.class.php 第 68 行.
NOTIC: [8] Undefined variable: content E:\php\WWW\bnuzbroadcast\ThinkPHP\Library\Think\Controller.class.php 第 69 行.
INFO: [ view_parse ] --START--
INFO: [ template_filter ] --START--
INFO: Run Behavior\ContentReplaceBehavior [ RunTime:0.000198s ]
INFO: [ template_filter ] --END-- [ RunTime:0.000363s ]
INFO: Run Behavior\ParseTemplateBehavior [ RunTime:0.021900s ]
INFO: [ view_parse ] --END-- [ RunTime:0.022047s ]
INFO: [ view_filter ] --START--
INFO: Run Behavior\WriteHtmlCacheBehavior [ RunTime:0.001070s ]
INFO: [ view_filter ] --END-- [ RunTime:0.001228s ]
INFO: [ app_end ] --START--
INFO: Run Behavior\ShowPageTraceBehavior [ RunTime:0.001447s ]
INFO: [ app_end ] --END-- [ RunTime:0.001639s ]

[ 2016-07-01T23:13:05+08:00 ] ::1 /bnuzbroadcast/
INFO: [ app_init ] --START--
INFO: Run Behavior\BuildLiteBehavior [ RunTime:0.000034s ]
INFO: [ app_init ] --END-- [ RunTime:0.000798s ]
INFO: [ app_begin ] --START--
INFO: Run Behavior\ReadHtmlCacheBehavior [ RunTime:0.001086s ]
INFO: [ app_begin ] --END-- [ RunTime:0.001227s ]
NOTIC: [8] Undefined index: username E:\php\WWW\bnuzbroadcast\Application\Home\Controller\IndexController.class.php 第 7 行.
NOTIC: [8] Use of undefined constant 登陆 - assumed '登陆' E:\php\WWW\bnuzbroadcast\Application\Home\Controller\IndexController.class.php 第 11 行.
NOTIC: [8] Use of undefined constant 注册 - assumed '注册' E:\php\WWW\bnuzbroadcast\Application\Home\Controller\IndexController.class.php 第 11 行.
NOTIC: [2] Missing argument 1 for Think\Controller::show(), called in E:\php\WWW\bnuzbroadcast\Application\Home\Controller\IndexController.class.php on line 14 and defined E:\php\WWW\bnuzbroadcast\ThinkPHP\Library\Think\Controller.class.php 第 68 行.
NOTIC: [8] Undefined variable: content E:\php\WWW\bnuzbroadcast\ThinkPHP\Library\Think\Controller.class.php 第 69 行.
INFO: [ view_parse ] --START--
INFO: [ template_filter ] --START--
INFO: Run Behavior\ContentReplaceBehavior [ RunTime:0.000247s ]
INFO: [ template_filter ] --END-- [ RunTime:0.000389s ]
INFO: Run Behavior\ParseTemplateBehavior [ RunTime:0.019151s ]
INFO: [ view_parse ] --END-- [ RunTime:0.019302s ]
INFO: [ view_filter ] --START--
INFO: Run Behavior\WriteHtmlCacheBehavior [ RunTime:0.000623s ]
INFO: [ view_filter ] --END-- [ RunTime:0.000725s ]
INFO: [ app_end ] --START--
INFO: Run Behavior\ShowPageTraceBehavior [ RunTime:0.001476s ]
INFO: [ app_end ] --END-- [ RunTime:0.001630s ]

[ 2016-07-01T23:29:18+08:00 ] ::1 /bnuzbroadcast/
INFO: [ app_init ] --START--
INFO: Run Behavior\BuildLiteBehavior [ RunTime:0.000037s ]
INFO: [ app_init ] --END-- [ RunTime:0.000996s ]
INFO: [ app_begin ] --START--
INFO: Run Behavior\ReadHtmlCacheBehavior [ RunTime:0.001659s ]
INFO: [ app_begin ] --END-- [ RunTime:0.001868s ]
NOTIC: [8] Undefined index: username E:\php\WWW\bnuzbroadcast\Application\Home\Controller\IndexController.class.php 第 7 行.
NOTIC: [8] Use of undefined constant 登陆 - assumed '登陆' E:\php\WWW\bnuzbroadcast\Application\Home\Controller\IndexController.class.php 第 11 行.
NOTIC: [8] Use of undefined constant 注册 - assumed '注册' E:\php\WWW\bnuzbroadcast\Application\Home\Controller\IndexController.class.php 第 11 行.
NOTIC: [2] Missing argument 1 for Think\Controller::show(), called in E:\php\WWW\bnuzbroadcast\Application\Home\Controller\IndexController.class.php on line 14 and defined E:\php\WWW\bnuzbroadcast\ThinkPHP\Library\Think\Controller.class.php 第 68 行.
NOTIC: [8] Undefined variable: content E:\php\WWW\bnuzbroadcast\ThinkPHP\Library\Think\Controller.class.php 第 69 行.
INFO: [ view_parse ] --START--
INFO: [ template_filter ] --START--
INFO: Run Behavior\ContentReplaceBehavior [ RunTime:0.000153s ]
INFO: [ template_filter ] --END-- [ RunTime:0.000270s ]
INFO: Run Behavior\ParseTemplateBehavior [ RunTime:0.014416s ]
INFO: [ view_parse ] --END-- [ RunTime:0.014551s ]
INFO: [ view_filter ] --START--
INFO: Run Behavior\WriteHtmlCacheBehavior [ RunTime:0.000541s ]
INFO: [ view_filter ] --END-- [ RunTime:0.000612s ]
INFO: [ app_end ] --START--
INFO: Run Behavior\ShowPageTraceBehavior [ RunTime:0.000848s ]
INFO: [ app_end ] --END-- [ RunTime:0.000941s ]

