[ 2016-06-14T11:21:58+08:00 ] ::1 /bnuzbroadcast/Public/js/jquery.min.map
INFO: [ app_init ] --START--
INFO: Run Behavior\BuildLiteBehavior [ RunTime:0.000087s ]
INFO: [ app_init ] --END-- [ RunTime:0.001466s ]
ERR: 无法加载模块:Public

[ 2016-06-14T11:22:34+08:00 ] ::1 /bnuzbroadcast/Public/js/jquery.min.map
INFO: [ app_init ] --START--
INFO: Run Behavior\BuildLiteBehavior [ RunTime:0.000066s ]
INFO: [ app_init ] --END-- [ RunTime:0.000962s ]
ERR: 无法加载模块:Public

[ 2016-06-14T11:23:11+08:00 ] ::1 /bnuzbroadcast/Public/js/jquery.min.map
INFO: [ app_init ] --START--
INFO: Run Behavior\BuildLiteBehavior [ RunTime:0.000038s ]
INFO: [ app_init ] --END-- [ RunTime:0.000608s ]
ERR: 无法加载模块:Public

[ 2016-06-14T11:23:13+08:00 ] ::1 /bnuzbroadcast/Public/js/jquery.min.map
INFO: [ app_init ] --START--
INFO: Run Behavior\BuildLiteBehavior [ RunTime:0.000051s ]
INFO: [ app_init ] --END-- [ RunTime:0.000695s ]
ERR: 无法加载模块:Public

[ 2016-06-14T11:23:15+08:00 ] ::1 /bnuzbroadcast/Public/js/jquery.min.map
INFO: [ app_init ] --START--
INFO: Run Behavior\BuildLiteBehavior [ RunTime:0.000044s ]
INFO: [ app_init ] --END-- [ RunTime:0.000707s ]
ERR: 无法加载模块:Public

[ 2016-06-14T11:23:16+08:00 ] ::1 /bnuzbroadcast/Public/js/jquery.min.map
INFO: [ app_init ] --START--
INFO: Run Behavior\BuildLiteBehavior [ RunTime:0.000072s ]
INFO: [ app_init ] --END-- [ RunTime:0.000944s ]
ERR: 无法加载模块:Public

[ 2016-06-14T11:24:59+08:00 ] ::1 /bnuzbroadcast/Public/js/jquery.min.map
INFO: [ app_init ] --START--
INFO: Run Behavior\BuildLiteBehavior [ RunTime:0.000046s ]
INFO: [ app_init ] --END-- [ RunTime:0.000656s ]
ERR: 无法加载模块:Public

[ 2016-06-14T11:25:00+08:00 ] ::1 /bnuzbroadcast/Public/js/jquery.min.map
INFO: [ app_init ] --START--
INFO: Run Behavior\BuildLiteBehavior [ RunTime:0.000038s ]
INFO: [ app_init ] --END-- [ RunTime:0.000648s ]
ERR: 无法加载模块:Public

[ 2016-06-14T11:39:13+08:00 ] ::1 /bnuzbroadcast/Public/js/jquery.min.map
INFO: [ app_init ] --START--
INFO: Run Behavior\BuildLiteBehavior [ RunTime:0.000046s ]
INFO: [ app_init ] --END-- [ RunTime:0.000638s ]
ERR: 无法加载模块:Public

[ 2016-06-14T11:39:33+08:00 ] ::1 /bnuzbroadcast/Public/js/jquery.min.map
INFO: [ app_init ] --START--
INFO: Run Behavior\BuildLiteBehavior [ RunTime:0.000089s ]
INFO: [ app_init ] --END-- [ RunTime:0.001417s ]
ERR: 无法加载模块:Public

[ 2016-06-14T11:39:34+08:00 ] ::1 /bnuzbroadcast/Public/js/jquery.min.map
INFO: [ app_init ] --START--
INFO: Run Behavior\BuildLiteBehavior [ RunTime:0.000075s ]
INFO: [ app_init ] --END-- [ RunTime:0.001006s ]
ERR: 无法加载模块:Public

[ 2016-06-14T11:39:39+08:00 ] ::1 /bnuzbroadcast/Public/js/jquery.min.map
INFO: [ app_init ] --START--
INFO: Run Behavior\BuildLiteBehavior [ RunTime:0.000058s ]
INFO: [ app_init ] --END-- [ RunTime:0.001155s ]
ERR: 无法加载模块:Public

[ 2016-06-14T11:39:40+08:00 ] ::1 /bnuzbroadcast/Public/js/jquery.min.map
INFO: [ app_init ] --START--
INFO: Run Behavior\BuildLiteBehavior [ RunTime:0.000138s ]
INFO: [ app_init ] --END-- [ RunTime:0.001589s ]
ERR: 无法加载模块:Public

[ 2016-06-14T11:40:43+08:00 ] ::1 /bnuzbroadcast/host
INFO: [ app_init ] --START--
INFO: Run Behavior\BuildLiteBehavior [ RunTime:0.000037s ]
INFO: [ app_init ] --END-- [ RunTime:0.000575s ]
ERR: 无法加载模块:Host

