[ 2016-07-01T10:18:40+08:00 ] ::1 /bnuzbroadcast/Public/js/jquery.min.map
INFO: [ app_init ] --START--
INFO: Run Behavior\BuildLiteBehavior [ RunTime:0.000036s ]
INFO: [ app_init ] --END-- [ RunTime:0.000786s ]
ERR: 无法加载模块:Public

[ 2016-07-01T10:22:17+08:00 ] ::1 /bnuzbroadcast/Public/js/jquery.min.map
INFO: [ app_init ] --START--
INFO: Run Behavior\BuildLiteBehavior [ RunTime:0.000024s ]
INFO: [ app_init ] --END-- [ RunTime:0.000632s ]
ERR: 无法加载模块:Public

[ 2016-07-01T23:51:56+08:00 ] ::1 /bnuzbroadcast/t/Public/img/lgm2.png
INFO: [ app_init ] --START--
INFO: Run Behavior\BuildLiteBehavior [ RunTime:0.000036s ]
INFO: [ app_init ] --END-- [ RunTime:0.000966s ]
ERR: 无法加载模块:T

[ 2016-07-01T23:51:56+08:00 ] ::1 /bnuzbroadcast/t/Public/img/lgm4.png
INFO: [ app_init ] --START--
INFO: Run Behavior\BuildLiteBehavior [ RunTime:0.000030s ]
INFO: [ app_init ] --END-- [ RunTime:0.000840s ]
ERR: 无法加载模块:T

[ 2016-07-01T23:51:56+08:00 ] ::1 /bnuzbroadcast/t/Public/img/lgm8.png
INFO: [ app_init ] --START--
INFO: Run Behavior\BuildLiteBehavior [ RunTime:0.000035s ]
INFO: [ app_init ] --END-- [ RunTime:0.000786s ]
ERR: 无法加载模块:T

[ 2016-07-01T23:51:56+08:00 ] ::1 /bnuzbroadcast/t/Public/img/lgm1.png
INFO: [ app_init ] --START--
INFO: Run Behavior\BuildLiteBehavior [ RunTime:0.000039s ]
INFO: [ app_init ] --END-- [ RunTime:0.001133s ]
ERR: 无法加载模块:T

[ 2016-07-01T23:51:56+08:00 ] ::1 /bnuzbroadcast/t/Public/img/lgm9.png
INFO: [ app_init ] --START--
INFO: Run Behavior\BuildLiteBehavior [ RunTime:0.000037s ]
INFO: [ app_init ] --END-- [ RunTime:0.001723s ]
ERR: 无法加载模块:T

[ 2016-07-01T23:51:56+08:00 ] ::1 /bnuzbroadcast/t/Public/img/lgm7.png
INFO: [ app_init ] --START--
INFO: Run Behavior\BuildLiteBehavior [ RunTime:0.000055s ]
INFO: [ app_init ] --END-- [ RunTime:0.001795s ]
ERR: 无法加载模块:T

[ 2016-07-01T23:51:56+08:00 ] ::1 /bnuzbroadcast/t/Public/img/lgm3.png
INFO: [ app_init ] --START--
INFO: Run Behavior\BuildLiteBehavior [ RunTime:0.000039s ]
INFO: [ app_init ] --END-- [ RunTime:0.002962s ]
ERR: 无法加载模块:T

[ 2016-07-01T23:51:56+08:00 ] ::1 /bnuzbroadcast/t/Public/img/lgm6.png
INFO: [ app_init ] --START--
INFO: Run Behavior\BuildLiteBehavior [ RunTime:0.000030s ]
INFO: [ app_init ] --END-- [ RunTime:0.001158s ]
ERR: 无法加载模块:T

[ 2016-07-01T23:51:56+08:00 ] ::1 /bnuzbroadcast/t/Public/img/lgm5.png
INFO: [ app_init ] --START--
INFO: Run Behavior\BuildLiteBehavior [ RunTime:0.000036s ]
INFO: [ app_init ] --END-- [ RunTime:0.001048s ]
ERR: 无法加载模块:T

[ 2016-07-01T23:51:56+08:00 ] ::1 /bnuzbroadcast/t/Public/img/lgm12.png
INFO: [ app_init ] --START--
INFO: Run Behavior\BuildLiteBehavior [ RunTime:0.000040s ]
INFO: [ app_init ] --END-- [ RunTime:0.002259s ]
ERR: 无法加载模块:T

[ 2016-07-01T23:51:56+08:00 ] ::1 /bnuzbroadcast/t/Public/img/lgm14.png
INFO: [ app_init ] --START--
INFO: Run Behavior\BuildLiteBehavior [ RunTime:0.000031s ]
INFO: [ app_init ] --END-- [ RunTime:0.000756s ]
ERR: 无法加载模块:T

[ 2016-07-01T23:51:56+08:00 ] ::1 /bnuzbroadcast/t/Public/img/lgm10.png
INFO: [ app_init ] --START--
INFO: Run Behavior\BuildLiteBehavior [ RunTime:0.000029s ]
INFO: [ app_init ] --END-- [ RunTime:0.000721s ]
ERR: 无法加载模块:T

[ 2016-07-01T23:51:56+08:00 ] ::1 /bnuzbroadcast/t/Public/img/lgm11.png
INFO: [ app_init ] --START--
INFO: Run Behavior\BuildLiteBehavior [ RunTime:0.000035s ]
INFO: [ app_init ] --END-- [ RunTime:0.000885s ]
ERR: 无法加载模块:T

[ 2016-07-01T23:51:56+08:00 ] ::1 /bnuzbroadcast/t/Public/img/lgm13.png
INFO: [ app_init ] --START--
INFO: Run Behavior\BuildLiteBehavior [ RunTime:0.000039s ]
INFO: [ app_init ] --END-- [ RunTime:0.000897s ]
ERR: 无法加载模块:T

[ 2016-07-01T23:51:56+08:00 ] ::1 /bnuzbroadcast/t/Public/img/lgm15.png
INFO: [ app_init ] --START--
INFO: Run Behavior\BuildLiteBehavior [ RunTime:0.000040s ]
INFO: [ app_init ] --END-- [ RunTime:0.001819s ]
ERR: 无法加载模块:T

[ 2016-07-01T23:51:56+08:00 ] ::1 /bnuzbroadcast/t/Public/img/lgm16.png
INFO: [ app_init ] --START--
INFO: Run Behavior\BuildLiteBehavior [ RunTime:0.000036s ]
INFO: [ app_init ] --END-- [ RunTime:0.000866s ]
ERR: 无法加载模块:T

[ 2016-07-01T23:51:56+08:00 ] ::1 /bnuzbroadcast/t/Uploads/2016-07-01/57768c5e8ec99.jpg
INFO: [ app_init ] --START--
INFO: Run Behavior\BuildLiteBehavior [ RunTime:0.000022s ]
INFO: [ app_init ] --END-- [ RunTime:0.000557s ]
ERR: 无法加载模块:T

[ 2016-07-01T23:52:11+08:00 ] ::1 /bnuzbroadcast/t/Public/img/lgm3.png
INFO: [ app_init ] --START--
INFO: Run Behavior\BuildLiteBehavior [ RunTime:0.000036s ]
INFO: [ app_init ] --END-- [ RunTime:0.000842s ]
ERR: 无法加载模块:T

[ 2016-07-01T23:52:11+08:00 ] ::1 /bnuzbroadcast/t/Public/img/lgm4.png
INFO: [ app_init ] --START--
INFO: Run Behavior\BuildLiteBehavior [ RunTime:0.000032s ]
INFO: [ app_init ] --END-- [ RunTime:0.001448s ]
ERR: 无法加载模块:T

[ 2016-07-01T23:52:11+08:00 ] ::1 /bnuzbroadcast/t/Public/img/lgm2.png
INFO: [ app_init ] --START--
INFO: Run Behavior\BuildLiteBehavior [ RunTime:0.000038s ]
INFO: [ app_init ] --END-- [ RunTime:0.000914s ]
ERR: 无法加载模块:T

[ 2016-07-01T23:52:11+08:00 ] ::1 /bnuzbroadcast/t/Public/img/lgm5.png
INFO: [ app_init ] --START--
INFO: Run Behavior\BuildLiteBehavior [ RunTime:0.000033s ]
INFO: [ app_init ] --END-- [ RunTime:0.001401s ]
ERR: 无法加载模块:T

[ 2016-07-01T23:52:11+08:00 ] ::1 /bnuzbroadcast/t/Public/img/lgm6.png
INFO: [ app_init ] --START--
INFO: Run Behavior\BuildLiteBehavior [ RunTime:0.000033s ]
INFO: [ app_init ] --END-- [ RunTime:0.000763s ]
ERR: 无法加载模块:T

[ 2016-07-01T23:52:11+08:00 ] ::1 /bnuzbroadcast/t/Public/img/lgm8.png
INFO: [ app_init ] --START--
INFO: Run Behavior\BuildLiteBehavior [ RunTime:0.000033s ]
INFO: [ app_init ] --END-- [ RunTime:0.000851s ]
ERR: 无法加载模块:T

[ 2016-07-01T23:52:11+08:00 ] ::1 /bnuzbroadcast/t/Public/img/lgm1.png
INFO: [ app_init ] --START--
INFO: Run Behavior\BuildLiteBehavior [ RunTime:0.000097s ]
INFO: [ app_init ] --END-- [ RunTime:0.004849s ]
ERR: 无法加载模块:T

[ 2016-07-01T23:52:11+08:00 ] ::1 /bnuzbroadcast/t/Public/img/lgm7.png
INFO: [ app_init ] --START--
INFO: Run Behavior\BuildLiteBehavior [ RunTime:0.000035s ]
INFO: [ app_init ] --END-- [ RunTime:0.000937s ]
ERR: 无法加载模块:T

[ 2016-07-01T23:52:11+08:00 ] ::1 /bnuzbroadcast/t/Public/img/lgm9.png
INFO: [ app_init ] --START--
INFO: Run Behavior\BuildLiteBehavior [ RunTime:0.000044s ]
INFO: [ app_init ] --END-- [ RunTime:0.001084s ]
ERR: 无法加载模块:T

[ 2016-07-01T23:52:11+08:00 ] ::1 /bnuzbroadcast/t/Public/img/lgm10.png
INFO: [ app_init ] --START--
INFO: Run Behavior\BuildLiteBehavior [ RunTime:0.000033s ]
INFO: [ app_init ] --END-- [ RunTime:0.000774s ]
ERR: 无法加载模块:T

[ 2016-07-01T23:52:11+08:00 ] ::1 /bnuzbroadcast/t/Public/img/lgm12.png
INFO: [ app_init ] --START--
INFO: Run Behavior\BuildLiteBehavior [ RunTime:0.000030s ]
INFO: [ app_init ] --END-- [ RunTime:0.000798s ]
ERR: 无法加载模块:T

[ 2016-07-01T23:52:11+08:00 ] ::1 /bnuzbroadcast/t/Public/img/lgm11.png
INFO: [ app_init ] --START--
INFO: Run Behavior\BuildLiteBehavior [ RunTime:0.000034s ]
INFO: [ app_init ] --END-- [ RunTime:0.000838s ]
ERR: 无法加载模块:T

[ 2016-07-01T23:52:11+08:00 ] ::1 /bnuzbroadcast/t/Public/img/lgm14.png
INFO: [ app_init ] --START--
INFO: Run Behavior\BuildLiteBehavior [ RunTime:0.000033s ]
INFO: [ app_init ] --END-- [ RunTime:0.000823s ]
ERR: 无法加载模块:T

[ 2016-07-01T23:52:11+08:00 ] ::1 /bnuzbroadcast/t/Public/img/lgm15.png
INFO: [ app_init ] --START--
INFO: Run Behavior\BuildLiteBehavior [ RunTime:0.000034s ]
INFO: [ app_init ] --END-- [ RunTime:0.000942s ]
ERR: 无法加载模块:T

[ 2016-07-01T23:52:11+08:00 ] ::1 /bnuzbroadcast/t/Uploads/2016-07-01/57768c5e8ec99.jpg
INFO: [ app_init ] --START--
INFO: Run Behavior\BuildLiteBehavior [ RunTime:0.000038s ]
INFO: [ app_init ] --END-- [ RunTime:0.001012s ]
ERR: 无法加载模块:T

[ 2016-07-01T23:52:11+08:00 ] ::1 /bnuzbroadcast/t/Public/img/lgm13.png
INFO: [ app_init ] --START--
INFO: Run Behavior\BuildLiteBehavior [ RunTime:0.000031s ]
INFO: [ app_init ] --END-- [ RunTime:0.000809s ]
ERR: 无法加载模块:T

[ 2016-07-01T23:52:11+08:00 ] ::1 /bnuzbroadcast/t/Public/img/lgm16.png
INFO: [ app_init ] --START--
INFO: Run Behavior\BuildLiteBehavior [ RunTime:0.000021s ]
INFO: [ app_init ] --END-- [ RunTime:0.000560s ]
ERR: 无法加载模块:T

[ 2016-07-01T23:52:58+08:00 ] ::1 /bnuzbroadcast/t/Public/img/lgm1.png
INFO: [ app_init ] --START--
INFO: Run Behavior\BuildLiteBehavior [ RunTime:0.000031s ]
INFO: [ app_init ] --END-- [ RunTime:0.000749s ]
ERR: 无法加载模块:T

[ 2016-07-01T23:52:58+08:00 ] ::1 /bnuzbroadcast/t/Public/img/lgm2.png
INFO: [ app_init ] --START--
INFO: Run Behavior\BuildLiteBehavior [ RunTime:0.000031s ]
INFO: [ app_init ] --END-- [ RunTime:0.000791s ]
ERR: 无法加载模块:T

[ 2016-07-01T23:52:58+08:00 ] ::1 /bnuzbroadcast/t/Public/img/lgm4.png
INFO: [ app_init ] --START--
INFO: Run Behavior\BuildLiteBehavior [ RunTime:0.000039s ]
INFO: [ app_init ] --END-- [ RunTime:0.000808s ]
ERR: 无法加载模块:T

[ 2016-07-01T23:52:58+08:00 ] ::1 /bnuzbroadcast/t/Public/img/lgm3.png
INFO: [ app_init ] --START--
INFO: Run Behavior\BuildLiteBehavior [ RunTime:0.000038s ]
INFO: [ app_init ] --END-- [ RunTime:0.000820s ]
ERR: 无法加载模块:T

[ 2016-07-01T23:52:58+08:00 ] ::1 /bnuzbroadcast/t/Public/img/lgm6.png
INFO: [ app_init ] --START--
INFO: Run Behavior\BuildLiteBehavior [ RunTime:0.000041s ]
INFO: [ app_init ] --END-- [ RunTime:0.001271s ]
ERR: 无法加载模块:T

[ 2016-07-01T23:52:58+08:00 ] ::1 /bnuzbroadcast/t/Public/img/lgm7.png
INFO: [ app_init ] --START--
INFO: Run Behavior\BuildLiteBehavior [ RunTime:0.000041s ]
INFO: [ app_init ] --END-- [ RunTime:0.012251s ]
ERR: 无法加载模块:T

[ 2016-07-01T23:52:58+08:00 ] ::1 /bnuzbroadcast/t/Public/img/lgm5.png
INFO: [ app_init ] --START--
INFO: Run Behavior\BuildLiteBehavior [ RunTime:0.000040s ]
INFO: [ app_init ] --END-- [ RunTime:0.001007s ]
ERR: 无法加载模块:T

[ 2016-07-01T23:52:58+08:00 ] ::1 /bnuzbroadcast/t/Public/img/lgm10.png
INFO: [ app_init ] --START--
INFO: Run Behavior\BuildLiteBehavior [ RunTime:0.000054s ]
INFO: [ app_init ] --END-- [ RunTime:0.001649s ]
ERR: 无法加载模块:T

[ 2016-07-01T23:52:58+08:00 ] ::1 /bnuzbroadcast/t/Public/img/lgm11.png
INFO: [ app_init ] --START--
INFO: Run Behavior\BuildLiteBehavior [ RunTime:0.000034s ]
INFO: [ app_init ] --END-- [ RunTime:0.000816s ]
ERR: 无法加载模块:T

[ 2016-07-01T23:52:58+08:00 ] ::1 /bnuzbroadcast/t/Public/img/lgm8.png
INFO: [ app_init ] --START--
INFO: Run Behavior\BuildLiteBehavior [ RunTime:0.000087s ]
INFO: [ app_init ] --END-- [ RunTime:0.000957s ]
ERR: 无法加载模块:T

[ 2016-07-01T23:52:58+08:00 ] ::1 /bnuzbroadcast/t/Public/img/lgm12.png
INFO: [ app_init ] --START--
INFO: Run Behavior\BuildLiteBehavior [ RunTime:0.000034s ]
INFO: [ app_init ] --END-- [ RunTime:0.000816s ]
ERR: 无法加载模块:T

[ 2016-07-01T23:52:58+08:00 ] ::1 /bnuzbroadcast/t/Public/img/lgm15.png
INFO: [ app_init ] --START--
INFO: Run Behavior\BuildLiteBehavior [ RunTime:0.000071s ]
INFO: [ app_init ] --END-- [ RunTime:0.000972s ]
ERR: 无法加载模块:T

[ 2016-07-01T23:52:58+08:00 ] ::1 /bnuzbroadcast/t/Public/img/lgm9.png
INFO: [ app_init ] --START--
INFO: Run Behavior\BuildLiteBehavior [ RunTime:0.000063s ]
INFO: [ app_init ] --END-- [ RunTime:0.000938s ]
ERR: 无法加载模块:T

[ 2016-07-01T23:52:58+08:00 ] ::1 /bnuzbroadcast/t/Public/img/lgm16.png
INFO: [ app_init ] --START--
INFO: Run Behavior\BuildLiteBehavior [ RunTime:0.000040s ]
INFO: [ app_init ] --END-- [ RunTime:0.000812s ]
ERR: 无法加载模块:T

[ 2016-07-01T23:52:58+08:00 ] ::1 /bnuzbroadcast/t/Public/img/lgm14.png
INFO: [ app_init ] --START--
INFO: Run Behavior\BuildLiteBehavior [ RunTime:0.000029s ]
INFO: [ app_init ] --END-- [ RunTime:0.000752s ]
ERR: 无法加载模块:T

[ 2016-07-01T23:52:58+08:00 ] ::1 /bnuzbroadcast/t/Public/img/lgm13.png
INFO: [ app_init ] --START--
INFO: Run Behavior\BuildLiteBehavior [ RunTime:0.000036s ]
INFO: [ app_init ] --END-- [ RunTime:0.001662s ]
ERR: 无法加载模块:T

[ 2016-07-01T23:52:58+08:00 ] ::1 /bnuzbroadcast/t/Uploads/2016-07-01/57768c5e8ec99.jpg
INFO: [ app_init ] --START--
INFO: Run Behavior\BuildLiteBehavior [ RunTime:0.000025s ]
INFO: [ app_init ] --END-- [ RunTime:0.000748s ]
ERR: 无法加载模块:T

