[ 2016-06-23T17:13:40+08:00 ] ::1 /bnuzbroadcast/Admin/Index/
INFO: [ app_init ] --START--
INFO: Run Behavior\BuildLiteBehavior [ RunTime:0.000020s ]
INFO: [ app_init ] --END-- [ RunTime:0.000643s ]
INFO: [ app_begin ] --START--
INFO: Run Behavior\ReadHtmlCacheBehavior [ RunTime:0.000890s ]
INFO: [ app_begin ] --END-- [ RunTime:0.001001s ]
SQL: SHOW COLUMNS FROM `t_user` [ RunTime:0.0071s ]
SQL: SELECT * FROM `t_user`  [ RunTime:0.0004s ]
INFO: [ view_parse ] --START--
INFO: [ template_filter ] --START--
INFO: Run Behavior\ContentReplaceBehavior [ RunTime:0.000066s ]
INFO: [ template_filter ] --END-- [ RunTime:0.000152s ]
INFO: Run Behavior\ParseTemplateBehavior [ RunTime:0.010488s ]
INFO: [ view_parse ] --END-- [ RunTime:0.010579s ]
INFO: [ view_filter ] --START--
INFO: Run Behavior\WriteHtmlCacheBehavior [ RunTime:0.000664s ]
INFO: [ view_filter ] --END-- [ RunTime:0.000740s ]
INFO: [ app_end ] --START--
INFO: Run Behavior\ShowPageTraceBehavior [ RunTime:0.000983s ]
INFO: [ app_end ] --END-- [ RunTime:0.001081s ]

[ 2016-06-23T17:13:44+08:00 ] ::1 /bnuzbroadcast/index.php/Admin/Join/index.html
INFO: [ app_init ] --START--
INFO: Run Behavior\BuildLiteBehavior [ RunTime:0.000021s ]
INFO: [ app_init ] --END-- [ RunTime:0.000588s ]
INFO: [ app_begin ] --START--
INFO: Run Behavior\ReadHtmlCacheBehavior [ RunTime:0.000822s ]
INFO: [ app_begin ] --END-- [ RunTime:0.000908s ]
SQL: SHOW COLUMNS FROM `t_hcomment` [ RunTime:0.0075s ]
ERR: Think\Model:relation方法不存在！

[ 2016-06-23T17:15:01+08:00 ] ::1 /bnuzbroadcast/index.php/Admin/Join/index.html
INFO: [ app_init ] --START--
INFO: Run Behavior\BuildLiteBehavior [ RunTime:0.000024s ]
INFO: [ app_init ] --END-- [ RunTime:0.000626s ]
INFO: [ app_begin ] --START--
INFO: Run Behavior\ReadHtmlCacheBehavior [ RunTime:0.000985s ]
INFO: [ app_begin ] --END-- [ RunTime:0.001147s ]
SQL: SHOW COLUMNS FROM `t_hcomment` [ RunTime:0.0057s ]
ERR: Think\Model:relation方法不存在！

[ 2016-06-23T17:15:05+08:00 ] ::1 /bnuzbroadcast/index.php/Admin/Join/index.html
INFO: [ app_init ] --START--
INFO: Run Behavior\BuildLiteBehavior [ RunTime:0.000019s ]
INFO: [ app_init ] --END-- [ RunTime:0.000517s ]
INFO: [ app_begin ] --START--
INFO: Run Behavior\ReadHtmlCacheBehavior [ RunTime:0.000676s ]
INFO: [ app_begin ] --END-- [ RunTime:0.000745s ]
SQL: SHOW COLUMNS FROM `t_hcomment` [ RunTime:0.0048s ]
ERR: Think\Model:relation方法不存在！

[ 2016-06-23T17:16:07+08:00 ] ::1 /bnuzbroadcast/index.php/Admin/Join/index.html
INFO: [ app_init ] --START--
INFO: Run Behavior\BuildLiteBehavior [ RunTime:0.000036s ]
INFO: [ app_init ] --END-- [ RunTime:0.000884s ]
INFO: [ app_begin ] --START--
INFO: Run Behavior\ReadHtmlCacheBehavior [ RunTime:0.001378s ]
INFO: [ app_begin ] --END-- [ RunTime:0.001514s ]
SQL: SHOW COLUMNS FROM `t_hcomment` [ RunTime:0.0048s ]
ERR: Think\Model:relation方法不存在！

[ 2016-06-23T17:16:09+08:00 ] ::1 /bnuzbroadcast/index.php/Admin/Join/index.html
INFO: [ app_init ] --START--
INFO: Run Behavior\BuildLiteBehavior [ RunTime:0.000021s ]
INFO: [ app_init ] --END-- [ RunTime:0.000607s ]
INFO: [ app_begin ] --START--
INFO: Run Behavior\ReadHtmlCacheBehavior [ RunTime:0.000704s ]
INFO: [ app_begin ] --END-- [ RunTime:0.000772s ]
SQL: SHOW COLUMNS FROM `t_hcomment` [ RunTime:0.0052s ]
ERR: Think\Model:relation方法不存在！

[ 2016-06-23T17:18:20+08:00 ] ::1 /bnuzbroadcast/index.php/Admin/Join/index.html
INFO: [ app_init ] --START--
INFO: Run Behavior\BuildLiteBehavior [ RunTime:0.000020s ]
INFO: [ app_init ] --END-- [ RunTime:0.000585s ]
INFO: [ app_begin ] --START--
INFO: Run Behavior\ReadHtmlCacheBehavior [ RunTime:0.000893s ]
INFO: [ app_begin ] --END-- [ RunTime:0.000981s ]
SQL: SHOW COLUMNS FROM `t_hcomment` [ RunTime:0.0051s ]
ERR: Think\Model:relation方法不存在！

[ 2016-06-23T17:18:23+08:00 ] ::1 /bnuzbroadcast/index.php/Admin/Join/index.html
INFO: [ app_init ] --START--
INFO: Run Behavior\BuildLiteBehavior [ RunTime:0.000022s ]
INFO: [ app_init ] --END-- [ RunTime:0.000618s ]
INFO: [ app_begin ] --START--
INFO: Run Behavior\ReadHtmlCacheBehavior [ RunTime:0.000765s ]
INFO: [ app_begin ] --END-- [ RunTime:0.000854s ]
SQL: SHOW COLUMNS FROM `t_hcomment` [ RunTime:0.0048s ]
ERR: Think\Model:relation方法不存在！

[ 2016-06-23T17:18:44+08:00 ] ::1 /bnuzbroadcast/index.php/Admin/Join/index.html
INFO: [ app_init ] --START--
INFO: Run Behavior\BuildLiteBehavior [ RunTime:0.000022s ]
INFO: [ app_init ] --END-- [ RunTime:0.000572s ]
INFO: [ app_begin ] --START--
INFO: Run Behavior\ReadHtmlCacheBehavior [ RunTime:0.000746s ]
INFO: [ app_begin ] --END-- [ RunTime:0.000824s ]
SQL: SHOW COLUMNS FROM `t_hcomment` [ RunTime:0.0044s ]
ERR: Think\Model:relation方法不存在！

[ 2016-06-23T17:18:49+08:00 ] ::1 /bnuzbroadcast/Admin/Index/
INFO: [ app_init ] --START--
INFO: Run Behavior\BuildLiteBehavior [ RunTime:0.000021s ]
INFO: [ app_init ] --END-- [ RunTime:0.000633s ]
INFO: [ app_begin ] --START--
INFO: Run Behavior\ReadHtmlCacheBehavior [ RunTime:0.000807s ]
INFO: [ app_begin ] --END-- [ RunTime:0.000904s ]
SQL: SHOW COLUMNS FROM `t_user` [ RunTime:0.0048s ]
SQL: SELECT * FROM `t_user`  [ RunTime:0.0004s ]
INFO: [ view_parse ] --START--
INFO: [ template_filter ] --START--
INFO: Run Behavior\ContentReplaceBehavior [ RunTime:0.000081s ]
INFO: [ template_filter ] --END-- [ RunTime:0.000193s ]
INFO: Run Behavior\ParseTemplateBehavior [ RunTime:0.009440s ]
INFO: [ view_parse ] --END-- [ RunTime:0.009518s ]
INFO: [ view_filter ] --START--
INFO: Run Behavior\WriteHtmlCacheBehavior [ RunTime:0.000582s ]
INFO: [ view_filter ] --END-- [ RunTime:0.000642s ]
INFO: [ app_end ] --START--
INFO: Run Behavior\ShowPageTraceBehavior [ RunTime:0.000768s ]
INFO: [ app_end ] --END-- [ RunTime:0.000832s ]

[ 2016-06-23T17:18:51+08:00 ] ::1 /bnuzbroadcast/index.php/Admin/Join/index.html
INFO: [ app_init ] --START--
INFO: Run Behavior\BuildLiteBehavior [ RunTime:0.000020s ]
INFO: [ app_init ] --END-- [ RunTime:0.000606s ]
INFO: [ app_begin ] --START--
INFO: Run Behavior\ReadHtmlCacheBehavior [ RunTime:0.001065s ]
INFO: [ app_begin ] --END-- [ RunTime:0.001153s ]
SQL: SHOW COLUMNS FROM `t_hcomment` [ RunTime:0.0045s ]
ERR: Think\Model:relation方法不存在！

[ 2016-06-23T17:19:50+08:00 ] ::1 /bnuzbroadcast/index.php/Admin/Join/index.html
INFO: [ app_init ] --START--
INFO: Run Behavior\BuildLiteBehavior [ RunTime:0.000021s ]
INFO: [ app_init ] --END-- [ RunTime:0.000557s ]
INFO: [ app_begin ] --START--
INFO: Run Behavior\ReadHtmlCacheBehavior [ RunTime:0.000946s ]
INFO: [ app_begin ] --END-- [ RunTime:0.001045s ]
SQL: SHOW COLUMNS FROM `t_hcomment` [ RunTime:0.0050s ]
ERR: Think\Model:relation方法不存在！

[ 2016-06-23T17:25:19+08:00 ] ::1 /bnuzbroadcast/index.php/Admin/Join/index.html
INFO: [ app_init ] --START--
INFO: Run Behavior\BuildLiteBehavior [ RunTime:0.000021s ]
INFO: [ app_init ] --END-- [ RunTime:0.000690s ]
INFO: [ app_begin ] --START--
INFO: Run Behavior\ReadHtmlCacheBehavior [ RunTime:0.000811s ]
INFO: [ app_begin ] --END-- [ RunTime:0.000889s ]
SQL: SHOW COLUMNS FROM `t_hcomment` [ RunTime:0.0047s ]
ERR: Think\Model:relation方法不存在！

[ 2016-06-23T17:25:23+08:00 ] ::1 /bnuzbroadcast/index.php/Admin/Join/index.html
INFO: [ app_init ] --START--
INFO: Run Behavior\BuildLiteBehavior [ RunTime:0.000021s ]
INFO: [ app_init ] --END-- [ RunTime:0.000567s ]
INFO: [ app_begin ] --START--
INFO: Run Behavior\ReadHtmlCacheBehavior [ RunTime:0.000723s ]
INFO: [ app_begin ] --END-- [ RunTime:0.000799s ]
SQL: SHOW COLUMNS FROM `t_hcomment` [ RunTime:0.0059s ]
ERR: Think\Model:relation方法不存在！

[ 2016-06-23T17:25:45+08:00 ] ::1 /bnuzbroadcast/index.php/Admin/Join/index.html
INFO: [ app_init ] --START--
INFO: Run Behavior\BuildLiteBehavior [ RunTime:0.000036s ]
INFO: [ app_init ] --END-- [ RunTime:0.000678s ]
INFO: [ app_begin ] --START--
INFO: Run Behavior\ReadHtmlCacheBehavior [ RunTime:0.000736s ]
INFO: [ app_begin ] --END-- [ RunTime:0.000822s ]
SQL: SHOW COLUMNS FROM `t_hcomment` [ RunTime:0.0052s ]
ERR: Think\Model:relation方法不存在！

[ 2016-06-23T17:26:29+08:00 ] ::1 /bnuzbroadcast/index.php/Admin/Join/index.html
INFO: [ app_init ] --START--
INFO: Run Behavior\BuildLiteBehavior [ RunTime:0.000021s ]
INFO: [ app_init ] --END-- [ RunTime:0.000578s ]
INFO: [ app_begin ] --START--
INFO: Run Behavior\ReadHtmlCacheBehavior [ RunTime:0.000797s ]
INFO: [ app_begin ] --END-- [ RunTime:0.000880s ]
SQL: SHOW COLUMNS FROM `t_hcomment` [ RunTime:0.0051s ]
ERR: Think\Model:relation方法不存在！

[ 2016-06-23T17:30:11+08:00 ] ::1 /bnuzbroadcast/index.php/Admin/Join/index.html
INFO: [ app_init ] --START--
INFO: Run Behavior\BuildLiteBehavior [ RunTime:0.000020s ]
INFO: [ app_init ] --END-- [ RunTime:0.000611s ]
INFO: [ app_begin ] --START--
INFO: Run Behavior\ReadHtmlCacheBehavior [ RunTime:0.001083s ]
INFO: [ app_begin ] --END-- [ RunTime:0.001238s ]
NOTIC: [8] Use of undefined constant HAS_MANY - assumed 'HAS_MANY' E:\php\WWW\bnuzbroadcast\ThinkPHP\Common\functions.php 第 596 行.
ERR: 1146:Table 't_bnuzbroadcast.t_hcommentlink' doesn't exist
 [ SQL语句 ] : SHOW COLUMNS FROM `t_hcommentlink`
ERR: 1146:Table 't_bnuzbroadcast.t_hcommentlink' doesn't exist
 [ SQL语句 ] : SHOW COLUMNS FROM `t_hcommentlink`

[ 2016-06-23T17:35:45+08:00 ] ::1 /bnuzbroadcast/index.php/Admin/Join/index.html
INFO: [ app_init ] --START--
INFO: Run Behavior\BuildLiteBehavior [ RunTime:0.000024s ]
INFO: [ app_init ] --END-- [ RunTime:0.000625s ]
INFO: [ app_begin ] --START--
INFO: Run Behavior\ReadHtmlCacheBehavior [ RunTime:0.001166s ]
INFO: [ app_begin ] --END-- [ RunTime:0.001326s ]
NOTIC: [8] Use of undefined constant HAS_MANY - assumed 'HAS_MANY' E:\php\WWW\bnuzbroadcast\ThinkPHP\Common\functions.php 第 596 行.
ERR: 1146:Table 't_bnuzbroadcast.t_hcommentlink' doesn't exist
 [ SQL语句 ] : SHOW COLUMNS FROM `t_hcommentlink`
ERR: 1146:Table 't_bnuzbroadcast.t_hcommentlink' doesn't exist
 [ SQL语句 ] : SHOW COLUMNS FROM `t_hcommentlink`

[ 2016-06-23T17:40:47+08:00 ] ::1 /bnuzbroadcast/index.php/Admin/Join/index.html
INFO: [ app_init ] --START--
INFO: Run Behavior\BuildLiteBehavior [ RunTime:0.000045s ]
INFO: [ app_init ] --END-- [ RunTime:0.001024s ]
INFO: [ app_begin ] --START--
INFO: Run Behavior\ReadHtmlCacheBehavior [ RunTime:0.000816s ]
INFO: [ app_begin ] --END-- [ RunTime:0.000900s ]
NOTIC: [8] Use of undefined constant HAS_MANY - assumed 'HAS_MANY' E:\php\WWW\bnuzbroadcast\ThinkPHP\Common\functions.php 第 596 行.
SQL: SHOW COLUMNS FROM `t_host` [ RunTime:0.0054s ]
SQL: SELECT * FROM `t_host`  [ RunTime:0.0005s ]
SQL: SHOW COLUMNS FROM `t_hcomment` [ RunTime:0.0052s ]
NOTIC: [8] Undefined variable: relationData E:\php\WWW\bnuzbroadcast\ThinkPHP\Library\Think\Model\RelationModel.class.php 第 227 行.
NOTIC: [8] Undefined variable: relationData E:\php\WWW\bnuzbroadcast\ThinkPHP\Library\Think\Model\RelationModel.class.php 第 227 行.
NOTIC: [8] Undefined variable: relationData E:\php\WWW\bnuzbroadcast\ThinkPHP\Library\Think\Model\RelationModel.class.php 第 227 行.
NOTIC: [8] Undefined variable: relationData E:\php\WWW\bnuzbroadcast\ThinkPHP\Library\Think\Model\RelationModel.class.php 第 227 行.
NOTIC: [8] Undefined variable: relationData E:\php\WWW\bnuzbroadcast\ThinkPHP\Library\Think\Model\RelationModel.class.php 第 227 行.
NOTIC: [8] Undefined variable: relationData E:\php\WWW\bnuzbroadcast\ThinkPHP\Library\Think\Model\RelationModel.class.php 第 227 行.
NOTIC: [8] Undefined variable: relationData E:\php\WWW\bnuzbroadcast\ThinkPHP\Library\Think\Model\RelationModel.class.php 第 227 行.
NOTIC: [8] Undefined variable: relationData E:\php\WWW\bnuzbroadcast\ThinkPHP\Library\Think\Model\RelationModel.class.php 第 227 行.
NOTIC: [8] Undefined variable: relationData E:\php\WWW\bnuzbroadcast\ThinkPHP\Library\Think\Model\RelationModel.class.php 第 227 行.
NOTIC: [8] Undefined variable: relationData E:\php\WWW\bnuzbroadcast\ThinkPHP\Library\Think\Model\RelationModel.class.php 第 227 行.
NOTIC: [8] Undefined variable: relationData E:\php\WWW\bnuzbroadcast\ThinkPHP\Library\Think\Model\RelationModel.class.php 第 227 行.
NOTIC: [8] Undefined variable: relationData E:\php\WWW\bnuzbroadcast\ThinkPHP\Library\Think\Model\RelationModel.class.php 第 227 行.
NOTIC: [8] Undefined variable: relationData E:\php\WWW\bnuzbroadcast\ThinkPHP\Library\Think\Model\RelationModel.class.php 第 227 行.
NOTIC: [8] Undefined variable: relationData E:\php\WWW\bnuzbroadcast\ThinkPHP\Library\Think\Model\RelationModel.class.php 第 227 行.
NOTIC: [8] Undefined variable: relationData E:\php\WWW\bnuzbroadcast\ThinkPHP\Library\Think\Model\RelationModel.class.php 第 227 行.
NOTIC: [8] Undefined variable: relationData E:\php\WWW\bnuzbroadcast\ThinkPHP\Library\Think\Model\RelationModel.class.php 第 227 行.
INFO: [ view_parse ] --START--
INFO: [ template_filter ] --START--
INFO: Run Behavior\ContentReplaceBehavior [ RunTime:0.000066s ]
INFO: [ template_filter ] --END-- [ RunTime:0.000171s ]
INFO: Run Behavior\ParseTemplateBehavior [ RunTime:0.017952s ]
INFO: [ view_parse ] --END-- [ RunTime:0.018050s ]
INFO: [ view_filter ] --START--
INFO: Run Behavior\WriteHtmlCacheBehavior [ RunTime:0.000613s ]
INFO: [ view_filter ] --END-- [ RunTime:0.000680s ]
NOTIC: [2] Cannot modify header information - headers already sent by (output started at E:\php\WWW\bnuzbroadcast\ThinkPHP\Common\functions.php:850) E:\php\WWW\bnuzbroadcast\ThinkPHP\Library\Think\View.class.php 第 91 行.
NOTIC: [2] Cannot modify header information - headers already sent by (output started at E:\php\WWW\bnuzbroadcast\ThinkPHP\Common\functions.php:850) E:\php\WWW\bnuzbroadcast\ThinkPHP\Library\Think\View.class.php 第 92 行.
NOTIC: [2] Cannot modify header information - headers already sent by (output started at E:\php\WWW\bnuzbroadcast\ThinkPHP\Common\functions.php:850) E:\php\WWW\bnuzbroadcast\ThinkPHP\Library\Think\View.class.php 第 93 行.
INFO: [ app_end ] --START--
INFO: Run Behavior\ShowPageTraceBehavior [ RunTime:0.000871s ]
INFO: [ app_end ] --END-- [ RunTime:0.000937s ]

[ 2016-06-23T17:53:40+08:00 ] ::1 /bnuzbroadcast/index.php/Admin/Join/index.html
INFO: [ app_init ] --START--
INFO: Run Behavior\BuildLiteBehavior [ RunTime:0.000022s ]
INFO: [ app_init ] --END-- [ RunTime:0.000654s ]
INFO: [ app_begin ] --START--
INFO: Run Behavior\ReadHtmlCacheBehavior [ RunTime:0.000996s ]
INFO: [ app_begin ] --END-- [ RunTime:0.001076s ]
ERR: 1146:Table 't_bnuzbroadcast.t_hosti' doesn't exist
 [ SQL语句 ] : SHOW COLUMNS FROM `t_hosti`
ERR: 1146:Table 't_bnuzbroadcast.t_hosti' doesn't exist
 [ SQL语句 ] : SHOW COLUMNS FROM `t_hosti`

[ 2016-06-23T17:54:41+08:00 ] ::1 /bnuzbroadcast/index.php/Admin/Join/index.html
INFO: [ app_init ] --START--
INFO: Run Behavior\BuildLiteBehavior [ RunTime:0.000021s ]
INFO: [ app_init ] --END-- [ RunTime:0.000546s ]
INFO: [ app_begin ] --START--
INFO: Run Behavior\ReadHtmlCacheBehavior [ RunTime:0.000926s ]
INFO: [ app_begin ] --END-- [ RunTime:0.001003s ]
NOTIC: [8] Use of undefined constant HAS_MANY - assumed 'HAS_MANY' E:\php\WWW\bnuzbroadcast\ThinkPHP\Common\functions.php 第 596 行.
SQL: SHOW COLUMNS FROM `t_host` [ RunTime:0.0050s ]
SQL: SELECT * FROM `t_host`  [ RunTime:0.0006s ]
SQL: SHOW COLUMNS FROM `t_hcomment` [ RunTime:0.0044s ]
NOTIC: [8] Undefined variable: relationData E:\php\WWW\bnuzbroadcast\ThinkPHP\Library\Think\Model\RelationModel.class.php 第 227 行.
NOTIC: [8] Undefined variable: relationData E:\php\WWW\bnuzbroadcast\ThinkPHP\Library\Think\Model\RelationModel.class.php 第 227 行.
NOTIC: [8] Undefined variable: relationData E:\php\WWW\bnuzbroadcast\ThinkPHP\Library\Think\Model\RelationModel.class.php 第 227 行.
NOTIC: [8] Undefined variable: relationData E:\php\WWW\bnuzbroadcast\ThinkPHP\Library\Think\Model\RelationModel.class.php 第 227 行.
NOTIC: [8] Undefined variable: relationData E:\php\WWW\bnuzbroadcast\ThinkPHP\Library\Think\Model\RelationModel.class.php 第 227 行.
NOTIC: [8] Undefined variable: relationData E:\php\WWW\bnuzbroadcast\ThinkPHP\Library\Think\Model\RelationModel.class.php 第 227 行.
NOTIC: [8] Undefined variable: relationData E:\php\WWW\bnuzbroadcast\ThinkPHP\Library\Think\Model\RelationModel.class.php 第 227 行.
NOTIC: [8] Undefined variable: relationData E:\php\WWW\bnuzbroadcast\ThinkPHP\Library\Think\Model\RelationModel.class.php 第 227 行.
NOTIC: [8] Undefined variable: relationData E:\php\WWW\bnuzbroadcast\ThinkPHP\Library\Think\Model\RelationModel.class.php 第 227 行.
NOTIC: [8] Undefined variable: relationData E:\php\WWW\bnuzbroadcast\ThinkPHP\Library\Think\Model\RelationModel.class.php 第 227 行.
NOTIC: [8] Undefined variable: relationData E:\php\WWW\bnuzbroadcast\ThinkPHP\Library\Think\Model\RelationModel.class.php 第 227 行.
NOTIC: [8] Undefined variable: relationData E:\php\WWW\bnuzbroadcast\ThinkPHP\Library\Think\Model\RelationModel.class.php 第 227 行.
NOTIC: [8] Undefined variable: relationData E:\php\WWW\bnuzbroadcast\ThinkPHP\Library\Think\Model\RelationModel.class.php 第 227 行.
NOTIC: [8] Undefined variable: relationData E:\php\WWW\bnuzbroadcast\ThinkPHP\Library\Think\Model\RelationModel.class.php 第 227 行.
NOTIC: [8] Undefined variable: relationData E:\php\WWW\bnuzbroadcast\ThinkPHP\Library\Think\Model\RelationModel.class.php 第 227 行.
NOTIC: [8] Undefined variable: relationData E:\php\WWW\bnuzbroadcast\ThinkPHP\Library\Think\Model\RelationModel.class.php 第 227 行.
INFO: [ view_parse ] --START--
INFO: [ template_filter ] --START--
INFO: Run Behavior\ContentReplaceBehavior [ RunTime:0.000061s ]
INFO: [ template_filter ] --END-- [ RunTime:0.000173s ]
INFO: Run Behavior\ParseTemplateBehavior [ RunTime:0.009119s ]
INFO: [ view_parse ] --END-- [ RunTime:0.009234s ]
INFO: [ view_filter ] --START--
INFO: Run Behavior\WriteHtmlCacheBehavior [ RunTime:0.000792s ]
INFO: [ view_filter ] --END-- [ RunTime:0.000878s ]
NOTIC: [2] Cannot modify header information - headers already sent by (output started at E:\php\WWW\bnuzbroadcast\ThinkPHP\Common\functions.php:850) E:\php\WWW\bnuzbroadcast\ThinkPHP\Library\Think\View.class.php 第 91 行.
NOTIC: [2] Cannot modify header information - headers already sent by (output started at E:\php\WWW\bnuzbroadcast\ThinkPHP\Common\functions.php:850) E:\php\WWW\bnuzbroadcast\ThinkPHP\Library\Think\View.class.php 第 92 行.
NOTIC: [2] Cannot modify header information - headers already sent by (output started at E:\php\WWW\bnuzbroadcast\ThinkPHP\Common\functions.php:850) E:\php\WWW\bnuzbroadcast\ThinkPHP\Library\Think\View.class.php 第 93 行.
INFO: [ app_end ] --START--
INFO: Run Behavior\ShowPageTraceBehavior [ RunTime:0.001009s ]
INFO: [ app_end ] --END-- [ RunTime:0.001081s ]

