[ 2016-06-16T11:36:23+08:00 ] ::1 /bnuzbroadcast/Admin/
INFO: [ app_init ] --START--
INFO: Run Behavior\BuildLiteBehavior [ RunTime:0.000048s ]
INFO: [ app_init ] --END-- [ RunTime:0.001117s ]
INFO: [ app_begin ] --START--
INFO: Run Behavior\ReadHtmlCacheBehavior [ RunTime:0.001230s ]
INFO: [ app_begin ] --END-- [ RunTime:0.001456s ]
SQL: SHOW COLUMNS FROM `t_user` [ RunTime:0.0050s ]
SQL: SELECT * FROM `t_user`  [ RunTime:0.0005s ]
INFO: [ view_parse ] --START--
INFO: [ template_filter ] --START--
INFO: Run Behavior\ContentReplaceBehavior [ RunTime:0.000524s ]
INFO: [ template_filter ] --END-- [ RunTime:0.000755s ]
INFO: Run Behavior\ParseTemplateBehavior [ RunTime:0.024912s ]
INFO: [ view_parse ] --END-- [ RunTime:0.025130s ]
INFO: [ view_filter ] --START--
INFO: Run Behavior\WriteHtmlCacheBehavior [ RunTime:0.000899s ]
INFO: [ view_filter ] --END-- [ RunTime:0.001097s ]
INFO: [ app_end ] --START--
INFO: Run Behavior\ShowPageTraceBehavior [ RunTime:0.001345s ]
INFO: [ app_end ] --END-- [ RunTime:0.001563s ]

[ 2016-06-16T13:24:46+08:00 ] ::1 /bnuzbroadcast/Admin/
INFO: [ app_init ] --START--
INFO: Run Behavior\BuildLiteBehavior [ RunTime:0.000049s ]
INFO: [ app_init ] --END-- [ RunTime:0.000784s ]
INFO: [ app_begin ] --START--
INFO: Run Behavior\ReadHtmlCacheBehavior [ RunTime:0.000992s ]
INFO: [ app_begin ] --END-- [ RunTime:0.001223s ]
SQL: SHOW COLUMNS FROM `t_user` [ RunTime:0.0039s ]
SQL: SELECT * FROM `t_user`  [ RunTime:0.0004s ]
INFO: [ view_parse ] --START--
INFO: [ template_filter ] --START--
INFO: Run Behavior\ContentReplaceBehavior [ RunTime:0.000239s ]
INFO: [ template_filter ] --END-- [ RunTime:0.000465s ]
INFO: Run Behavior\ParseTemplateBehavior [ RunTime:0.018220s ]
INFO: [ view_parse ] --END-- [ RunTime:0.018442s ]
INFO: [ view_filter ] --START--
INFO: Run Behavior\WriteHtmlCacheBehavior [ RunTime:0.000652s ]
INFO: [ view_filter ] --END-- [ RunTime:0.000848s ]
INFO: [ app_end ] --START--
INFO: Run Behavior\ShowPageTraceBehavior [ RunTime:0.001033s ]
INFO: [ app_end ] --END-- [ RunTime:0.001269s ]

[ 2016-06-16T13:44:22+08:00 ] ::1 /bnuzbroadcast/Admin/
INFO: [ app_init ] --START--
INFO: Run Behavior\BuildLiteBehavior [ RunTime:0.000044s ]
INFO: [ app_init ] --END-- [ RunTime:0.000679s ]
INFO: [ app_begin ] --START--
INFO: Run Behavior\ReadHtmlCacheBehavior [ RunTime:0.000809s ]
INFO: [ app_begin ] --END-- [ RunTime:0.001017s ]
SQL: SHOW COLUMNS FROM `t_user` [ RunTime:0.0035s ]
SQL: SELECT * FROM `t_user`  [ RunTime:0.0004s ]
INFO: [ view_parse ] --START--
INFO: [ template_filter ] --START--
INFO: Run Behavior\ContentReplaceBehavior [ RunTime:0.000204s ]
INFO: [ template_filter ] --END-- [ RunTime:0.000438s ]
INFO: Run Behavior\ParseTemplateBehavior [ RunTime:0.015577s ]
INFO: [ view_parse ] --END-- [ RunTime:0.015797s ]
INFO: [ view_filter ] --START--
INFO: Run Behavior\WriteHtmlCacheBehavior [ RunTime:0.000502s ]
INFO: [ view_filter ] --END-- [ RunTime:0.000703s ]
INFO: [ app_end ] --START--
INFO: Run Behavior\ShowPageTraceBehavior [ RunTime:0.000769s ]
INFO: [ app_end ] --END-- [ RunTime:0.001000s ]

